{"/home/user/bluebonnet/controllers/accountController.js": {"path":"/home/user/bluebonnet/controllers/accountController.js","statementMap":{"0":{"start":{"line":1,"column":15},"end":{"line":1,"column":32}},"1":{"start":{"line":2,"column":15},"end":{"line":2,"column":41}},"2":{"start":{"line":3,"column":43},"end":{"line":3,"column":63}},"3":{"start":{"line":4,"column":22},"end":{"line":4,"column":42}},"4":{"start":{"line":6,"column":0},"end":{"line":31,"column":2}},"5":{"start":{"line":7,"column":2},"end":{"line":30,"column":3}},"6":{"start":{"line":9,"column":29},"end":{"line":19,"column":6}},"7":{"start":{"line":21,"column":4},"end":{"line":25,"column":7}},"8":{"start":{"line":27,"column":4},"end":{"line":27,"column":59}},"9":{"start":{"line":28,"column":4},"end":{"line":28,"column":61}},"10":{"start":{"line":29,"column":4},"end":{"line":29,"column":27}},"11":{"start":{"line":33,"column":0},"end":{"line":74,"column":2}},"12":{"start":{"line":34,"column":2},"end":{"line":73,"column":3}},"13":{"start":{"line":35,"column":43},"end":{"line":35,"column":51}},"14":{"start":{"line":36,"column":19},"end":{"line":36,"column":30}},"15":{"start":{"line":39,"column":4},"end":{"line":51,"column":5}},"16":{"start":{"line":40,"column":27},"end":{"line":45,"column":8}},"17":{"start":{"line":47,"column":6},"end":{"line":50,"column":7}},"18":{"start":{"line":48,"column":8},"end":{"line":48,"column":81}},"19":{"start":{"line":49,"column":8},"end":{"line":49,"column":40}},"20":{"start":{"line":54,"column":4},"end":{"line":60,"column":7}},"21":{"start":{"line":63,"column":4},"end":{"line":63,"column":35}},"22":{"start":{"line":64,"column":4},"end":{"line":64,"column":33}},"23":{"start":{"line":65,"column":4},"end":{"line":65,"column":41}},"24":{"start":{"line":67,"column":4},"end":{"line":67,"column":61}},"25":{"start":{"line":68,"column":4},"end":{"line":68,"column":29}},"26":{"start":{"line":70,"column":4},"end":{"line":70,"column":49}},"27":{"start":{"line":71,"column":4},"end":{"line":71,"column":76}},"28":{"start":{"line":72,"column":4},"end":{"line":72,"column":29}},"29":{"start":{"line":76,"column":0},"end":{"line":111,"column":2}},"30":{"start":{"line":77,"column":2},"end":{"line":110,"column":3}},"31":{"start":{"line":78,"column":62},"end":{"line":78,"column":70}},"32":{"start":{"line":79,"column":19},"end":{"line":79,"column":30}},"33":{"start":{"line":82,"column":17},"end":{"line":82,"column":44}},"34":{"start":{"line":83,"column":35},"end":{"line":83,"column":87}},"35":{"start":{"line":85,"column":4},"end":{"line":88,"column":5}},"36":{"start":{"line":86,"column":6},"end":{"line":86,"column":62}},"37":{"start":{"line":87,"column":6},"end":{"line":87,"column":38}},"38":{"start":{"line":91,"column":4},"end":{"line":94,"column":5}},"39":{"start":{"line":92,"column":6},"end":{"line":92,"column":59}},"40":{"start":{"line":93,"column":6},"end":{"line":93,"column":38}},"41":{"start":{"line":97,"column":30},"end":{"line":97,"column":64}},"42":{"start":{"line":98,"column":4},"end":{"line":102,"column":7}},"43":{"start":{"line":104,"column":4},"end":{"line":104,"column":62}},"44":{"start":{"line":105,"column":4},"end":{"line":105,"column":29}},"45":{"start":{"line":107,"column":4},"end":{"line":107,"column":50}},"46":{"start":{"line":108,"column":4},"end":{"line":108,"column":77}},"47":{"start":{"line":109,"column":4},"end":{"line":109,"column":29}},"48":{"start":{"line":113,"column":0},"end":{"line":138,"column":2}},"49":{"start":{"line":114,"column":2},"end":{"line":137,"column":3}},"50":{"start":{"line":116,"column":30},"end":{"line":126,"column":6}},"51":{"start":{"line":128,"column":4},"end":{"line":133,"column":7}},"52":{"start":{"line":135,"column":4},"end":{"line":135,"column":67}},"53":{"start":{"line":136,"column":4},"end":{"line":136,"column":129}},"54":{"start":{"line":140,"column":0},"end":{"line":152,"column":2}},"55":{"start":{"line":141,"column":2},"end":{"line":151,"column":3}},"56":{"start":{"line":144,"column":4},"end":{"line":147,"column":7}},"57":{"start":{"line":149,"column":4},"end":{"line":149,"column":61}},"58":{"start":{"line":150,"column":4},"end":{"line":150,"column":123}},"59":{"start":{"line":154,"column":0},"end":{"line":194,"column":2}},"60":{"start":{"line":155,"column":2},"end":{"line":193,"column":3}},"61":{"start":{"line":156,"column":24},"end":{"line":156,"column":46}},"62":{"start":{"line":157,"column":19},"end":{"line":157,"column":69}},"63":{"start":{"line":160,"column":22},"end":{"line":165,"column":6}},"64":{"start":{"line":167,"column":4},"end":{"line":174,"column":5}},"65":{"start":{"line":168,"column":23},"end":{"line":168,"column":51}},"66":{"start":{"line":169,"column":6},"end":{"line":171,"column":7}},"67":{"start":{"line":170,"column":8},"end":{"line":170,"column":73}},"68":{"start":{"line":172,"column":6},"end":{"line":172,"column":39}},"69":{"start":{"line":173,"column":6},"end":{"line":173,"column":38}},"70":{"start":{"line":176,"column":4},"end":{"line":176,"column":45}},"71":{"start":{"line":178,"column":23},"end":{"line":178,"column":62}},"72":{"start":{"line":179,"column":4},"end":{"line":181,"column":5}},"73":{"start":{"line":180,"column":6},"end":{"line":180,"column":62}},"74":{"start":{"line":183,"column":4},"end":{"line":183,"column":41}},"75":{"start":{"line":184,"column":4},"end":{"line":184,"column":29}},"76":{"start":{"line":186,"column":4},"end":{"line":186,"column":60}},"77":{"start":{"line":187,"column":21},"end":{"line":187,"column":54}},"78":{"start":{"line":188,"column":4},"end":{"line":190,"column":5}},"79":{"start":{"line":189,"column":6},"end":{"line":189,"column":71}},"80":{"start":{"line":191,"column":4},"end":{"line":191,"column":37}},"81":{"start":{"line":192,"column":4},"end":{"line":192,"column":29}},"82":{"start":{"line":196,"column":0},"end":{"line":248,"column":2}},"83":{"start":{"line":197,"column":2},"end":{"line":247,"column":3}},"84":{"start":{"line":198,"column":19},"end":{"line":198,"column":30}},"85":{"start":{"line":199,"column":29},"end":{"line":199,"column":38}},"86":{"start":{"line":201,"column":18},"end":{"line":206,"column":5}},"87":{"start":{"line":208,"column":4},"end":{"line":210,"column":5}},"88":{"start":{"line":209,"column":6},"end":{"line":209,"column":28}},"89":{"start":{"line":212,"column":4},"end":{"line":214,"column":5}},"90":{"start":{"line":213,"column":6},"end":{"line":213,"column":24}},"91":{"start":{"line":216,"column":21},"end":{"line":226,"column":6}},"92":{"start":{"line":229,"column":29},"end":{"line":236,"column":6}},"93":{"start":{"line":230,"column":20},"end":{"line":230,"column":30}},"94":{"start":{"line":231,"column":6},"end":{"line":231,"column":55}},"95":{"start":{"line":232,"column":6},"end":{"line":232,"column":61}},"96":{"start":{"line":233,"column":6},"end":{"line":233,"column":41}},"97":{"start":{"line":234,"column":6},"end":{"line":234,"column":75}},"98":{"start":{"line":235,"column":6},"end":{"line":235,"column":19}},"99":{"start":{"line":238,"column":4},"end":{"line":242,"column":7}},"100":{"start":{"line":244,"column":4},"end":{"line":244,"column":51}},"101":{"start":{"line":245,"column":4},"end":{"line":245,"column":53}},"102":{"start":{"line":246,"column":4},"end":{"line":246,"column":29}},"103":{"start":{"line":250,"column":0},"end":{"line":296,"column":2}},"104":{"start":{"line":251,"column":2},"end":{"line":295,"column":3}},"105":{"start":{"line":252,"column":19},"end":{"line":252,"column":30}},"106":{"start":{"line":254,"column":21},"end":{"line":269,"column":6}},"107":{"start":{"line":272,"column":29},"end":{"line":279,"column":6}},"108":{"start":{"line":273,"column":20},"end":{"line":273,"column":30}},"109":{"start":{"line":274,"column":6},"end":{"line":274,"column":55}},"110":{"start":{"line":275,"column":6},"end":{"line":275,"column":61}},"111":{"start":{"line":276,"column":6},"end":{"line":276,"column":41}},"112":{"start":{"line":277,"column":6},"end":{"line":277,"column":101}},"113":{"start":{"line":278,"column":6},"end":{"line":278,"column":19}},"114":{"start":{"line":282,"column":25},"end":{"line":282,"column":107}},"115":{"start":{"line":282,"column":54},"end":{"line":282,"column":106}},"116":{"start":{"line":283,"column":27},"end":{"line":283,"column":160}},"117":{"start":{"line":283,"column":56},"end":{"line":283,"column":159}},"118":{"start":{"line":285,"column":4},"end":{"line":291,"column":7}},"119":{"start":{"line":293,"column":4},"end":{"line":293,"column":59}},"120":{"start":{"line":294,"column":4},"end":{"line":294,"column":121}},"121":{"start":{"line":298,"column":0},"end":{"line":337,"column":2}},"122":{"start":{"line":299,"column":2},"end":{"line":336,"column":3}},"123":{"start":{"line":300,"column":22},"end":{"line":300,"column":42}},"124":{"start":{"line":301,"column":19},"end":{"line":301,"column":30}},"125":{"start":{"line":303,"column":20},"end":{"line":311,"column":6}},"126":{"start":{"line":313,"column":4},"end":{"line":315,"column":5}},"127":{"start":{"line":314,"column":6},"end":{"line":314,"column":106}},"128":{"start":{"line":318,"column":4},"end":{"line":320,"column":5}},"129":{"start":{"line":319,"column":6},"end":{"line":319,"column":124}},"130":{"start":{"line":323,"column":24},"end":{"line":323,"column":40}},"131":{"start":{"line":324,"column":4},"end":{"line":324,"column":65}},"132":{"start":{"line":325,"column":4},"end":{"line":325,"column":71}},"133":{"start":{"line":326,"column":4},"end":{"line":326,"column":51}},"134":{"start":{"line":327,"column":4},"end":{"line":327,"column":123}},"135":{"start":{"line":329,"column":4},"end":{"line":332,"column":7}},"136":{"start":{"line":334,"column":4},"end":{"line":334,"column":58}},"137":{"start":{"line":335,"column":4},"end":{"line":335,"column":128}}},"fnMap":{"0":{"name":"(anonymous_0)","decl":{"start":{"line":6,"column":29},"end":{"line":6,"column":30}},"loc":{"start":{"line":6,"column":49},"end":{"line":31,"column":1}},"line":6},"1":{"name":"(anonymous_1)","decl":{"start":{"line":33,"column":24},"end":{"line":33,"column":25}},"loc":{"start":{"line":33,"column":44},"end":{"line":74,"column":1}},"line":33},"2":{"name":"(anonymous_2)","decl":{"start":{"line":76,"column":25},"end":{"line":76,"column":26}},"loc":{"start":{"line":76,"column":45},"end":{"line":111,"column":1}},"line":76},"3":{"name":"(anonymous_3)","decl":{"start":{"line":113,"column":36},"end":{"line":113,"column":37}},"loc":{"start":{"line":113,"column":56},"end":{"line":138,"column":1}},"line":113},"4":{"name":"(anonymous_4)","decl":{"start":{"line":140,"column":31},"end":{"line":140,"column":32}},"loc":{"start":{"line":140,"column":51},"end":{"line":152,"column":1}},"line":140},"5":{"name":"(anonymous_5)","decl":{"start":{"line":154,"column":32},"end":{"line":154,"column":33}},"loc":{"start":{"line":154,"column":52},"end":{"line":194,"column":1}},"line":154},"6":{"name":"(anonymous_6)","decl":{"start":{"line":196,"column":22},"end":{"line":196,"column":23}},"loc":{"start":{"line":196,"column":42},"end":{"line":248,"column":1}},"line":196},"7":{"name":"(anonymous_7)","decl":{"start":{"line":229,"column":42},"end":{"line":229,"column":43}},"loc":{"start":{"line":229,"column":47},"end":{"line":236,"column":5}},"line":229},"8":{"name":"(anonymous_8)","decl":{"start":{"line":250,"column":29},"end":{"line":250,"column":30}},"loc":{"start":{"line":250,"column":49},"end":{"line":296,"column":1}},"line":250},"9":{"name":"(anonymous_9)","decl":{"start":{"line":272,"column":42},"end":{"line":272,"column":43}},"loc":{"start":{"line":272,"column":47},"end":{"line":279,"column":5}},"line":272},"10":{"name":"(anonymous_10)","decl":{"start":{"line":282,"column":49},"end":{"line":282,"column":50}},"loc":{"start":{"line":282,"column":54},"end":{"line":282,"column":106}},"line":282},"11":{"name":"(anonymous_11)","decl":{"start":{"line":283,"column":51},"end":{"line":283,"column":52}},"loc":{"start":{"line":283,"column":56},"end":{"line":283,"column":159}},"line":283},"12":{"name":"(anonymous_12)","decl":{"start":{"line":298,"column":28},"end":{"line":298,"column":29}},"loc":{"start":{"line":298,"column":48},"end":{"line":337,"column":1}},"line":298}},"branchMap":{"0":{"loc":{"start":{"line":39,"column":4},"end":{"line":51,"column":5}},"type":"if","locations":[{"start":{"line":39,"column":4},"end":{"line":51,"column":5}},{"start":{},"end":{}}],"line":39},"1":{"loc":{"start":{"line":47,"column":6},"end":{"line":50,"column":7}},"type":"if","locations":[{"start":{"line":47,"column":6},"end":{"line":50,"column":7}},{"start":{},"end":{}}],"line":47},"2":{"loc":{"start":{"line":85,"column":4},"end":{"line":88,"column":5}},"type":"if","locations":[{"start":{"line":85,"column":4},"end":{"line":88,"column":5}},{"start":{},"end":{}}],"line":85},"3":{"loc":{"start":{"line":91,"column":4},"end":{"line":94,"column":5}},"type":"if","locations":[{"start":{"line":91,"column":4},"end":{"line":94,"column":5}},{"start":{},"end":{}}],"line":91},"4":{"loc":{"start":{"line":157,"column":19},"end":{"line":157,"column":69}},"type":"binary-expr","locations":[{"start":{"line":157,"column":19},"end":{"line":157,"column":58}},{"start":{"line":157,"column":62},"end":{"line":157,"column":69}}],"line":157},"5":{"loc":{"start":{"line":167,"column":4},"end":{"line":174,"column":5}},"type":"if","locations":[{"start":{"line":167,"column":4},"end":{"line":174,"column":5}},{"start":{},"end":{}}],"line":167},"6":{"loc":{"start":{"line":169,"column":6},"end":{"line":171,"column":7}},"type":"if","locations":[{"start":{"line":169,"column":6},"end":{"line":171,"column":7}},{"start":{},"end":{}}],"line":169},"7":{"loc":{"start":{"line":179,"column":4},"end":{"line":181,"column":5}},"type":"if","locations":[{"start":{"line":179,"column":4},"end":{"line":181,"column":5}},{"start":{},"end":{}}],"line":179},"8":{"loc":{"start":{"line":188,"column":4},"end":{"line":190,"column":5}},"type":"if","locations":[{"start":{"line":188,"column":4},"end":{"line":190,"column":5}},{"start":{},"end":{}}],"line":188},"9":{"loc":{"start":{"line":188,"column":8},"end":{"line":188,"column":58}},"type":"binary-expr","locations":[{"start":{"line":188,"column":8},"end":{"line":188,"column":47}},{"start":{"line":188,"column":51},"end":{"line":188,"column":58}}],"line":188},"10":{"loc":{"start":{"line":208,"column":4},"end":{"line":210,"column":5}},"type":"if","locations":[{"start":{"line":208,"column":4},"end":{"line":210,"column":5}},{"start":{},"end":{}}],"line":208},"11":{"loc":{"start":{"line":212,"column":4},"end":{"line":214,"column":5}},"type":"if","locations":[{"start":{"line":212,"column":4},"end":{"line":214,"column":5}},{"start":{},"end":{}}],"line":212},"12":{"loc":{"start":{"line":277,"column":27},"end":{"line":277,"column":100}},"type":"cond-expr","locations":[{"start":{"line":277,"column":42},"end":{"line":277,"column":96}},{"start":{"line":277,"column":99},"end":{"line":277,"column":100}}],"line":277},"13":{"loc":{"start":{"line":277,"column":55},"end":{"line":277,"column":72}},"type":"binary-expr","locations":[{"start":{"line":277,"column":55},"end":{"line":277,"column":67}},{"start":{"line":277,"column":71},"end":{"line":277,"column":72}}],"line":277},"14":{"loc":{"start":{"line":282,"column":54},"end":{"line":282,"column":106}},"type":"binary-expr","locations":[{"start":{"line":282,"column":54},"end":{"line":282,"column":73}},{"start":{"line":282,"column":77},"end":{"line":282,"column":106}}],"line":282},"15":{"loc":{"start":{"line":283,"column":56},"end":{"line":283,"column":159}},"type":"binary-expr","locations":[{"start":{"line":283,"column":56},"end":{"line":283,"column":75}},{"start":{"line":283,"column":79},"end":{"line":283,"column":101}},{"start":{"line":283,"column":105},"end":{"line":283,"column":131}},{"start":{"line":283,"column":135},"end":{"line":283,"column":159}}],"line":283},"16":{"loc":{"start":{"line":313,"column":4},"end":{"line":315,"column":5}},"type":"if","locations":[{"start":{"line":313,"column":4},"end":{"line":315,"column":5}},{"start":{},"end":{}}],"line":313},"17":{"loc":{"start":{"line":318,"column":4},"end":{"line":320,"column":5}},"type":"if","locations":[{"start":{"line":318,"column":4},"end":{"line":320,"column":5}},{"start":{},"end":{}}],"line":318},"18":{"loc":{"start":{"line":318,"column":8},"end":{"line":318,"column":51}},"type":"binary-expr","locations":[{"start":{"line":318,"column":8},"end":{"line":318,"column":22}},{"start":{"line":318,"column":26},"end":{"line":318,"column":51}}],"line":318},"19":{"loc":{"start":{"line":327,"column":31},"end":{"line":327,"column":122}},"type":"cond-expr","locations":[{"start":{"line":327,"column":52},"end":{"line":327,"column":118}},{"start":{"line":327,"column":121},"end":{"line":327,"column":122}}],"line":327},"20":{"loc":{"start":{"line":327,"column":65},"end":{"line":327,"column":88}},"type":"binary-expr","locations":[{"start":{"line":327,"column":65},"end":{"line":327,"column":83}},{"start":{"line":327,"column":87},"end":{"line":327,"column":88}}],"line":327}},"s":{"0":0,"1":0,"2":0,"3":0,"4":0,"5":0,"6":0,"7":0,"8":0,"9":0,"10":0,"11":0,"12":0,"13":0,"14":0,"15":0,"16":0,"17":0,"18":0,"19":0,"20":0,"21":0,"22":0,"23":0,"24":0,"25":0,"26":0,"27":0,"28":0,"29":0,"30":0,"31":0,"32":0,"33":0,"34":0,"35":0,"36":0,"37":0,"38":0,"39":0,"40":0,"41":0,"42":0,"43":0,"44":0,"45":0,"46":0,"47":0,"48":0,"49":0,"50":0,"51":0,"52":0,"53":0,"54":0,"55":0,"56":0,"57":0,"58":0,"59":0,"60":0,"61":0,"62":0,"63":0,"64":0,"65":0,"66":0,"67":0,"68":0,"69":0,"70":0,"71":0,"72":0,"73":0,"74":0,"75":0,"76":0,"77":0,"78":0,"79":0,"80":0,"81":0,"82":0,"83":0,"84":0,"85":0,"86":0,"87":0,"88":0,"89":0,"90":0,"91":0,"92":0,"93":0,"94":0,"95":0,"96":0,"97":0,"98":0,"99":0,"100":0,"101":0,"102":0,"103":0,"104":0,"105":0,"106":0,"107":0,"108":0,"109":0,"110":0,"111":0,"112":0,"113":0,"114":0,"115":0,"116":0,"117":0,"118":0,"119":0,"120":0,"121":0,"122":0,"123":0,"124":0,"125":0,"126":0,"127":0,"128":0,"129":0,"130":0,"131":0,"132":0,"133":0,"134":0,"135":0,"136":0,"137":0},"f":{"0":0,"1":0,"2":0,"3":0,"4":0,"5":0,"6":0,"7":0,"8":0,"9":0,"10":0,"11":0,"12":0},"b":{"0":[0,0],"1":[0,0],"2":[0,0],"3":[0,0],"4":[0,0],"5":[0,0],"6":[0,0],"7":[0,0],"8":[0,0],"9":[0,0],"10":[0,0],"11":[0,0],"12":[0,0],"13":[0,0],"14":[0,0],"15":[0,0,0,0],"16":[0,0],"17":[0,0],"18":[0,0],"19":[0,0],"20":[0,0]}}
,"/home/user/bluebonnet/controllers/authController.js": {"path":"/home/user/bluebonnet/controllers/authController.js","statementMap":{"0":{"start":{"line":1,"column":15},"end":{"line":1,"column":32}},"1":{"start":{"line":2,"column":15},"end":{"line":2,"column":41}},"2":{"start":{"line":3,"column":71},"end":{"line":3,"column":91}},"3":{"start":{"line":4,"column":15},"end":{"line":4,"column":35}},"4":{"start":{"line":6,"column":0},"end":{"line":8,"column":2}},"5":{"start":{"line":7,"column":2},"end":{"line":7,"column":42}},"6":{"start":{"line":10,"column":0},"end":{"line":12,"column":2}},"7":{"start":{"line":11,"column":2},"end":{"line":11,"column":48}},"8":{"start":{"line":14,"column":0},"end":{"line":103,"column":2}},"9":{"start":{"line":15,"column":2},"end":{"line":102,"column":3}},"10":{"start":{"line":16,"column":53},"end":{"line":16,"column":61}},"11":{"start":{"line":18,"column":25},"end":{"line":18,"column":86}},"12":{"start":{"line":20,"column":4},"end":{"line":23,"column":5}},"13":{"start":{"line":21,"column":6},"end":{"line":21,"column":57}},"14":{"start":{"line":22,"column":6},"end":{"line":22,"column":44}},"15":{"start":{"line":25,"column":27},"end":{"line":25,"column":58}},"16":{"start":{"line":27,"column":20},"end":{"line":33,"column":6}},"17":{"start":{"line":36,"column":29},"end":{"line":41,"column":6}},"18":{"start":{"line":43,"column":4},"end":{"line":95,"column":5}},"19":{"start":{"line":45,"column":6},"end":{"line":49,"column":8}},"20":{"start":{"line":47,"column":10},"end":{"line":47,"column":72}},"21":{"start":{"line":53,"column":30},"end":{"line":58,"column":8}},"22":{"start":{"line":61,"column":6},"end":{"line":72,"column":7}},"23":{"start":{"line":63,"column":8},"end":{"line":71,"column":11}},"24":{"start":{"line":75,"column":34},"end":{"line":81,"column":8}},"25":{"start":{"line":84,"column":6},"end":{"line":87,"column":7}},"26":{"start":{"line":85,"column":8},"end":{"line":85,"column":53}},"27":{"start":{"line":86,"column":8},"end":{"line":86,"column":34}},"28":{"start":{"line":89,"column":29},"end":{"line":89,"column":52}},"29":{"start":{"line":90,"column":6},"end":{"line":92,"column":8}},"30":{"start":{"line":94,"column":6},"end":{"line":94,"column":74}},"31":{"start":{"line":97,"column":4},"end":{"line":97,"column":32}},"32":{"start":{"line":99,"column":4},"end":{"line":99,"column":24}},"33":{"start":{"line":100,"column":4},"end":{"line":100,"column":68}},"34":{"start":{"line":101,"column":4},"end":{"line":101,"column":35}},"35":{"start":{"line":105,"column":0},"end":{"line":113,"column":2}},"36":{"start":{"line":106,"column":2},"end":{"line":112,"column":5}},"37":{"start":{"line":107,"column":4},"end":{"line":109,"column":5}},"38":{"start":{"line":108,"column":6},"end":{"line":108,"column":23}},"39":{"start":{"line":110,"column":4},"end":{"line":110,"column":51}},"40":{"start":{"line":111,"column":4},"end":{"line":111,"column":22}}},"fnMap":{"0":{"name":"(anonymous_0)","decl":{"start":{"line":6,"column":19},"end":{"line":6,"column":20}},"loc":{"start":{"line":6,"column":33},"end":{"line":8,"column":1}},"line":6},"1":{"name":"(anonymous_1)","decl":{"start":{"line":10,"column":22},"end":{"line":10,"column":23}},"loc":{"start":{"line":10,"column":36},"end":{"line":12,"column":1}},"line":10},"2":{"name":"(anonymous_2)","decl":{"start":{"line":14,"column":23},"end":{"line":14,"column":24}},"loc":{"start":{"line":14,"column":43},"end":{"line":103,"column":1}},"line":14},"3":{"name":"(anonymous_3)","decl":{"start":{"line":46,"column":29},"end":{"line":46,"column":30}},"loc":{"start":{"line":47,"column":10},"end":{"line":47,"column":72}},"line":47},"4":{"name":"(anonymous_4)","decl":{"start":{"line":105,"column":17},"end":{"line":105,"column":18}},"loc":{"start":{"line":105,"column":31},"end":{"line":113,"column":1}},"line":105},"5":{"name":"(anonymous_5)","decl":{"start":{"line":106,"column":13},"end":{"line":106,"column":14}},"loc":{"start":{"line":106,"column":22},"end":{"line":112,"column":3}},"line":106}},"branchMap":{"0":{"loc":{"start":{"line":20,"column":4},"end":{"line":23,"column":5}},"type":"if","locations":[{"start":{"line":20,"column":4},"end":{"line":23,"column":5}},{"start":{},"end":{}}],"line":20},"1":{"loc":{"start":{"line":43,"column":4},"end":{"line":95,"column":5}},"type":"if","locations":[{"start":{"line":43,"column":4},"end":{"line":95,"column":5}},{"start":{"line":93,"column":11},"end":{"line":95,"column":5}}],"line":43},"2":{"loc":{"start":{"line":91,"column":70},"end":{"line":91,"column":99}},"type":"cond-expr","locations":[{"start":{"line":91,"column":91},"end":{"line":91,"column":94}},{"start":{"line":91,"column":97},"end":{"line":91,"column":99}}],"line":91},"3":{"loc":{"start":{"line":107,"column":4},"end":{"line":109,"column":5}},"type":"if","locations":[{"start":{"line":107,"column":4},"end":{"line":109,"column":5}},{"start":{},"end":{}}],"line":107}},"s":{"0":0,"1":0,"2":0,"3":0,"4":0,"5":0,"6":0,"7":0,"8":0,"9":0,"10":0,"11":0,"12":0,"13":0,"14":0,"15":0,"16":0,"17":0,"18":0,"19":0,"20":0,"21":0,"22":0,"23":0,"24":0,"25":0,"26":0,"27":0,"28":0,"29":0,"30":0,"31":0,"32":0,"33":0,"34":0,"35":0,"36":0,"37":0,"38":0,"39":0,"40":0},"f":{"0":0,"1":0,"2":0,"3":0,"4":0,"5":0},"b":{"0":[0,0],"1":[0,0],"2":[0,0],"3":[0,0]}}
,"/home/user/bluebonnet/controllers/carRentalController.js": {"path":"/home/user/bluebonnet/controllers/carRentalController.js","statementMap":{"0":{"start":{"line":1,"column":28},"end":{"line":1,"column":48}},"1":{"start":{"line":2,"column":15},"end":{"line":2,"column":41}},"2":{"start":{"line":3,"column":28},"end":{"line":3,"column":67}},"3":{"start":{"line":11,"column":4},"end":{"line":11,"column":43}},"4":{"start":{"line":12,"column":23},"end":{"line":12,"column":57}},"5":{"start":{"line":13,"column":50},"end":{"line":13,"column":84}},"6":{"start":{"line":15,"column":0},"end":{"line":113,"column":2}},"7":{"start":{"line":16,"column":2},"end":{"line":112,"column":3}},"8":{"start":{"line":17,"column":23},"end":{"line":17,"column":33}},"9":{"start":{"line":28,"column":8},"end":{"line":28,"column":16}},"10":{"start":{"line":31,"column":17},"end":{"line":31,"column":69}},"11":{"start":{"line":32,"column":4},"end":{"line":38,"column":5}},"12":{"start":{"line":33,"column":22},"end":{"line":33,"column":63}},"13":{"start":{"line":34,"column":6},"end":{"line":36,"column":7}},"14":{"start":{"line":35,"column":8},"end":{"line":35,"column":81}},"15":{"start":{"line":37,"column":6},"end":{"line":37,"column":66}},"16":{"start":{"line":41,"column":70},"end":{"line":44,"column":6}},"17":{"start":{"line":46,"column":22},"end":{"line":61,"column":6}},"18":{"start":{"line":64,"column":4},"end":{"line":96,"column":5}},"19":{"start":{"line":65,"column":6},"end":{"line":92,"column":7}},"20":{"start":{"line":66,"column":27},"end":{"line":66,"column":29}},"21":{"start":{"line":69,"column":8},"end":{"line":77,"column":9}},"22":{"start":{"line":70,"column":10},"end":{"line":76,"column":11}},"23":{"start":{"line":71,"column":12},"end":{"line":71,"column":96}},"24":{"start":{"line":72,"column":12},"end":{"line":72,"column":75}},"25":{"start":{"line":74,"column":12},"end":{"line":74,"column":57}},"26":{"start":{"line":75,"column":12},"end":{"line":75,"column":30}},"27":{"start":{"line":80,"column":8},"end":{"line":91,"column":9}},"28":{"start":{"line":81,"column":10},"end":{"line":87,"column":12}},"29":{"start":{"line":90,"column":10},"end":{"line":90,"column":107}},"30":{"start":{"line":94,"column":6},"end":{"line":94,"column":67}},"31":{"start":{"line":99,"column":20},"end":{"line":99,"column":61}},"32":{"start":{"line":100,"column":4},"end":{"line":102,"column":5}},"33":{"start":{"line":101,"column":6},"end":{"line":101,"column":83}},"34":{"start":{"line":104,"column":4},"end":{"line":104,"column":90}},"35":{"start":{"line":106,"column":4},"end":{"line":106,"column":24}},"36":{"start":{"line":107,"column":20},"end":{"line":107,"column":61}},"37":{"start":{"line":108,"column":4},"end":{"line":110,"column":5}},"38":{"start":{"line":109,"column":6},"end":{"line":109,"column":88}},"39":{"start":{"line":111,"column":4},"end":{"line":111,"column":79}},"40":{"start":{"line":115,"column":0},"end":{"line":183,"column":2}},"41":{"start":{"line":116,"column":2},"end":{"line":182,"column":3}},"42":{"start":{"line":126,"column":8},"end":{"line":126,"column":16}},"43":{"start":{"line":129,"column":22},"end":{"line":131,"column":6}},"44":{"start":{"line":134,"column":4},"end":{"line":140,"column":5}},"45":{"start":{"line":135,"column":22},"end":{"line":135,"column":63}},"46":{"start":{"line":136,"column":6},"end":{"line":138,"column":7}},"47":{"start":{"line":137,"column":8},"end":{"line":137,"column":87}},"48":{"start":{"line":139,"column":6},"end":{"line":139,"column":72}},"49":{"start":{"line":143,"column":70},"end":{"line":150,"column":6}},"50":{"start":{"line":152,"column":4},"end":{"line":165,"column":7}},"51":{"start":{"line":168,"column":20},"end":{"line":168,"column":61}},"52":{"start":{"line":169,"column":4},"end":{"line":171,"column":5}},"53":{"start":{"line":170,"column":6},"end":{"line":170,"column":85}},"54":{"start":{"line":173,"column":4},"end":{"line":173,"column":102}},"55":{"start":{"line":175,"column":4},"end":{"line":175,"column":24}},"56":{"start":{"line":176,"column":20},"end":{"line":176,"column":61}},"57":{"start":{"line":177,"column":4},"end":{"line":179,"column":5}},"58":{"start":{"line":178,"column":6},"end":{"line":178,"column":90}},"59":{"start":{"line":180,"column":4},"end":{"line":180,"column":56}},"60":{"start":{"line":181,"column":4},"end":{"line":181,"column":25}},"61":{"start":{"line":185,"column":0},"end":{"line":225,"column":2}},"62":{"start":{"line":186,"column":2},"end":{"line":224,"column":3}},"63":{"start":{"line":188,"column":22},"end":{"line":190,"column":6}},"64":{"start":{"line":193,"column":4},"end":{"line":199,"column":5}},"65":{"start":{"line":194,"column":22},"end":{"line":194,"column":63}},"66":{"start":{"line":195,"column":6},"end":{"line":197,"column":7}},"67":{"start":{"line":196,"column":8},"end":{"line":196,"column":87}},"68":{"start":{"line":198,"column":6},"end":{"line":198,"column":72}},"69":{"start":{"line":201,"column":19},"end":{"line":201,"column":35}},"70":{"start":{"line":202,"column":26},"end":{"line":202,"column":56}},"71":{"start":{"line":205,"column":4},"end":{"line":205,"column":95}},"72":{"start":{"line":207,"column":4},"end":{"line":207,"column":30}},"73":{"start":{"line":210,"column":20},"end":{"line":210,"column":61}},"74":{"start":{"line":211,"column":4},"end":{"line":213,"column":5}},"75":{"start":{"line":212,"column":6},"end":{"line":212,"column":107}},"76":{"start":{"line":215,"column":4},"end":{"line":215,"column":92}},"77":{"start":{"line":217,"column":4},"end":{"line":217,"column":24}},"78":{"start":{"line":218,"column":20},"end":{"line":218,"column":61}},"79":{"start":{"line":219,"column":4},"end":{"line":221,"column":5}},"80":{"start":{"line":220,"column":6},"end":{"line":220,"column":90}},"81":{"start":{"line":222,"column":4},"end":{"line":222,"column":56}},"82":{"start":{"line":223,"column":4},"end":{"line":223,"column":25}},"83":{"start":{"line":227,"column":0},"end":{"line":252,"column":2}},"84":{"start":{"line":228,"column":2},"end":{"line":251,"column":3}},"85":{"start":{"line":229,"column":19},"end":{"line":229,"column":29}},"86":{"start":{"line":232,"column":24},"end":{"line":232,"column":73}},"87":{"start":{"line":234,"column":4},"end":{"line":236,"column":5}},"88":{"start":{"line":235,"column":6},"end":{"line":235,"column":101}},"89":{"start":{"line":239,"column":17},"end":{"line":239,"column":65}},"90":{"start":{"line":240,"column":4},"end":{"line":242,"column":5}},"91":{"start":{"line":241,"column":6},"end":{"line":241,"column":77}},"92":{"start":{"line":245,"column":4},"end":{"line":245,"column":49}},"93":{"start":{"line":247,"column":4},"end":{"line":247,"column":77}},"94":{"start":{"line":249,"column":4},"end":{"line":249,"column":55}},"95":{"start":{"line":250,"column":4},"end":{"line":250,"column":82}},"96":{"start":{"line":254,"column":0},"end":{"line":273,"column":2}},"97":{"start":{"line":255,"column":2},"end":{"line":272,"column":3}},"98":{"start":{"line":256,"column":23},"end":{"line":256,"column":33}},"99":{"start":{"line":259,"column":17},"end":{"line":259,"column":69}},"100":{"start":{"line":260,"column":4},"end":{"line":262,"column":5}},"101":{"start":{"line":261,"column":6},"end":{"line":261,"column":52}},"102":{"start":{"line":264,"column":4},"end":{"line":268,"column":7}},"103":{"start":{"line":270,"column":4},"end":{"line":270,"column":24}},"104":{"start":{"line":271,"column":4},"end":{"line":271,"column":47}},"105":{"start":{"line":275,"column":0},"end":{"line":341,"column":2}},"106":{"start":{"line":276,"column":2},"end":{"line":340,"column":3}},"107":{"start":{"line":277,"column":19},"end":{"line":277,"column":29}},"108":{"start":{"line":280,"column":22},"end":{"line":282,"column":6}},"109":{"start":{"line":285,"column":4},"end":{"line":287,"column":5}},"110":{"start":{"line":286,"column":6},"end":{"line":286,"column":58}},"111":{"start":{"line":290,"column":4},"end":{"line":292,"column":5}},"112":{"start":{"line":291,"column":6},"end":{"line":291,"column":58}},"113":{"start":{"line":295,"column":27},"end":{"line":295,"column":60}},"114":{"start":{"line":296,"column":28},"end":{"line":296,"column":62}},"115":{"start":{"line":299,"column":21},"end":{"line":299,"column":23}},"116":{"start":{"line":300,"column":21},"end":{"line":300,"column":23}},"117":{"start":{"line":301,"column":22},"end":{"line":301,"column":24}},"118":{"start":{"line":302,"column":22},"end":{"line":302,"column":24}},"119":{"start":{"line":304,"column":4},"end":{"line":309,"column":5}},"120":{"start":{"line":305,"column":34},"end":{"line":305,"column":86}},"121":{"start":{"line":306,"column":20},"end":{"line":306,"column":50}},"122":{"start":{"line":307,"column":6},"end":{"line":307,"column":34}},"123":{"start":{"line":308,"column":6},"end":{"line":308,"column":34}},"124":{"start":{"line":311,"column":4},"end":{"line":316,"column":5}},"125":{"start":{"line":312,"column":35},"end":{"line":312,"column":89}},"126":{"start":{"line":313,"column":20},"end":{"line":313,"column":51}},"127":{"start":{"line":314,"column":6},"end":{"line":314,"column":35}},"128":{"start":{"line":315,"column":6},"end":{"line":315,"column":35}},"129":{"start":{"line":318,"column":26},"end":{"line":330,"column":5}},"130":{"start":{"line":332,"column":4},"end":{"line":336,"column":7}},"131":{"start":{"line":338,"column":4},"end":{"line":338,"column":24}},"132":{"start":{"line":339,"column":4},"end":{"line":339,"column":47}}},"fnMap":{"0":{"name":"(anonymous_0)","decl":{"start":{"line":15,"column":26},"end":{"line":15,"column":27}},"loc":{"start":{"line":15,"column":46},"end":{"line":113,"column":1}},"line":15},"1":{"name":"(anonymous_1)","decl":{"start":{"line":115,"column":26},"end":{"line":115,"column":27}},"loc":{"start":{"line":115,"column":46},"end":{"line":183,"column":1}},"line":115},"2":{"name":"(anonymous_2)","decl":{"start":{"line":185,"column":26},"end":{"line":185,"column":27}},"loc":{"start":{"line":185,"column":46},"end":{"line":225,"column":1}},"line":185},"3":{"name":"(anonymous_3)","decl":{"start":{"line":227,"column":27},"end":{"line":227,"column":28}},"loc":{"start":{"line":227,"column":47},"end":{"line":252,"column":1}},"line":227},"4":{"name":"(anonymous_4)","decl":{"start":{"line":254,"column":21},"end":{"line":254,"column":22}},"loc":{"start":{"line":254,"column":41},"end":{"line":273,"column":1}},"line":254},"5":{"name":"(anonymous_5)","decl":{"start":{"line":275,"column":22},"end":{"line":275,"column":23}},"loc":{"start":{"line":275,"column":42},"end":{"line":341,"column":1}},"line":275}},"branchMap":{"0":{"loc":{"start":{"line":32,"column":4},"end":{"line":38,"column":5}},"type":"if","locations":[{"start":{"line":32,"column":4},"end":{"line":38,"column":5}},{"start":{},"end":{}}],"line":32},"1":{"loc":{"start":{"line":34,"column":6},"end":{"line":36,"column":7}},"type":"if","locations":[{"start":{"line":34,"column":6},"end":{"line":36,"column":7}},{"start":{},"end":{}}],"line":34},"2":{"loc":{"start":{"line":65,"column":6},"end":{"line":92,"column":7}},"type":"if","locations":[{"start":{"line":65,"column":6},"end":{"line":92,"column":7}},{"start":{},"end":{}}],"line":65},"3":{"loc":{"start":{"line":69,"column":8},"end":{"line":77,"column":9}},"type":"if","locations":[{"start":{"line":69,"column":8},"end":{"line":77,"column":9}},{"start":{},"end":{}}],"line":69},"4":{"loc":{"start":{"line":71,"column":27},"end":{"line":71,"column":95}},"type":"cond-expr","locations":[{"start":{"line":71,"column":60},"end":{"line":71,"column":82}},{"start":{"line":71,"column":85},"end":{"line":71,"column":95}}],"line":71},"5":{"loc":{"start":{"line":72,"column":27},"end":{"line":72,"column":74}},"type":"cond-expr","locations":[{"start":{"line":72,"column":57},"end":{"line":72,"column":69}},{"start":{"line":72,"column":72},"end":{"line":72,"column":74}}],"line":72},"6":{"loc":{"start":{"line":80,"column":8},"end":{"line":91,"column":9}},"type":"if","locations":[{"start":{"line":80,"column":8},"end":{"line":91,"column":9}},{"start":{"line":88,"column":15},"end":{"line":91,"column":9}}],"line":80},"7":{"loc":{"start":{"line":100,"column":4},"end":{"line":102,"column":5}},"type":"if","locations":[{"start":{"line":100,"column":4},"end":{"line":102,"column":5}},{"start":{},"end":{}}],"line":100},"8":{"loc":{"start":{"line":108,"column":4},"end":{"line":110,"column":5}},"type":"if","locations":[{"start":{"line":108,"column":4},"end":{"line":110,"column":5}},{"start":{},"end":{}}],"line":108},"9":{"loc":{"start":{"line":134,"column":4},"end":{"line":140,"column":5}},"type":"if","locations":[{"start":{"line":134,"column":4},"end":{"line":140,"column":5}},{"start":{},"end":{}}],"line":134},"10":{"loc":{"start":{"line":136,"column":6},"end":{"line":138,"column":7}},"type":"if","locations":[{"start":{"line":136,"column":6},"end":{"line":138,"column":7}},{"start":{},"end":{}}],"line":136},"11":{"loc":{"start":{"line":169,"column":4},"end":{"line":171,"column":5}},"type":"if","locations":[{"start":{"line":169,"column":4},"end":{"line":171,"column":5}},{"start":{},"end":{}}],"line":169},"12":{"loc":{"start":{"line":177,"column":4},"end":{"line":179,"column":5}},"type":"if","locations":[{"start":{"line":177,"column":4},"end":{"line":179,"column":5}},{"start":{},"end":{}}],"line":177},"13":{"loc":{"start":{"line":193,"column":4},"end":{"line":199,"column":5}},"type":"if","locations":[{"start":{"line":193,"column":4},"end":{"line":199,"column":5}},{"start":{},"end":{}}],"line":193},"14":{"loc":{"start":{"line":195,"column":6},"end":{"line":197,"column":7}},"type":"if","locations":[{"start":{"line":195,"column":6},"end":{"line":197,"column":7}},{"start":{},"end":{}}],"line":195},"15":{"loc":{"start":{"line":211,"column":4},"end":{"line":213,"column":5}},"type":"if","locations":[{"start":{"line":211,"column":4},"end":{"line":213,"column":5}},{"start":{},"end":{}}],"line":211},"16":{"loc":{"start":{"line":219,"column":4},"end":{"line":221,"column":5}},"type":"if","locations":[{"start":{"line":219,"column":4},"end":{"line":221,"column":5}},{"start":{},"end":{}}],"line":219},"17":{"loc":{"start":{"line":234,"column":4},"end":{"line":236,"column":5}},"type":"if","locations":[{"start":{"line":234,"column":4},"end":{"line":236,"column":5}},{"start":{},"end":{}}],"line":234},"18":{"loc":{"start":{"line":240,"column":4},"end":{"line":242,"column":5}},"type":"if","locations":[{"start":{"line":240,"column":4},"end":{"line":242,"column":5}},{"start":{},"end":{}}],"line":240},"19":{"loc":{"start":{"line":240,"column":8},"end":{"line":240,"column":44}},"type":"binary-expr","locations":[{"start":{"line":240,"column":8},"end":{"line":240,"column":13}},{"start":{"line":240,"column":17},"end":{"line":240,"column":44}}],"line":240},"20":{"loc":{"start":{"line":260,"column":4},"end":{"line":262,"column":5}},"type":"if","locations":[{"start":{"line":260,"column":4},"end":{"line":262,"column":5}},{"start":{},"end":{}}],"line":260},"21":{"loc":{"start":{"line":285,"column":4},"end":{"line":287,"column":5}},"type":"if","locations":[{"start":{"line":285,"column":4},"end":{"line":287,"column":5}},{"start":{},"end":{}}],"line":285},"22":{"loc":{"start":{"line":290,"column":4},"end":{"line":292,"column":5}},"type":"if","locations":[{"start":{"line":290,"column":4},"end":{"line":292,"column":5}},{"start":{},"end":{}}],"line":290},"23":{"loc":{"start":{"line":295,"column":27},"end":{"line":295,"column":60}},"type":"binary-expr","locations":[{"start":{"line":295,"column":27},"end":{"line":295,"column":51}},{"start":{"line":295,"column":55},"end":{"line":295,"column":60}}],"line":295},"24":{"loc":{"start":{"line":296,"column":28},"end":{"line":296,"column":62}},"type":"binary-expr","locations":[{"start":{"line":296,"column":28},"end":{"line":296,"column":53}},{"start":{"line":296,"column":57},"end":{"line":296,"column":62}}],"line":296},"25":{"loc":{"start":{"line":304,"column":4},"end":{"line":309,"column":5}},"type":"if","locations":[{"start":{"line":304,"column":4},"end":{"line":309,"column":5}},{"start":{},"end":{}}],"line":304},"26":{"loc":{"start":{"line":307,"column":19},"end":{"line":307,"column":33}},"type":"binary-expr","locations":[{"start":{"line":307,"column":19},"end":{"line":307,"column":27}},{"start":{"line":307,"column":31},"end":{"line":307,"column":33}}],"line":307},"27":{"loc":{"start":{"line":308,"column":19},"end":{"line":308,"column":33}},"type":"binary-expr","locations":[{"start":{"line":308,"column":19},"end":{"line":308,"column":27}},{"start":{"line":308,"column":31},"end":{"line":308,"column":33}}],"line":308},"28":{"loc":{"start":{"line":311,"column":4},"end":{"line":316,"column":5}},"type":"if","locations":[{"start":{"line":311,"column":4},"end":{"line":316,"column":5}},{"start":{},"end":{}}],"line":311},"29":{"loc":{"start":{"line":314,"column":20},"end":{"line":314,"column":34}},"type":"binary-expr","locations":[{"start":{"line":314,"column":20},"end":{"line":314,"column":28}},{"start":{"line":314,"column":32},"end":{"line":314,"column":34}}],"line":314},"30":{"loc":{"start":{"line":315,"column":20},"end":{"line":315,"column":34}},"type":"binary-expr","locations":[{"start":{"line":315,"column":20},"end":{"line":315,"column":28}},{"start":{"line":315,"column":32},"end":{"line":315,"column":34}}],"line":315}},"s":{"0":0,"1":0,"2":0,"3":0,"4":0,"5":0,"6":0,"7":0,"8":0,"9":0,"10":0,"11":0,"12":0,"13":0,"14":0,"15":0,"16":0,"17":0,"18":0,"19":0,"20":0,"21":0,"22":0,"23":0,"24":0,"25":0,"26":0,"27":0,"28":0,"29":0,"30":0,"31":0,"32":0,"33":0,"34":0,"35":0,"36":0,"37":0,"38":0,"39":0,"40":0,"41":0,"42":0,"43":0,"44":0,"45":0,"46":0,"47":0,"48":0,"49":0,"50":0,"51":0,"52":0,"53":0,"54":0,"55":0,"56":0,"57":0,"58":0,"59":0,"60":0,"61":0,"62":0,"63":0,"64":0,"65":0,"66":0,"67":0,"68":0,"69":0,"70":0,"71":0,"72":0,"73":0,"74":0,"75":0,"76":0,"77":0,"78":0,"79":0,"80":0,"81":0,"82":0,"83":0,"84":0,"85":0,"86":0,"87":0,"88":0,"89":0,"90":0,"91":0,"92":0,"93":0,"94":0,"95":0,"96":0,"97":0,"98":0,"99":0,"100":0,"101":0,"102":0,"103":0,"104":0,"105":0,"106":0,"107":0,"108":0,"109":0,"110":0,"111":0,"112":0,"113":0,"114":0,"115":0,"116":0,"117":0,"118":0,"119":0,"120":0,"121":0,"122":0,"123":0,"124":0,"125":0,"126":0,"127":0,"128":0,"129":0,"130":0,"131":0,"132":0},"f":{"0":0,"1":0,"2":0,"3":0,"4":0,"5":0},"b":{"0":[0,0],"1":[0,0],"2":[0,0],"3":[0,0],"4":[0,0],"5":[0,0],"6":[0,0],"7":[0,0],"8":[0,0],"9":[0,0],"10":[0,0],"11":[0,0],"12":[0,0],"13":[0,0],"14":[0,0],"15":[0,0],"16":[0,0],"17":[0,0],"18":[0,0],"19":[0,0],"20":[0,0],"21":[0,0],"22":[0,0],"23":[0,0],"24":[0,0],"25":[0,0],"26":[0,0],"27":[0,0],"28":[0,0],"29":[0,0],"30":[0,0]}}
,"/home/user/bluebonnet/controllers/companionController.js": {"path":"/home/user/bluebonnet/controllers/companionController.js","statementMap":{"0":{"start":{"line":1,"column":55},"end":{"line":1,"column":75}},"1":{"start":{"line":2,"column":15},"end":{"line":2,"column":41}},"2":{"start":{"line":3,"column":15},"end":{"line":3,"column":35}},"3":{"start":{"line":4,"column":29},"end":{"line":4,"column":57}},"4":{"start":{"line":7,"column":0},"end":{"line":30,"column":2}},"5":{"start":{"line":8,"column":2},"end":{"line":29,"column":3}},"6":{"start":{"line":9,"column":23},"end":{"line":19,"column":6}},"7":{"start":{"line":21,"column":4},"end":{"line":24,"column":7}},"8":{"start":{"line":26,"column":4},"end":{"line":26,"column":24}},"9":{"start":{"line":27,"column":4},"end":{"line":27,"column":55}},"10":{"start":{"line":28,"column":4},"end":{"line":28,"column":22}},"11":{"start":{"line":33,"column":0},"end":{"line":55,"column":2}},"12":{"start":{"line":34,"column":2},"end":{"line":54,"column":3}},"13":{"start":{"line":35,"column":23},"end":{"line":45,"column":6}},"14":{"start":{"line":47,"column":4},"end":{"line":50,"column":7}},"15":{"start":{"line":52,"column":4},"end":{"line":52,"column":24}},"16":{"start":{"line":53,"column":4},"end":{"line":53,"column":123}},"17":{"start":{"line":58,"column":0},"end":{"line":87,"column":2}},"18":{"start":{"line":59,"column":2},"end":{"line":86,"column":3}},"19":{"start":{"line":60,"column":23},"end":{"line":70,"column":6}},"20":{"start":{"line":72,"column":4},"end":{"line":82,"column":7}},"21":{"start":{"line":74,"column":39},"end":{"line":81,"column":7}},"22":{"start":{"line":84,"column":4},"end":{"line":84,"column":24}},"23":{"start":{"line":85,"column":4},"end":{"line":85,"column":80}},"24":{"start":{"line":90,"column":0},"end":{"line":92,"column":2}},"25":{"start":{"line":91,"column":2},"end":{"line":91,"column":69}},"26":{"start":{"line":95,"column":0},"end":{"line":104,"column":2}},"27":{"start":{"line":96,"column":2},"end":{"line":103,"column":3}},"28":{"start":{"line":97,"column":4},"end":{"line":99,"column":7}},"29":{"start":{"line":101,"column":4},"end":{"line":101,"column":24}},"30":{"start":{"line":102,"column":4},"end":{"line":102,"column":117}},"31":{"start":{"line":107,"column":0},"end":{"line":175,"column":2}},"32":{"start":{"line":108,"column":2},"end":{"line":174,"column":3}},"33":{"start":{"line":110,"column":19},"end":{"line":110,"column":40}},"34":{"start":{"line":111,"column":4},"end":{"line":120,"column":5}},"35":{"start":{"line":112,"column":23},"end":{"line":112,"column":64}},"36":{"start":{"line":112,"column":47},"end":{"line":112,"column":52}},"37":{"start":{"line":113,"column":21},"end":{"line":113,"column":71}},"38":{"start":{"line":115,"column":6},"end":{"line":117,"column":7}},"39":{"start":{"line":116,"column":8},"end":{"line":116,"column":73}},"40":{"start":{"line":118,"column":6},"end":{"line":118,"column":39}},"41":{"start":{"line":119,"column":6},"end":{"line":119,"column":48}},"42":{"start":{"line":122,"column":55},"end":{"line":122,"column":63}},"43":{"start":{"line":123,"column":19},"end":{"line":123,"column":69}},"44":{"start":{"line":126,"column":30},"end":{"line":131,"column":6}},"45":{"start":{"line":133,"column":4},"end":{"line":140,"column":5}},"46":{"start":{"line":134,"column":23},"end":{"line":134,"column":77}},"47":{"start":{"line":135,"column":6},"end":{"line":137,"column":7}},"48":{"start":{"line":136,"column":8},"end":{"line":136,"column":73}},"49":{"start":{"line":138,"column":6},"end":{"line":138,"column":39}},"50":{"start":{"line":139,"column":6},"end":{"line":139,"column":48}},"51":{"start":{"line":143,"column":25},"end":{"line":145,"column":6}},"52":{"start":{"line":147,"column":22},"end":{"line":154,"column":6}},"53":{"start":{"line":156,"column":23},"end":{"line":158,"column":43}},"54":{"start":{"line":160,"column":4},"end":{"line":162,"column":5}},"55":{"start":{"line":161,"column":6},"end":{"line":161,"column":73}},"56":{"start":{"line":164,"column":4},"end":{"line":164,"column":41}},"57":{"start":{"line":165,"column":4},"end":{"line":165,"column":32}},"58":{"start":{"line":167,"column":4},"end":{"line":167,"column":24}},"59":{"start":{"line":168,"column":21},"end":{"line":168,"column":52}},"60":{"start":{"line":169,"column":4},"end":{"line":171,"column":5}},"61":{"start":{"line":170,"column":6},"end":{"line":170,"column":71}},"62":{"start":{"line":172,"column":4},"end":{"line":172,"column":37}},"63":{"start":{"line":173,"column":4},"end":{"line":173,"column":39}},"64":{"start":{"line":178,"column":0},"end":{"line":220,"column":2}},"65":{"start":{"line":179,"column":2},"end":{"line":219,"column":3}},"66":{"start":{"line":180,"column":35},"end":{"line":180,"column":43}},"67":{"start":{"line":181,"column":24},"end":{"line":181,"column":37}},"68":{"start":{"line":182,"column":19},"end":{"line":182,"column":69}},"69":{"start":{"line":184,"column":22},"end":{"line":189,"column":6}},"70":{"start":{"line":191,"column":4},"end":{"line":198,"column":5}},"71":{"start":{"line":192,"column":23},"end":{"line":192,"column":44}},"72":{"start":{"line":193,"column":6},"end":{"line":195,"column":7}},"73":{"start":{"line":194,"column":8},"end":{"line":194,"column":73}},"74":{"start":{"line":196,"column":6},"end":{"line":196,"column":39}},"75":{"start":{"line":197,"column":6},"end":{"line":197,"column":41}},"76":{"start":{"line":200,"column":4},"end":{"line":202,"column":7}},"77":{"start":{"line":204,"column":23},"end":{"line":204,"column":54}},"78":{"start":{"line":205,"column":4},"end":{"line":207,"column":5}},"79":{"start":{"line":206,"column":6},"end":{"line":206,"column":62}},"80":{"start":{"line":209,"column":4},"end":{"line":209,"column":41}},"81":{"start":{"line":210,"column":4},"end":{"line":210,"column":32}},"82":{"start":{"line":212,"column":4},"end":{"line":212,"column":24}},"83":{"start":{"line":213,"column":21},"end":{"line":213,"column":59}},"84":{"start":{"line":214,"column":4},"end":{"line":216,"column":5}},"85":{"start":{"line":215,"column":6},"end":{"line":215,"column":71}},"86":{"start":{"line":217,"column":4},"end":{"line":217,"column":37}},"87":{"start":{"line":218,"column":4},"end":{"line":218,"column":32}},"88":{"start":{"line":223,"column":0},"end":{"line":274,"column":2}},"89":{"start":{"line":224,"column":2},"end":{"line":273,"column":3}},"90":{"start":{"line":225,"column":18},"end":{"line":225,"column":27}},"91":{"start":{"line":226,"column":19},"end":{"line":226,"column":30}},"92":{"start":{"line":228,"column":4},"end":{"line":230,"column":5}},"93":{"start":{"line":229,"column":6},"end":{"line":229,"column":26}},"94":{"start":{"line":235,"column":23},"end":{"line":256,"column":6}},"95":{"start":{"line":258,"column":20},"end":{"line":267,"column":7}},"96":{"start":{"line":258,"column":49},"end":{"line":267,"column":5}},"97":{"start":{"line":269,"column":4},"end":{"line":269,"column":22}},"98":{"start":{"line":271,"column":4},"end":{"line":271,"column":24}},"99":{"start":{"line":272,"column":4},"end":{"line":272,"column":53}},"100":{"start":{"line":277,"column":0},"end":{"line":307,"column":2}},"101":{"start":{"line":278,"column":2},"end":{"line":306,"column":3}},"102":{"start":{"line":279,"column":22},"end":{"line":291,"column":6}},"103":{"start":{"line":293,"column":4},"end":{"line":296,"column":5}},"104":{"start":{"line":294,"column":6},"end":{"line":294,"column":52}},"105":{"start":{"line":295,"column":6},"end":{"line":295,"column":41}},"106":{"start":{"line":298,"column":4},"end":{"line":301,"column":7}},"107":{"start":{"line":303,"column":4},"end":{"line":303,"column":24}},"108":{"start":{"line":304,"column":4},"end":{"line":304,"column":54}},"109":{"start":{"line":305,"column":4},"end":{"line":305,"column":32}},"110":{"start":{"line":310,"column":0},"end":{"line":338,"column":2}},"111":{"start":{"line":311,"column":2},"end":{"line":337,"column":3}},"112":{"start":{"line":312,"column":22},"end":{"line":324,"column":6}},"113":{"start":{"line":326,"column":4},"end":{"line":328,"column":5}},"114":{"start":{"line":327,"column":6},"end":{"line":327,"column":108}},"115":{"start":{"line":330,"column":4},"end":{"line":333,"column":7}},"116":{"start":{"line":335,"column":4},"end":{"line":335,"column":24}},"117":{"start":{"line":336,"column":4},"end":{"line":336,"column":122}},"118":{"start":{"line":341,"column":0},"end":{"line":431,"column":2}},"119":{"start":{"line":342,"column":2},"end":{"line":430,"column":3}},"120":{"start":{"line":344,"column":19},"end":{"line":344,"column":40}},"121":{"start":{"line":345,"column":4},"end":{"line":354,"column":5}},"122":{"start":{"line":346,"column":23},"end":{"line":346,"column":64}},"123":{"start":{"line":346,"column":47},"end":{"line":346,"column":52}},"124":{"start":{"line":347,"column":21},"end":{"line":347,"column":71}},"125":{"start":{"line":349,"column":6},"end":{"line":351,"column":7}},"126":{"start":{"line":350,"column":8},"end":{"line":350,"column":73}},"127":{"start":{"line":352,"column":6},"end":{"line":352,"column":39}},"128":{"start":{"line":353,"column":6},"end":{"line":353,"column":63}},"129":{"start":{"line":356,"column":55},"end":{"line":356,"column":63}},"130":{"start":{"line":357,"column":24},"end":{"line":357,"column":37}},"131":{"start":{"line":358,"column":19},"end":{"line":358,"column":69}},"132":{"start":{"line":360,"column":22},"end":{"line":365,"column":6}},"133":{"start":{"line":367,"column":4},"end":{"line":374,"column":5}},"134":{"start":{"line":368,"column":23},"end":{"line":368,"column":44}},"135":{"start":{"line":369,"column":6},"end":{"line":371,"column":7}},"136":{"start":{"line":370,"column":8},"end":{"line":370,"column":73}},"137":{"start":{"line":372,"column":6},"end":{"line":372,"column":39}},"138":{"start":{"line":373,"column":6},"end":{"line":373,"column":41}},"139":{"start":{"line":377,"column":4},"end":{"line":413,"column":5}},"140":{"start":{"line":378,"column":32},"end":{"line":384,"column":8}},"141":{"start":{"line":386,"column":6},"end":{"line":393,"column":7}},"142":{"start":{"line":387,"column":25},"end":{"line":387,"column":79}},"143":{"start":{"line":388,"column":8},"end":{"line":390,"column":9}},"144":{"start":{"line":389,"column":10},"end":{"line":389,"column":75}},"145":{"start":{"line":391,"column":8},"end":{"line":391,"column":41}},"146":{"start":{"line":392,"column":8},"end":{"line":392,"column":63}},"147":{"start":{"line":396,"column":27},"end":{"line":398,"column":8}},"148":{"start":{"line":400,"column":6},"end":{"line":406,"column":9}},"149":{"start":{"line":408,"column":6},"end":{"line":412,"column":9}},"150":{"start":{"line":415,"column":23},"end":{"line":415,"column":55}},"151":{"start":{"line":416,"column":4},"end":{"line":418,"column":5}},"152":{"start":{"line":417,"column":6},"end":{"line":417,"column":73}},"153":{"start":{"line":420,"column":4},"end":{"line":420,"column":41}},"154":{"start":{"line":421,"column":4},"end":{"line":421,"column":32}},"155":{"start":{"line":423,"column":4},"end":{"line":423,"column":24}},"156":{"start":{"line":424,"column":21},"end":{"line":424,"column":47}},"157":{"start":{"line":425,"column":4},"end":{"line":427,"column":5}},"158":{"start":{"line":426,"column":6},"end":{"line":426,"column":71}},"159":{"start":{"line":428,"column":4},"end":{"line":428,"column":37}},"160":{"start":{"line":429,"column":4},"end":{"line":429,"column":54}},"161":{"start":{"line":434,"column":0},"end":{"line":472,"column":2}},"162":{"start":{"line":435,"column":2},"end":{"line":471,"column":3}},"163":{"start":{"line":436,"column":19},"end":{"line":436,"column":69}},"164":{"start":{"line":438,"column":22},"end":{"line":443,"column":6}},"165":{"start":{"line":445,"column":4},"end":{"line":452,"column":5}},"166":{"start":{"line":446,"column":23},"end":{"line":446,"column":44}},"167":{"start":{"line":447,"column":6},"end":{"line":449,"column":7}},"168":{"start":{"line":448,"column":8},"end":{"line":448,"column":73}},"169":{"start":{"line":450,"column":6},"end":{"line":450,"column":39}},"170":{"start":{"line":451,"column":6},"end":{"line":451,"column":41}},"171":{"start":{"line":454,"column":4},"end":{"line":454,"column":30}},"172":{"start":{"line":456,"column":23},"end":{"line":456,"column":55}},"173":{"start":{"line":457,"column":4},"end":{"line":459,"column":5}},"174":{"start":{"line":458,"column":6},"end":{"line":458,"column":62}},"175":{"start":{"line":461,"column":4},"end":{"line":461,"column":41}},"176":{"start":{"line":462,"column":4},"end":{"line":462,"column":32}},"177":{"start":{"line":464,"column":4},"end":{"line":464,"column":24}},"178":{"start":{"line":465,"column":21},"end":{"line":465,"column":47}},"179":{"start":{"line":466,"column":4},"end":{"line":468,"column":5}},"180":{"start":{"line":467,"column":6},"end":{"line":467,"column":71}},"181":{"start":{"line":469,"column":4},"end":{"line":469,"column":37}},"182":{"start":{"line":470,"column":4},"end":{"line":470,"column":32}},"183":{"start":{"line":475,"column":0},"end":{"line":513,"column":2}},"184":{"start":{"line":476,"column":2},"end":{"line":512,"column":3}},"185":{"start":{"line":477,"column":19},"end":{"line":477,"column":69}},"186":{"start":{"line":479,"column":22},"end":{"line":484,"column":6}},"187":{"start":{"line":486,"column":4},"end":{"line":493,"column":5}},"188":{"start":{"line":487,"column":23},"end":{"line":487,"column":44}},"189":{"start":{"line":488,"column":6},"end":{"line":490,"column":7}},"190":{"start":{"line":489,"column":8},"end":{"line":489,"column":73}},"191":{"start":{"line":491,"column":6},"end":{"line":491,"column":39}},"192":{"start":{"line":492,"column":6},"end":{"line":492,"column":41}},"193":{"start":{"line":495,"column":4},"end":{"line":495,"column":45}},"194":{"start":{"line":497,"column":23},"end":{"line":497,"column":64}},"195":{"start":{"line":498,"column":4},"end":{"line":500,"column":5}},"196":{"start":{"line":499,"column":6},"end":{"line":499,"column":62}},"197":{"start":{"line":502,"column":4},"end":{"line":502,"column":41}},"198":{"start":{"line":503,"column":4},"end":{"line":503,"column":32}},"199":{"start":{"line":505,"column":4},"end":{"line":505,"column":24}},"200":{"start":{"line":506,"column":21},"end":{"line":506,"column":48}},"201":{"start":{"line":507,"column":4},"end":{"line":509,"column":5}},"202":{"start":{"line":508,"column":6},"end":{"line":508,"column":71}},"203":{"start":{"line":510,"column":4},"end":{"line":510,"column":37}},"204":{"start":{"line":511,"column":4},"end":{"line":511,"column":32}}},"fnMap":{"0":{"name":"(anonymous_0)","decl":{"start":{"line":7,"column":25},"end":{"line":7,"column":26}},"loc":{"start":{"line":7,"column":45},"end":{"line":30,"column":1}},"line":7},"1":{"name":"(anonymous_1)","decl":{"start":{"line":33,"column":32},"end":{"line":33,"column":33}},"loc":{"start":{"line":33,"column":52},"end":{"line":55,"column":1}},"line":33},"2":{"name":"(anonymous_2)","decl":{"start":{"line":58,"column":28},"end":{"line":58,"column":29}},"loc":{"start":{"line":58,"column":48},"end":{"line":87,"column":1}},"line":58},"3":{"name":"(anonymous_3)","decl":{"start":{"line":74,"column":33},"end":{"line":74,"column":34}},"loc":{"start":{"line":74,"column":39},"end":{"line":81,"column":7}},"line":74},"4":{"name":"(anonymous_4)","decl":{"start":{"line":90,"column":29},"end":{"line":90,"column":30}},"loc":{"start":{"line":90,"column":43},"end":{"line":92,"column":1}},"line":90},"5":{"name":"(anonymous_5)","decl":{"start":{"line":95,"column":36},"end":{"line":95,"column":37}},"loc":{"start":{"line":95,"column":50},"end":{"line":104,"column":1}},"line":95},"6":{"name":"(anonymous_6)","decl":{"start":{"line":107,"column":26},"end":{"line":107,"column":27}},"loc":{"start":{"line":107,"column":46},"end":{"line":175,"column":1}},"line":107},"7":{"name":"(anonymous_7)","decl":{"start":{"line":112,"column":42},"end":{"line":112,"column":43}},"loc":{"start":{"line":112,"column":47},"end":{"line":112,"column":52}},"line":112},"8":{"name":"(anonymous_8)","decl":{"start":{"line":178,"column":37},"end":{"line":178,"column":38}},"loc":{"start":{"line":178,"column":57},"end":{"line":220,"column":1}},"line":178},"9":{"name":"(anonymous_9)","decl":{"start":{"line":223,"column":27},"end":{"line":223,"column":28}},"loc":{"start":{"line":223,"column":47},"end":{"line":274,"column":1}},"line":223},"10":{"name":"(anonymous_10)","decl":{"start":{"line":258,"column":35},"end":{"line":258,"column":36}},"loc":{"start":{"line":258,"column":49},"end":{"line":267,"column":5}},"line":258},"11":{"name":"(anonymous_11)","decl":{"start":{"line":277,"column":27},"end":{"line":277,"column":28}},"loc":{"start":{"line":277,"column":47},"end":{"line":307,"column":1}},"line":277},"12":{"name":"(anonymous_12)","decl":{"start":{"line":310,"column":34},"end":{"line":310,"column":35}},"loc":{"start":{"line":310,"column":54},"end":{"line":338,"column":1}},"line":310},"13":{"name":"(anonymous_13)","decl":{"start":{"line":341,"column":26},"end":{"line":341,"column":27}},"loc":{"start":{"line":341,"column":46},"end":{"line":431,"column":1}},"line":341},"14":{"name":"(anonymous_14)","decl":{"start":{"line":346,"column":42},"end":{"line":346,"column":43}},"loc":{"start":{"line":346,"column":47},"end":{"line":346,"column":52}},"line":346},"15":{"name":"(anonymous_15)","decl":{"start":{"line":434,"column":26},"end":{"line":434,"column":27}},"loc":{"start":{"line":434,"column":46},"end":{"line":472,"column":1}},"line":434},"16":{"name":"(anonymous_16)","decl":{"start":{"line":475,"column":26},"end":{"line":475,"column":27}},"loc":{"start":{"line":475,"column":46},"end":{"line":513,"column":1}},"line":475}},"branchMap":{"0":{"loc":{"start":{"line":111,"column":4},"end":{"line":120,"column":5}},"type":"if","locations":[{"start":{"line":111,"column":4},"end":{"line":120,"column":5}},{"start":{},"end":{}}],"line":111},"1":{"loc":{"start":{"line":113,"column":21},"end":{"line":113,"column":71}},"type":"binary-expr","locations":[{"start":{"line":113,"column":21},"end":{"line":113,"column":60}},{"start":{"line":113,"column":64},"end":{"line":113,"column":71}}],"line":113},"2":{"loc":{"start":{"line":115,"column":6},"end":{"line":117,"column":7}},"type":"if","locations":[{"start":{"line":115,"column":6},"end":{"line":117,"column":7}},{"start":{},"end":{}}],"line":115},"3":{"loc":{"start":{"line":123,"column":19},"end":{"line":123,"column":69}},"type":"binary-expr","locations":[{"start":{"line":123,"column":19},"end":{"line":123,"column":58}},{"start":{"line":123,"column":62},"end":{"line":123,"column":69}}],"line":123},"4":{"loc":{"start":{"line":133,"column":4},"end":{"line":140,"column":5}},"type":"if","locations":[{"start":{"line":133,"column":4},"end":{"line":140,"column":5}},{"start":{},"end":{}}],"line":133},"5":{"loc":{"start":{"line":135,"column":6},"end":{"line":137,"column":7}},"type":"if","locations":[{"start":{"line":135,"column":6},"end":{"line":137,"column":7}},{"start":{},"end":{}}],"line":135},"6":{"loc":{"start":{"line":153,"column":14},"end":{"line":153,"column":51}},"type":"cond-expr","locations":[{"start":{"line":153,"column":29},"end":{"line":153,"column":44}},{"start":{"line":153,"column":47},"end":{"line":153,"column":51}}],"line":153},"7":{"loc":{"start":{"line":156,"column":23},"end":{"line":158,"column":43}},"type":"cond-expr","locations":[{"start":{"line":157,"column":6},"end":{"line":157,"column":61}},{"start":{"line":158,"column":6},"end":{"line":158,"column":43}}],"line":156},"8":{"loc":{"start":{"line":160,"column":4},"end":{"line":162,"column":5}},"type":"if","locations":[{"start":{"line":160,"column":4},"end":{"line":162,"column":5}},{"start":{},"end":{}}],"line":160},"9":{"loc":{"start":{"line":169,"column":4},"end":{"line":171,"column":5}},"type":"if","locations":[{"start":{"line":169,"column":4},"end":{"line":171,"column":5}},{"start":{},"end":{}}],"line":169},"10":{"loc":{"start":{"line":169,"column":8},"end":{"line":169,"column":58}},"type":"binary-expr","locations":[{"start":{"line":169,"column":8},"end":{"line":169,"column":47}},{"start":{"line":169,"column":51},"end":{"line":169,"column":58}}],"line":169},"11":{"loc":{"start":{"line":182,"column":19},"end":{"line":182,"column":69}},"type":"binary-expr","locations":[{"start":{"line":182,"column":19},"end":{"line":182,"column":58}},{"start":{"line":182,"column":62},"end":{"line":182,"column":69}}],"line":182},"12":{"loc":{"start":{"line":191,"column":4},"end":{"line":198,"column":5}},"type":"if","locations":[{"start":{"line":191,"column":4},"end":{"line":198,"column":5}},{"start":{},"end":{}}],"line":191},"13":{"loc":{"start":{"line":193,"column":6},"end":{"line":195,"column":7}},"type":"if","locations":[{"start":{"line":193,"column":6},"end":{"line":195,"column":7}},{"start":{},"end":{}}],"line":193},"14":{"loc":{"start":{"line":205,"column":4},"end":{"line":207,"column":5}},"type":"if","locations":[{"start":{"line":205,"column":4},"end":{"line":207,"column":5}},{"start":{},"end":{}}],"line":205},"15":{"loc":{"start":{"line":214,"column":4},"end":{"line":216,"column":5}},"type":"if","locations":[{"start":{"line":214,"column":4},"end":{"line":216,"column":5}},{"start":{},"end":{}}],"line":214},"16":{"loc":{"start":{"line":214,"column":8},"end":{"line":214,"column":58}},"type":"binary-expr","locations":[{"start":{"line":214,"column":8},"end":{"line":214,"column":47}},{"start":{"line":214,"column":51},"end":{"line":214,"column":58}}],"line":214},"17":{"loc":{"start":{"line":228,"column":4},"end":{"line":230,"column":5}},"type":"if","locations":[{"start":{"line":228,"column":4},"end":{"line":230,"column":5}},{"start":{},"end":{}}],"line":228},"18":{"loc":{"start":{"line":228,"column":8},"end":{"line":228,"column":26}},"type":"binary-expr","locations":[{"start":{"line":228,"column":8},"end":{"line":228,"column":10}},{"start":{"line":228,"column":14},"end":{"line":228,"column":26}}],"line":228},"19":{"loc":{"start":{"line":265,"column":25},"end":{"line":266,"column":89}},"type":"cond-expr","locations":[{"start":{"line":266,"column":8},"end":{"line":266,"column":82}},{"start":{"line":266,"column":85},"end":{"line":266,"column":89}}],"line":265},"20":{"loc":{"start":{"line":293,"column":4},"end":{"line":296,"column":5}},"type":"if","locations":[{"start":{"line":293,"column":4},"end":{"line":296,"column":5}},{"start":{},"end":{}}],"line":293},"21":{"loc":{"start":{"line":326,"column":4},"end":{"line":328,"column":5}},"type":"if","locations":[{"start":{"line":326,"column":4},"end":{"line":328,"column":5}},{"start":{},"end":{}}],"line":326},"22":{"loc":{"start":{"line":345,"column":4},"end":{"line":354,"column":5}},"type":"if","locations":[{"start":{"line":345,"column":4},"end":{"line":354,"column":5}},{"start":{},"end":{}}],"line":345},"23":{"loc":{"start":{"line":347,"column":21},"end":{"line":347,"column":71}},"type":"binary-expr","locations":[{"start":{"line":347,"column":21},"end":{"line":347,"column":60}},{"start":{"line":347,"column":64},"end":{"line":347,"column":71}}],"line":347},"24":{"loc":{"start":{"line":349,"column":6},"end":{"line":351,"column":7}},"type":"if","locations":[{"start":{"line":349,"column":6},"end":{"line":351,"column":7}},{"start":{},"end":{}}],"line":349},"25":{"loc":{"start":{"line":358,"column":19},"end":{"line":358,"column":69}},"type":"binary-expr","locations":[{"start":{"line":358,"column":19},"end":{"line":358,"column":58}},{"start":{"line":358,"column":62},"end":{"line":358,"column":69}}],"line":358},"26":{"loc":{"start":{"line":367,"column":4},"end":{"line":374,"column":5}},"type":"if","locations":[{"start":{"line":367,"column":4},"end":{"line":374,"column":5}},{"start":{},"end":{}}],"line":367},"27":{"loc":{"start":{"line":369,"column":6},"end":{"line":371,"column":7}},"type":"if","locations":[{"start":{"line":369,"column":6},"end":{"line":371,"column":7}},{"start":{},"end":{}}],"line":369},"28":{"loc":{"start":{"line":377,"column":4},"end":{"line":413,"column":5}},"type":"if","locations":[{"start":{"line":377,"column":4},"end":{"line":413,"column":5}},{"start":{"line":407,"column":11},"end":{"line":413,"column":5}}],"line":377},"29":{"loc":{"start":{"line":386,"column":6},"end":{"line":393,"column":7}},"type":"if","locations":[{"start":{"line":386,"column":6},"end":{"line":393,"column":7}},{"start":{},"end":{}}],"line":386},"30":{"loc":{"start":{"line":388,"column":8},"end":{"line":390,"column":9}},"type":"if","locations":[{"start":{"line":388,"column":8},"end":{"line":390,"column":9}},{"start":{},"end":{}}],"line":388},"31":{"loc":{"start":{"line":405,"column":16},"end":{"line":405,"column":53}},"type":"cond-expr","locations":[{"start":{"line":405,"column":31},"end":{"line":405,"column":46}},{"start":{"line":405,"column":49},"end":{"line":405,"column":53}}],"line":405},"32":{"loc":{"start":{"line":416,"column":4},"end":{"line":418,"column":5}},"type":"if","locations":[{"start":{"line":416,"column":4},"end":{"line":418,"column":5}},{"start":{},"end":{}}],"line":416},"33":{"loc":{"start":{"line":425,"column":4},"end":{"line":427,"column":5}},"type":"if","locations":[{"start":{"line":425,"column":4},"end":{"line":427,"column":5}},{"start":{},"end":{}}],"line":425},"34":{"loc":{"start":{"line":425,"column":8},"end":{"line":425,"column":58}},"type":"binary-expr","locations":[{"start":{"line":425,"column":8},"end":{"line":425,"column":47}},{"start":{"line":425,"column":51},"end":{"line":425,"column":58}}],"line":425},"35":{"loc":{"start":{"line":436,"column":19},"end":{"line":436,"column":69}},"type":"binary-expr","locations":[{"start":{"line":436,"column":19},"end":{"line":436,"column":58}},{"start":{"line":436,"column":62},"end":{"line":436,"column":69}}],"line":436},"36":{"loc":{"start":{"line":445,"column":4},"end":{"line":452,"column":5}},"type":"if","locations":[{"start":{"line":445,"column":4},"end":{"line":452,"column":5}},{"start":{},"end":{}}],"line":445},"37":{"loc":{"start":{"line":447,"column":6},"end":{"line":449,"column":7}},"type":"if","locations":[{"start":{"line":447,"column":6},"end":{"line":449,"column":7}},{"start":{},"end":{}}],"line":447},"38":{"loc":{"start":{"line":457,"column":4},"end":{"line":459,"column":5}},"type":"if","locations":[{"start":{"line":457,"column":4},"end":{"line":459,"column":5}},{"start":{},"end":{}}],"line":457},"39":{"loc":{"start":{"line":466,"column":4},"end":{"line":468,"column":5}},"type":"if","locations":[{"start":{"line":466,"column":4},"end":{"line":468,"column":5}},{"start":{},"end":{}}],"line":466},"40":{"loc":{"start":{"line":466,"column":8},"end":{"line":466,"column":58}},"type":"binary-expr","locations":[{"start":{"line":466,"column":8},"end":{"line":466,"column":47}},{"start":{"line":466,"column":51},"end":{"line":466,"column":58}}],"line":466},"41":{"loc":{"start":{"line":477,"column":19},"end":{"line":477,"column":69}},"type":"binary-expr","locations":[{"start":{"line":477,"column":19},"end":{"line":477,"column":58}},{"start":{"line":477,"column":62},"end":{"line":477,"column":69}}],"line":477},"42":{"loc":{"start":{"line":486,"column":4},"end":{"line":493,"column":5}},"type":"if","locations":[{"start":{"line":486,"column":4},"end":{"line":493,"column":5}},{"start":{},"end":{}}],"line":486},"43":{"loc":{"start":{"line":488,"column":6},"end":{"line":490,"column":7}},"type":"if","locations":[{"start":{"line":488,"column":6},"end":{"line":490,"column":7}},{"start":{},"end":{}}],"line":488},"44":{"loc":{"start":{"line":498,"column":4},"end":{"line":500,"column":5}},"type":"if","locations":[{"start":{"line":498,"column":4},"end":{"line":500,"column":5}},{"start":{},"end":{}}],"line":498},"45":{"loc":{"start":{"line":507,"column":4},"end":{"line":509,"column":5}},"type":"if","locations":[{"start":{"line":507,"column":4},"end":{"line":509,"column":5}},{"start":{},"end":{}}],"line":507},"46":{"loc":{"start":{"line":507,"column":8},"end":{"line":507,"column":58}},"type":"binary-expr","locations":[{"start":{"line":507,"column":8},"end":{"line":507,"column":47}},{"start":{"line":507,"column":51},"end":{"line":507,"column":58}}],"line":507}},"s":{"0":0,"1":0,"2":0,"3":0,"4":0,"5":0,"6":0,"7":0,"8":0,"9":0,"10":0,"11":0,"12":0,"13":0,"14":0,"15":0,"16":0,"17":0,"18":0,"19":0,"20":0,"21":0,"22":0,"23":0,"24":0,"25":0,"26":0,"27":0,"28":0,"29":0,"30":0,"31":0,"32":0,"33":0,"34":0,"35":0,"36":0,"37":0,"38":0,"39":0,"40":0,"41":0,"42":0,"43":0,"44":0,"45":0,"46":0,"47":0,"48":0,"49":0,"50":0,"51":0,"52":0,"53":0,"54":0,"55":0,"56":0,"57":0,"58":0,"59":0,"60":0,"61":0,"62":0,"63":0,"64":0,"65":0,"66":0,"67":0,"68":0,"69":0,"70":0,"71":0,"72":0,"73":0,"74":0,"75":0,"76":0,"77":0,"78":0,"79":0,"80":0,"81":0,"82":0,"83":0,"84":0,"85":0,"86":0,"87":0,"88":0,"89":0,"90":0,"91":0,"92":0,"93":0,"94":0,"95":0,"96":0,"97":0,"98":0,"99":0,"100":0,"101":0,"102":0,"103":0,"104":0,"105":0,"106":0,"107":0,"108":0,"109":0,"110":0,"111":0,"112":0,"113":0,"114":0,"115":0,"116":0,"117":0,"118":0,"119":0,"120":0,"121":0,"122":0,"123":0,"124":0,"125":0,"126":0,"127":0,"128":0,"129":0,"130":0,"131":0,"132":0,"133":0,"134":0,"135":0,"136":0,"137":0,"138":0,"139":0,"140":0,"141":0,"142":0,"143":0,"144":0,"145":0,"146":0,"147":0,"148":0,"149":0,"150":0,"151":0,"152":0,"153":0,"154":0,"155":0,"156":0,"157":0,"158":0,"159":0,"160":0,"161":0,"162":0,"163":0,"164":0,"165":0,"166":0,"167":0,"168":0,"169":0,"170":0,"171":0,"172":0,"173":0,"174":0,"175":0,"176":0,"177":0,"178":0,"179":0,"180":0,"181":0,"182":0,"183":0,"184":0,"185":0,"186":0,"187":0,"188":0,"189":0,"190":0,"191":0,"192":0,"193":0,"194":0,"195":0,"196":0,"197":0,"198":0,"199":0,"200":0,"201":0,"202":0,"203":0,"204":0},"f":{"0":0,"1":0,"2":0,"3":0,"4":0,"5":0,"6":0,"7":0,"8":0,"9":0,"10":0,"11":0,"12":0,"13":0,"14":0,"15":0,"16":0},"b":{"0":[0,0],"1":[0,0],"2":[0,0],"3":[0,0],"4":[0,0],"5":[0,0],"6":[0,0],"7":[0,0],"8":[0,0],"9":[0,0],"10":[0,0],"11":[0,0],"12":[0,0],"13":[0,0],"14":[0,0],"15":[0,0],"16":[0,0],"17":[0,0],"18":[0,0],"19":[0,0],"20":[0,0],"21":[0,0],"22":[0,0],"23":[0,0],"24":[0,0],"25":[0,0],"26":[0,0],"27":[0,0],"28":[0,0],"29":[0,0],"30":[0,0],"31":[0,0],"32":[0,0],"33":[0,0],"34":[0,0],"35":[0,0],"36":[0,0],"37":[0,0],"38":[0,0],"39":[0,0],"40":[0,0],"41":[0,0],"42":[0,0],"43":[0,0],"44":[0,0],"45":[0,0],"46":[0,0]}}
,"/home/user/bluebonnet/controllers/companionRelationshipController.js": {"path":"/home/user/bluebonnet/controllers/companionRelationshipController.js","statementMap":{"0":{"start":{"line":1,"column":11},"end":{"line":1,"column":31}},"1":{"start":{"line":2,"column":15},"end":{"line":2,"column":41}},"2":{"start":{"line":3,"column":15},"end":{"line":3,"column":35}},"3":{"start":{"line":5,"column":0},"end":{"line":88,"column":2}},"4":{"start":{"line":6,"column":2},"end":{"line":87,"column":3}},"5":{"start":{"line":7,"column":49},"end":{"line":7,"column":57}},"6":{"start":{"line":8,"column":19},"end":{"line":8,"column":30}},"7":{"start":{"line":11,"column":4},"end":{"line":16,"column":5}},"8":{"start":{"line":12,"column":6},"end":{"line":15,"column":9}},"9":{"start":{"line":18,"column":4},"end":{"line":23,"column":5}},"10":{"start":{"line":19,"column":6},"end":{"line":22,"column":9}},"11":{"start":{"line":26,"column":4},"end":{"line":31,"column":5}},"12":{"start":{"line":27,"column":6},"end":{"line":30,"column":9}},"13":{"start":{"line":34,"column":26},"end":{"line":34,"column":65}},"14":{"start":{"line":35,"column":4},"end":{"line":40,"column":5}},"15":{"start":{"line":36,"column":6},"end":{"line":39,"column":9}},"16":{"start":{"line":43,"column":33},"end":{"line":48,"column":6}},"17":{"start":{"line":50,"column":4},"end":{"line":55,"column":5}},"18":{"start":{"line":51,"column":6},"end":{"line":54,"column":9}},"19":{"start":{"line":58,"column":25},"end":{"line":63,"column":6}},"20":{"start":{"line":66,"column":4},"end":{"line":74,"column":7}},"21":{"start":{"line":76,"column":4},"end":{"line":80,"column":7}},"22":{"start":{"line":82,"column":4},"end":{"line":82,"column":60}},"23":{"start":{"line":83,"column":4},"end":{"line":86,"column":7}},"24":{"start":{"line":90,"column":0},"end":{"line":138,"column":2}},"25":{"start":{"line":91,"column":2},"end":{"line":137,"column":3}},"26":{"start":{"line":92,"column":19},"end":{"line":92,"column":30}},"27":{"start":{"line":95,"column":29},"end":{"line":108,"column":6}},"28":{"start":{"line":111,"column":29},"end":{"line":124,"column":6}},"29":{"start":{"line":126,"column":4},"end":{"line":130,"column":7}},"30":{"start":{"line":132,"column":4},"end":{"line":132,"column":60}},"31":{"start":{"line":133,"column":4},"end":{"line":136,"column":7}},"32":{"start":{"line":140,"column":0},"end":{"line":221,"column":2}},"33":{"start":{"line":141,"column":2},"end":{"line":220,"column":3}},"34":{"start":{"line":142,"column":31},"end":{"line":142,"column":41}},"35":{"start":{"line":143,"column":32},"end":{"line":143,"column":40}},"36":{"start":{"line":144,"column":19},"end":{"line":144,"column":30}},"37":{"start":{"line":147,"column":4},"end":{"line":152,"column":5}},"38":{"start":{"line":148,"column":6},"end":{"line":151,"column":9}},"39":{"start":{"line":155,"column":25},"end":{"line":155,"column":80}},"40":{"start":{"line":156,"column":4},"end":{"line":161,"column":5}},"41":{"start":{"line":157,"column":6},"end":{"line":160,"column":9}},"42":{"start":{"line":164,"column":4},"end":{"line":169,"column":5}},"43":{"start":{"line":165,"column":6},"end":{"line":168,"column":9}},"44":{"start":{"line":172,"column":4},"end":{"line":172,"column":37}},"45":{"start":{"line":173,"column":4},"end":{"line":173,"column":51}},"46":{"start":{"line":174,"column":4},"end":{"line":174,"column":42}},"47":{"start":{"line":175,"column":4},"end":{"line":175,"column":30}},"48":{"start":{"line":178,"column":32},"end":{"line":183,"column":6}},"49":{"start":{"line":185,"column":4},"end":{"line":196,"column":5}},"50":{"start":{"line":186,"column":6},"end":{"line":191,"column":9}},"51":{"start":{"line":192,"column":11},"end":{"line":196,"column":5}},"52":{"start":{"line":193,"column":6},"end":{"line":193,"column":46}},"53":{"start":{"line":194,"column":6},"end":{"line":194,"column":58}},"54":{"start":{"line":195,"column":6},"end":{"line":195,"column":39}},"55":{"start":{"line":199,"column":4},"end":{"line":207,"column":7}},"56":{"start":{"line":209,"column":4},"end":{"line":213,"column":7}},"57":{"start":{"line":215,"column":4},"end":{"line":215,"column":62}},"58":{"start":{"line":216,"column":4},"end":{"line":219,"column":7}},"59":{"start":{"line":223,"column":0},"end":{"line":272,"column":2}},"60":{"start":{"line":224,"column":2},"end":{"line":271,"column":3}},"61":{"start":{"line":225,"column":31},"end":{"line":225,"column":41}},"62":{"start":{"line":226,"column":19},"end":{"line":226,"column":30}},"63":{"start":{"line":229,"column":25},"end":{"line":229,"column":80}},"64":{"start":{"line":230,"column":4},"end":{"line":235,"column":5}},"65":{"start":{"line":231,"column":6},"end":{"line":234,"column":9}},"66":{"start":{"line":238,"column":4},"end":{"line":243,"column":5}},"67":{"start":{"line":239,"column":6},"end":{"line":242,"column":9}},"68":{"start":{"line":246,"column":4},"end":{"line":246,"column":37}},"69":{"start":{"line":247,"column":4},"end":{"line":247,"column":42}},"70":{"start":{"line":248,"column":4},"end":{"line":248,"column":30}},"71":{"start":{"line":251,"column":4},"end":{"line":259,"column":7}},"72":{"start":{"line":261,"column":4},"end":{"line":264,"column":7}},"73":{"start":{"line":266,"column":4},"end":{"line":266,"column":62}},"74":{"start":{"line":267,"column":4},"end":{"line":270,"column":7}},"75":{"start":{"line":274,"column":0},"end":{"line":329,"column":2}},"76":{"start":{"line":275,"column":2},"end":{"line":328,"column":3}},"77":{"start":{"line":276,"column":31},"end":{"line":276,"column":41}},"78":{"start":{"line":277,"column":32},"end":{"line":277,"column":40}},"79":{"start":{"line":278,"column":19},"end":{"line":278,"column":30}},"80":{"start":{"line":281,"column":4},"end":{"line":286,"column":5}},"81":{"start":{"line":282,"column":6},"end":{"line":285,"column":9}},"82":{"start":{"line":289,"column":25},"end":{"line":289,"column":80}},"83":{"start":{"line":290,"column":4},"end":{"line":295,"column":5}},"84":{"start":{"line":291,"column":6},"end":{"line":294,"column":9}},"85":{"start":{"line":298,"column":4},"end":{"line":303,"column":5}},"86":{"start":{"line":299,"column":6},"end":{"line":302,"column":9}},"87":{"start":{"line":306,"column":4},"end":{"line":311,"column":5}},"88":{"start":{"line":307,"column":6},"end":{"line":310,"column":9}},"89":{"start":{"line":314,"column":4},"end":{"line":314,"column":51}},"90":{"start":{"line":315,"column":4},"end":{"line":315,"column":30}},"91":{"start":{"line":317,"column":4},"end":{"line":321,"column":7}},"92":{"start":{"line":323,"column":4},"end":{"line":323,"column":60}},"93":{"start":{"line":324,"column":4},"end":{"line":327,"column":7}},"94":{"start":{"line":331,"column":0},"end":{"line":379,"column":2}},"95":{"start":{"line":332,"column":2},"end":{"line":378,"column":3}},"96":{"start":{"line":333,"column":31},"end":{"line":333,"column":41}},"97":{"start":{"line":334,"column":19},"end":{"line":334,"column":30}},"98":{"start":{"line":337,"column":25},"end":{"line":337,"column":80}},"99":{"start":{"line":338,"column":4},"end":{"line":343,"column":5}},"100":{"start":{"line":339,"column":6},"end":{"line":342,"column":9}},"101":{"start":{"line":346,"column":4},"end":{"line":351,"column":5}},"102":{"start":{"line":347,"column":6},"end":{"line":350,"column":9}},"103":{"start":{"line":354,"column":4},"end":{"line":354,"column":33}},"104":{"start":{"line":357,"column":32},"end":{"line":362,"column":6}},"105":{"start":{"line":364,"column":4},"end":{"line":366,"column":5}},"106":{"start":{"line":365,"column":6},"end":{"line":365,"column":42}},"107":{"start":{"line":368,"column":4},"end":{"line":371,"column":7}},"108":{"start":{"line":373,"column":4},"end":{"line":373,"colum
[...]
,"/home/user/bluebonnet/utils/itemCompanionHelper.js": {"path":"/home/user/bluebonnet/utils/itemCompanionHelper.js","statementMap":{"0":{"start":{"line":1,"column":11},"end":{"line":1,"column":31}},"1":{"start":{"line":6,"column":0},"end":{"line":24,"column":2}},"2":{"start":{"line":7,"column":25},"end":{"line":15,"column":4}},"3":{"start":{"line":17,"column":2},"end":{"line":23,"column":6}},"4":{"start":{"line":17,"column":35},"end":{"line":23,"column":3}},"5":{"start":{"line":29,"column":0},"end":{"line":48,"column":2}},"6":{"start":{"line":30,"column":25},"end":{"line":38,"column":4}},"7":{"start":{"line":40,"column":2},"end":{"line":47,"column":6}},"8":{"start":{"line":40,"column":35},"end":{"line":47,"column":3}},"9":{"start":{"line":53,"column":0},"end":{"line":81,"column":2}},"10":{"start":{"line":54,"column":25},"end":{"line":54,"column":80}},"11":{"start":{"line":55,"column":25},"end":{"line":55,"column":76}},"12":{"start":{"line":58,"column":23},"end":{"line":58,"column":32}},"13":{"start":{"line":61,"column":2},"end":{"line":63,"column":5}},"14":{"start":{"line":62,"column":4},"end":{"line":62,"column":64}},"15":{"start":{"line":66,"column":2},"end":{"line":78,"column":5}},"16":{"start":{"line":67,"column":4},"end":{"line":77,"column":5}},"17":{"start":{"line":69,"column":23},"end":{"line":69,"column":46}},"18":{"start":{"line":70,"column":6},"end":{"line":74,"column":9}},"19":{"start":{"line":76,"column":6},"end":{"line":76,"column":34}},"20":{"start":{"line":80,"column":2},"end":{"line":80,"column":43}},"21":{"start":{"line":86,"column":0},"end":{"line":114,"column":2}},"22":{"start":{"line":87,"column":2},"end":{"line":87,"column":86}},"23":{"start":{"line":89,"column":25},"end":{"line":91,"column":4}},"24":{"start":{"line":93,"column":2},"end":{"line":93,"column":112}},"25":{"start":{"line":93,"column":66},"end":{"line":93,"column":108}},"26":{"start":{"line":95,"column":31},"end":{"line":102,"column":5}},"27":{"start":{"line":95,"column":57},"end":{"line":102,"column":3}},"28":{"start":{"line":104,"column":2},"end":{"line":104,"column":65}},"29":{"start":{"line":106,"column":2},"end":{"line":113,"column":3}},"30":{"start":{"line":107,"column":19},"end":{"line":109,"column":6}},"31":{"start":{"line":110,"column":4},"end":{"line":110,"column":52}},"32":{"start":{"line":112,"column":4},"end":{"line":112,"column":48}},"33":{"start":{"line":124,"column":0},"end":{"line":171,"column":2}},"34":{"start":{"line":126,"column":29},"end":{"line":128,"column":4}},"35":{"start":{"line":130,"column":22},"end":{"line":130,"column":66}},"36":{"start":{"line":130,"column":51},"end":{"line":130,"column":65}},"37":{"start":{"line":133,"column":25},"end":{"line":138,"column":8}},"38":{"start":{"line":139,"column":27},"end":{"line":139,"column":67}},"39":{"start":{"line":139,"column":52},"end":{"line":139,"column":66}},"40":{"start":{"line":142,"column":25},"end":{"line":142,"column":46}},"41":{"start":{"line":145,"column":2},"end":{"line":151,"column":3}},"42":{"start":{"line":146,"column":4},"end":{"line":150,"column":5}},"43":{"start":{"line":147,"column":6},"end":{"line":149,"column":9}},"44":{"start":{"line":154,"column":2},"end":{"line":170,"column":3}},"45":{"start":{"line":155,"column":21},"end":{"line":157,"column":6}},"46":{"start":{"line":159,"column":4},"end":{"line":169,"column":5}},"47":{"start":{"line":160,"column":32},"end":{"line":160,"column":70}},"48":{"start":{"line":161,"column":6},"end":{"line":168,"column":9}},"49":{"start":{"line":176,"column":0},"end":{"line":180,"column":2}},"50":{"start":{"line":177,"column":2},"end":{"line":179,"column":5}},"51":{"start":{"line":185,"column":0},"end":{"line":188,"column":2}},"52":{"start":{"line":186,"column":24},"end":{"line":186,"column":84}},"53":{"start":{"line":187,"column":2},"end":{"line":187,"column":88}},"54":{"start":{"line":187,"column":35},"end":{"line":187,"column":86}},"55":{"start":{"line":194,"column":0},"end":{"line":269,"column":2}},"56":{"start":{"line":195,"column":62},"end":{"line":195,"column":64}},"57":{"start":{"line":198,"column":64},"end":{"line":204,"column":4}},"58":{"start":{"line":207,"column":31},"end":{"line":207,"column":33}},"59":{"start":{"line":209,"column":2},"end":{"line":218,"column":5}},"60":{"start":{"line":210,"column":4},"end":{"line":217,"column":7}},"61":{"start":{"line":220,"column":2},"end":{"line":229,"column":5}},"62":{"start":{"line":221,"column":4},"end":{"line":228,"column":7}},"63":{"start":{"line":231,"column":2},"end":{"line":240,"column":5}},"64":{"start":{"line":232,"column":4},"end":{"line":239,"column":7}},"65":{"start":{"line":242,"column":2},"end":{"line":251,"column":5}},"66":{"start":{"line":243,"column":4},"end":{"line":250,"column":7}},"67":{"start":{"line":253,"column":2},"end":{"line":262,"column":5}},"68":{"start":{"line":254,"column":4},"end":{"line":261,"column":7}},"69":{"start":{"line":264,"column":2},"end":{"line":268,"column":3}},"70":{"start":{"line":265,"column":4},"end":{"line":267,"column":7}}},"fnMap":{"0":{"name":"(anonymous_0)","decl":{"start":{"line":6,"column":33},"end":{"line":6,"column":34}},"loc":{"start":{"line":6,"column":51},"end":{"line":24,"column":1}},"line":6},"1":{"name":"(anonymous_1)","decl":{"start":{"line":17,"column":28},"end":{"line":17,"column":29}},"loc":{"start":{"line":17,"column":35},"end":{"line":23,"column":3}},"line":17},"2":{"name":"(anonymous_2)","decl":{"start":{"line":29,"column":33},"end":{"line":29,"column":34}},"loc":{"start":{"line":29,"column":61},"end":{"line":48,"column":1}},"line":29},"3":{"name":"(anonymous_3)","decl":{"start":{"line":40,"column":28},"end":{"line":40,"column":29}},"loc":{"start":{"line":40,"column":35},"end":{"line":47,"column":3}},"line":40},"4":{"name":"(anonymous_4)","decl":{"start":{"line":53,"column":34},"end":{"line":53,"column":35}},"loc":{"start":{"line":53,"column":70},"end":{"line":81,"column":1}},"line":53},"5":{"name":"(anonymous_5)","decl":{"start":{"line":61,"column":25},"end":{"line":61,"column":26}},"loc":{"start":{"line":61,"column":31},"end":{"line":63,"column":3}},"line":61},"6":{"name":"(anonymous_6)","decl":{"start":{"line":66,"column":25},"end":{"line":66,"column":26}},"loc":{"start":{"line":66,"column":31},"end":{"line":78,"column":3}},"line":66},"7":{"name":"(anonymous_7)","decl":{"start":{"line":86,"column":32},"end":{"line":86,"column":33}},"loc":{"start":{"line":86,"column":77},"end":{"line":114,"column":1}},"line":86},"8":{"name":"(anonymous_8)","decl":{"start":{"line":93,"column":59},"end":{"line":93,"column":60}},"loc":{"start":{"line":93,"column":66},"end":{"line":93,"column":108}},"line":93},"9":{"name":"(anonymous_9)","decl":{"start":{"line":95,"column":50},"end":{"line":95,"column":51}},"loc":{"start":{"line":95,"column":57},"end":{"line":102,"column":3}},"line":95},"10":{"name":"(anonymous_10)","decl":{"start":{"line":124,"column":31},"end":{"line":124,"column":32}},"loc":{"start":{"line":124,"column":89},"end":{"line":171,"column":1}},"line":124},"11":{"name":"(anonymous_11)","decl":{"start":{"line":130,"column":45},"end":{"line":130,"column":46}},"loc":{"start":{"line":130,"column":51},"end":{"line":130,"column":65}},"line":130},"12":{"name":"(anonymous_12)","decl":{"start":{"line":139,"column":46},"end":{"line":139,"column":47}},"loc":{"start":{"line":139,"column":52},"end":{"line":139,"column":66}},"line":139},"13":{"name":"(anonymous_13)","decl":{"start":{"line":176,"column":31},"end":{"line":176,"column":32}},"loc":{"start":{"line":176,"column":59},"end":{"line":180,"column":1}},"line":176},"14":{"name":"(anonymous_14)","decl":{"start":{"line":185,"column":36},"end":{"line":185,"column":37}},"loc":{"start":{"line":185,"column":72},"end":{"line":188,"column":1}},"line":185},"15":{"name":"(anonymous_15)","decl":{"start":{"line":187,"column":30},"end":{"line":187,"column":31}},"loc":{"start":{"line":187,"column":35},"end":{"line":187,"column":86}},"line":187},"16":{"name":"(anonymous_16)","decl":{"start":{"line":194,"column":33},"end":{"line":194,"column":34}},"loc":{"start":{"line":194,"column":73},"end":{"line":269,"column":1}},"line":194},"17":{"name":"(anonymous_17)","decl":{"start":{"line":209,"column":18},"end":{"line":209,"column":19}},"loc":{"start":{"line":209,"column":23},"end":{"line":218,"column":3}},"line":209},"18":{"name":"(anonymous_18)","decl":{"start":{"line":220,"column":17},"end":{"line":220,"column":18}},"loc":{"start":{"line":220,"column":22},"end":{"line":229,"column":3}},"line":220},"19":{"name":"(anonymous_19)","decl":{"start":{"line":231,"column":25},"end":{"line":231,"column":26}},"loc":{"start":{"line":231,"column":30},"end":{"line":240,"column":3}},"line":231},"20":{"name":"(anonymous_20)","decl":{"start":{"line":242,"column":21},"end":{"line":242,"column":22}},"loc":{"start":{"line":242,"column":27},"end":{"line":251,"column":3}},"line":242},"21":{"name":"(anonymous_21)","decl":{"start":{"line":253,"column":17},"end":{"line":253,"column":18}},"loc":{"start":{"line":253,"column":22},"end":{"line":262,"column":3}},"line":253}},"branchMap":{"0":{"loc":{"start":{"line":54,"column":25},"end":{"line":54,"column":80}},"type":"cond-expr","locations":[{"start":{"line":54,"column":34},"end":{"line":54,"column":75}},{"start":{"line":54,"column":78},"end":{"line":54,"column":80}}],"line":54},"1":{"loc":{"start":{"line":67,"column":4},"end":{"line":77,"column":5}},"type":"if","locations":[{"start":{"line":67,"column":4},"end":{"line":77,"column":5}},{"start":{"line":75,"column":11},"end":{"line":77,"column":5}}],"line":67},"2":{"loc":{"start":{"line":106,"column":2},"end":{"line":113,"column":3}},"type":"if","locations":[{"start":{"line":106,"column":2},"end":{"line":113,"column":3}},{"start":{"line":111,"column":9},"end":{"line":113,"column":3}}],"line":106},"3":{"loc":{"start":{"line":133,"column":25},"end":{"line":138,"column":8}},"type":"cond-expr","locations":[{"start":{"line":134,"column":6},"end":{"line":137,"column":8}},{"start":{"line":138,"column":6},"end":{"line":138,"column":8}}],"line":133},"4":{"loc":{"start":{"line":146,"column":4},"end":{"line":150,"column":5}},"type":"if","locations":[{"start":{"line":146,"column":4},"end":{"line":150,"column":5}},{"start":{},"end":{}}],"line":146},"5":{"loc":{"start":{"line":159,"column":4},"end":{"line":169,"column":5}},"type":"if","locations":[{"start":{"line":159,"column":4},"end":{"line":169,"column":5}},{"start":{},"end":{}}],"line":159},"6":{"loc":{"start":{"line":187,"column":35},"end":{"line":187,"column":86}},"type":"binary-expr","locations":[{"start":{"line":187,"column":35},"end":{"line":187,"column":63}},{"start":{"line":187,"column":67},"end":{"line":187,"column":86}}],"line":187},"7":{"loc":{"start":{"line":264,"column":2},"end":{"line":268,"column":3}},"type":"if","locations":[{"start":{"line":264,"column":2},"end":{"line":268,"column":3}},{"start":{},"end":{}}],"line":264}},"s":{"0":0,"1":0,"2":0,"3":0,"4":0,"5":0,"6":0,"7":0,"8":0,"9":0,"10":0,"11":0,"12":0,"13":0,"14":0,"15":0,"16":0,"17":0,"18":0,"19":0,"20":0,"21":0,"22":0,"23":0,"24":0,"25":0,"26":0,"27":0,"28":0,"29":0,"30":0,"31":0,"32":0,"33":0,"34":0,"35":0,"36":0,"37":0,"38":0,"39":0,"40":0,"41":0,"42":0,"43":0,"44":0,"45":0,"46":0,"47":0,"48":0,"49":0,"50":0,"51":0,"52":0,"53":0,"54":0,"55":0,"56":0,"57":0,"58":0,"59":0,"60":0,"61":0,"62":0,"63":0,"64":0,"65":0,"66":0,"67":0,"68":0,"69":0,"70":0},"f":{"0":0,"1":0,"2":0,"3":0,"4":0,"5":0,"6":0,"7":0,"8":0,"9":0,"10":0,"11":0,"12":0,"13":0,"14":0,"15":0,"16":0,"17":0,"18":0,"19":0,"20":0,"21":0},"b":{"0":[0,0],"1":[0,0],"2":[0,0],"3":[0,0],"4":[0,0],"5":[0,0],"6":[0,0],"7":[0,0]}}
,"/home/user/bluebonnet/utils/logger.js": {"path":"/home/user/bluebonnet/utils/logger.js","statementMap":{"0":{"start":{"line":1,"column":16},"end":{"line":1,"column":34}},"1":{"start":{"line":2,"column":24},"end":{"line":2,"column":60}},"2":{"start":{"line":3,"column":13},"end":{"line":3,"column":28}},"3":{"start":{"line":4,"column":11},"end":{"line":4,"column":24}},"4":{"start":{"line":7,"column":16},"end":{"line":7,"column":47}},"5":{"start":{"line":8,"column":0},"end":{"line":10,"column":1}},"6":{"start":{"line":9,"column":2},"end":{"line":9,"column":45}},"7":{"start":{"line":13,"column":18},"end":{"line":18,"column":1}},"8":{"start":{"line":21,"column":22},"end":{"line":31,"column":1}},"9":{"start":{"line":25,"column":14},"end":{"line":25,"column":51}},"10":{"start":{"line":26,"column":4},"end":{"line":28,"column":5}},"11":{"start":{"line":27,"column":6},"end":{"line":27,"column":40}},"12":{"start":{"line":29,"column":4},"end":{"line":29,"column":15}},"13":{"start":{"line":34,"column":15},"end":{"line":55,"column":2}},"14":{"start":{"line":58,"column":0},"end":{"line":64,"column":1}},"15":{"start":{"line":59,"column":2},"end":{"line":63,"column":4}},"16":{"start":{"line":67,"column":0},"end":{"line":71,"column":2}},"17":{"start":{"line":69,"column":4},"end":{"line":69,"column":32}},"18":{"start":{"line":73,"column":0},"end":{"line":73,"column":24}}},"fnMap":{"0":{"name":"(anonymous_0)","decl":{"start":{"line":24,"column":24},"end":{"line":24,"column":25}},"loc":{"start":{"line":24,"column":68},"end":{"line":30,"column":3}},"line":24},"1":{"name":"(anonymous_1)","decl":{"start":{"line":68,"column":9},"end":{"line":68,"column":10}},"loc":{"start":{"line":68,"column":22},"end":{"line":70,"column":3}},"line":68}},"branchMap":{"0":{"loc":{"start":{"line":8,"column":0},"end":{"line":10,"column":1}},"type":"if","locations":[{"start":{"line":8,"column":0},"end":{"line":10,"column":1}},{"start":{},"end":{}}],"line":8},"1":{"loc":{"start":{"line":26,"column":4},"end":{"line":28,"column":5}},"type":"if","locations":[{"start":{"line":26,"column":4},"end":{"line":28,"column":5}},{"start":{},"end":{}}],"line":26},"2":{"loc":{"start":{"line":35,"column":9},"end":{"line":35,"column":40}},"type":"binary-expr","locations":[{"start":{"line":35,"column":9},"end":{"line":35,"column":30}},{"start":{"line":35,"column":34},"end":{"line":35,"column":40}}],"line":35},"3":{"loc":{"start":{"line":58,"column":0},"end":{"line":64,"column":1}},"type":"if","locations":[{"start":{"line":58,"column":0},"end":{"line":64,"column":1}},{"start":{},"end":{}}],"line":58}},"s":{"0":0,"1":0,"2":0,"3":0,"4":0,"5":0,"6":0,"7":0,"8":0,"9":0,"10":0,"11":0,"12":0,"13":0,"14":0,"15":0,"16":0,"17":0,"18":0},"f":{"0":0,"1":0},"b":{"0":[0,0],"1":[0,0],"2":[0,0],"3":[0,0]}}
,"/home/user/bluebonnet/utils/timezoneHelper.js": {"path":"/home/user/bluebonnet/utils/timezoneHelper.js","statementMap":{"0":{"start":{"line":7,"column":15},"end":{"line":7,"column":41}},"1":{"start":{"line":22,"column":2},"end":{"line":22,"column":34}},"2":{"start":{"line":22,"column":22},"end":{"line":22,"column":34}},"3":{"start":{"line":24,"column":2},"end":{"line":46,"column":3}},"4":{"start":{"line":26,"column":4},"end":{"line":29,"column":5}},"5":{"start":{"line":28,"column":6},"end":{"line":28,"column":48}},"6":{"start":{"line":33,"column":24},"end":{"line":33,"column":58}},"7":{"start":{"line":35,"column":4},"end":{"line":38,"column":5}},"8":{"start":{"line":36,"column":6},"end":{"line":36,"column":56}},"9":{"start":{"line":37,"column":6},"end":{"line":37,"column":18}},"10":{"start":{"line":40,"column":4},"end":{"line":40,"column":38}},"11":{"start":{"line":43,"column":4},"end":{"line":43,"column":88}},"12":{"start":{"line":45,"column":4},"end":{"line":45,"column":46}},"13":{"start":{"line":61,"column":2},"end":{"line":61,"column":26}},"14":{"start":{"line":61,"column":16},"end":{"line":61,"column":26}},"15":{"start":{"line":63,"column":2},"end":{"line":82,"column":3}},"16":{"start":{"line":64,"column":14},"end":{"line":64,"column":33}},"17":{"start":{"line":66,"column":4},"end":{"line":69,"column":5}},"18":{"start":{"line":67,"column":6},"end":{"line":67,"column":50}},"19":{"start":{"line":68,"column":6},"end":{"line":68,"column":16}},"20":{"start":{"line":72,"column":4},"end":{"line":74,"column":5}},"21":{"start":{"line":73,"column":6},"end":{"line":73,"column":55}},"22":{"start":{"line":77,"column":4},"end":{"line":77,"column":40}},"23":{"start":{"line":80,"column":4},"end":{"line":80,"column":82}},"24":{"start":{"line":81,"column":4},"end":{"line":81,"column":58}},"25":{"start":{"line":94,"column":2},"end":{"line":94,"column":26}},"26":{"start":{"line":94,"column":16},"end":{"line":94,"column":26}},"27":{"start":{"line":96,"column":2},"end":{"line":112,"column":3}},"28":{"start":{"line":97,"column":14},"end":{"line":97,"column":33}},"29":{"start":{"line":99,"column":4},"end":{"line":101,"column":5}},"30":{"start":{"line":100,"column":6},"end":{"line":100,"column":16}},"31":{"start":{"line":103,"column":4},"end":{"line":105,"column":5}},"32":{"start":{"line":104,"column":6},"end":{"line":104,"column":43}},"33":{"start":{"line":107,"column":4},"end":{"line":107,"column":28}},"34":{"start":{"line":110,"column":4},"end":{"line":110,"column":58}},"35":{"start":{"line":111,"column":4},"end":{"line":111,"column":14}},"36":{"start":{"line":115,"column":0},"end":{"line":119,"column":2}}},"fnMap":{"0":{"name":"localToUTC","decl":{"start":{"line":21,"column":9},"end":{"line":21,"column":19}},"loc":{"start":{"line":21,"column":45},"end":{"line":47,"column":1}},"line":21},"1":{"name":"utcToLocal","decl":{"start":{"line":60,"column":9},"end":{"line":60,"column":19}},"loc":{"start":{"line":60,"column":39},"end":{"line":83,"column":1}},"line":60},"2":{"name":"formatInTimezone","decl":{"start":{"line":93,"column":9},"end":{"line":93,"column":25}},"loc":{"start":{"line":93,"column":75},"end":{"line":113,"column":1}},"line":93}},"branchMap":{"0":{"loc":{"start":{"line":22,"column":2},"end":{"line":22,"column":34}},"type":"if","locations":[{"start":{"line":22,"column":2},"end":{"line":22,"column":34}},{"start":{},"end":{}}],"line":22},"1":{"loc":{"start":{"line":26,"column":4},"end":{"line":29,"column":5}},"type":"if","locations":[{"start":{"line":26,"column":4},"end":{"line":29,"column":5}},{"start":{},"end":{}}],"line":26},"2":{"loc":{"start":{"line":35,"column":4},"end":{"line":38,"column":5}},"type":"if","locations":[{"start":{"line":35,"column":4},"end":{"line":38,"column":5}},{"start":{},"end":{}}],"line":35},"3":{"loc":{"start":{"line":61,"column":2},"end":{"line":61,"column":26}},"type":"if","locations":[{"start":{"line":61,"column":2},"end":{"line":61,"column":26}},{"start":{},"end":{}}],"line":61},"4":{"loc":{"start":{"line":66,"column":4},"end":{"line":69,"column":5}},"type":"if","locations":[{"start":{"line":66,"column":4},"end":{"line":69,"column":5}},{"start":{},"end":{}}],"line":66},"5":{"loc":{"start":{"line":72,"column":4},"end":{"line":74,"column":5}},"type":"if","locations":[{"start":{"line":72,"column":4},"end":{"line":74,"column":5}},{"start":{},"end":{}}],"line":72},"6":{"loc":{"start":{"line":93,"column":45},"end":{"line":93,"column":73}},"type":"default-arg","locations":[{"start":{"line":93,"column":54},"end":{"line":93,"column":73}}],"line":93},"7":{"loc":{"start":{"line":94,"column":2},"end":{"line":94,"column":26}},"type":"if","locations":[{"start":{"line":94,"column":2},"end":{"line":94,"column":26}},{"start":{},"end":{}}],"line":94},"8":{"loc":{"start":{"line":99,"column":4},"end":{"line":101,"column":5}},"type":"if","locations":[{"start":{"line":99,"column":4},"end":{"line":101,"column":5}},{"start":{},"end":{}}],"line":99},"9":{"loc":{"start":{"line":103,"column":4},"end":{"line":105,"column":5}},"type":"if","locations":[{"start":{"line":103,"column":4},"end":{"line":105,"column":5}},{"start":{},"end":{}}],"line":103}},"s":{"0":0,"1":0,"2":0,"3":0,"4":0,"5":0,"6":0,"7":0,"8":0,"9":0,"10":0,"11":0,"12":0,"13":0,"14":0,"15":0,"16":0,"17":0,"18":0,"19":0,"20":0,"21":0,"22":0,"23":0,"24":0,"25":0,"26":0,"27":0,"28":0,"29":0,"30":0,"31":0,"32":0,"33":0,"34":0,"35":0,"36":0},"f":{"0":0,"1":0,"2":0},"b":{"0":[0,0],"1":[0,0],"2":[0,0],"3":[0,0],"4":[0,0],"5":[0,0],"6":[0],"7":[0,0],"8":[0,0],"9":[0,0]}}
}
