TN:
SF:controllers/accountController.js
FN:6,(anonymous_0)
FN:33,(anonymous_1)
FN:76,(anonymous_2)
FN:113,(anonymous_3)
FN:140,(anonymous_4)
FN:154,(anonymous_5)
FN:196,(anonymous_6)
FN:229,(anonymous_7)
FN:250,(anonymous_8)
FN:272,(anonymous_9)
FN:282,(anonymous_10)
FN:283,(anonymous_11)
FN:298,(anonymous_12)
FNF:13
FNH:0
FNDA:0,(anonymous_0)
FNDA:0,(anonymous_1)
FNDA:0,(anonymous_2)
FNDA:0,(anonymous_3)
FNDA:0,(anonymous_4)
FNDA:0,(anonymous_5)
FNDA:0,(anonymous_6)
FNDA:0,(anonymous_7)
FNDA:0,(anonymous_8)
FNDA:0,(anonymous_9)
FNDA:0,(anonymous_10)
FNDA:0,(anonymous_11)
FNDA:0,(anonymous_12)
DA:1,0
DA:2,0
DA:3,0
DA:4,0
DA:6,0
DA:7,0
DA:9,0
DA:21,0
DA:27,0
DA:28,0
DA:29,0
DA:33,0
DA:34,0
DA:35,0
DA:36,0
DA:39,0
DA:40,0
DA:47,0
DA:48,0
DA:49,0
DA:54,0
DA:63,0
DA:64,0
DA:65,0
DA:67,0
DA:68,0
DA:70,0
DA:71,0
DA:72,0
DA:76,0
DA:77,0
DA:78,0
DA:79,0
DA:82,0
DA:83,0
DA:85,0
DA:86,0
DA:87,0
DA:91,0
DA:92,0
DA:93,0
DA:97,0
DA:98,0
DA:104,0
DA:105,0
DA:107,0
DA:108,0
DA:109,0
DA:113,0
DA:114,0
DA:116,0
DA:128,0
DA:135,0
DA:136,0
DA:140,0
DA:141,0
DA:144,0
DA:149,0
DA:150,0
DA:154,0
DA:155,0
DA:156,0
DA:157,0
DA:160,0
DA:167,0
DA:168,0
DA:169,0
DA:170,0
DA:172,0
DA:173,0
DA:176,0
DA:178,0
DA:179,0
DA:180,0
DA:183,0
DA:184,0
DA:186,0
DA:187,0
DA:188,0
DA:189,0
DA:191,0
DA:192,0
DA:196,0
DA:197,0
DA:198,0
DA:199,0
DA:201,0
DA:208,0
DA:209,0
DA:212,0
DA:213,0
DA:216,0
DA:229,0
DA:230,0
DA:231,0
DA:232,0
DA:233,0
DA:234,0
DA:235,0
DA:238,0
DA:244,0
DA:245,0
DA:246,0
DA:250,0
DA:251,0
DA:252,0
DA:254,0
DA:272,0
DA:273,0
DA:274,0
DA:275,0
DA:276,0
DA:277,0
DA:278,0
DA:282,0
DA:283,0
DA:285,0
DA:293,0
DA:294,0
DA:298,0
DA:299,0
DA:300,0
DA:301,0
DA:303,0
DA:313,0
DA:314,0
DA:318,0
DA:319,0
DA:323,0
DA:324,0
DA:325,0
DA:326,0
DA:327,0
DA:329,0
DA:334,0
DA:335,0
LF:136
LH:0
BRDA:39,0,0,0
BRDA:39,0,1,0
BRDA:47,1,0,0
BRDA:47,1,1,0
BRDA:85,2,0,0
BRDA:85,2,1,0
BRDA:91,3,0,0
BRDA:91,3,1,0
BRDA:157,4,0,0
BRDA:157,4,1,0
BRDA:167,5,0,0
BRDA:167,5,1,0
BRDA:169,6,0,0
BRDA:169,6,1,0
BRDA:179,7,0,0
BRDA:179,7,1,0
BRDA:188,8,0,0
BRDA:188,8,1,0
BRDA:188,9,0,0
BRDA:188,9,1,0
BRDA:208,10,0,0
BRDA:208,10,1,0
BRDA:212,11,0,0
BRDA:212,11,1,0
BRDA:277,12,0,0
BRDA:277,12,1,0
BRDA:277,13,0,0
BRDA:277,13,1,0
BRDA:282,14,0,0
BRDA:282,14,1,0
BRDA:283,15,0,0
BRDA:283,15,1,0
BRDA:283,15,2,0
BRDA:283,15,3,0
BRDA:313,16,0,0
BRDA:313,16,1,0
BRDA:318,17,0,0
BRDA:318,17,1,0
BRDA:318,18,0,0
BRDA:318,18,1,0
BRDA:327,19,0,0
BRDA:327,19,1,0
BRDA:327,20,0,0
BRDA:327,20,1,0
BRF:44
BRH:0
end_of_record
TN:
SF:controllers/authController.js
FN:6,(anonymous_0)
FN:10,(anonymous_1)
FN:14,(anonymous_2)
FN:46,(anonymous_3)
FN:105,(anonymous_4)
FN:106,(anonymous_5)
FNF:6
FNH:0
FNDA:0,(anonymous_0)
FNDA:0,(anonymous_1)
FNDA:0,(anonymous_2)
FNDA:0,(anonymous_3)
FNDA:0,(anonymous_4)
FNDA:0,(anonymous_5)
DA:1,0
DA:2,0
DA:3,0
DA:4,0
DA:6,0
DA:7,0
DA:10,0
DA:11,0
DA:14,0
DA:15,0
DA:16,0
DA:18,0
DA:20,0
DA:21,0
DA:22,0
DA:25,0
DA:27,0
DA:36,0
DA:43,0
DA:45,0
DA:47,0
DA:53,0
DA:61,0
DA:63,0
DA:75,0
DA:84,0
DA:85,0
DA:86,0
DA:89,0
DA:90,0
DA:94,0
DA:97,0
DA:99,0
DA:100,0
DA:101,0
DA:105,0
DA:106,0
DA:107,0
DA:108,0
DA:110,0
DA:111,0
LF:41
LH:0
BRDA:20,0,0,0
BRDA:20,0,1,0
BRDA:43,1,0,0
BRDA:43,1,1,0
BRDA:91,2,0,0
BRDA:91,2,1,0
BRDA:107,3,0,0
BRDA:107,3,1,0
BRF:8
BRH:0
end_of_record
TN:
SF:controllers/carRentalController.js
FN:15,(anonymous_0)
FN:115,(anonymous_1)
FN:185,(anonymous_2)
FN:227,(anonymous_3)
FN:254,(anonymous_4)
FN:275,(anonymous_5)
FNF:6
FNH:0
FNDA:0,(anonymous_0)
FNDA:0,(anonymous_1)
FNDA:0,(anonymous_2)
FNDA:0,(anonymous_3)
FNDA:0,(anonymous_4)
FNDA:0,(anonymous_5)
DA:1,0
DA:2,0
DA:3,0
DA:11,0
DA:12,0
DA:13,0
DA:15,0
DA:16,0
DA:17,0
DA:28,0
DA:31,0
DA:32,0
DA:33,0
DA:34,0
DA:35,0
DA:37,0
DA:41,0
DA:46,0
DA:64,0
DA:65,0
DA:66,0
DA:69,0
DA:70,0
DA:71,0
DA:72,0
DA:74,0
DA:75,0
DA:80,0
DA:81,0
DA:90,0
DA:94,0
DA:99,0
DA:100,0
DA:101,0
DA:104,0
DA:106,0
DA:107,0
DA:108,0
DA:109,0
DA:111,0
DA:115,0
DA:116,0
DA:126,0
DA:129,0
DA:134,0
DA:135,0
DA:136,0
DA:137,0
DA:139,0
DA:143,0
DA:152,0
DA:168,0
DA:169,0
DA:170,0
DA:173,0
DA:175,0
DA:176,0
DA:177,0
DA:178,0
DA:180,0
DA:181,0
DA:185,0
DA:186,0
DA:188,0
DA:193,0
DA:194,0
DA:195,0
DA:196,0
DA:198,0
DA:201,0
DA:202,0
DA:205,0
DA:207,0
DA:210,0
DA:211,0
DA:212,0
DA:215,0
DA:217,0
DA:218,0
DA:219,0
DA:220,0
DA:222,0
DA:223,0
DA:227,0
DA:228,0
DA:229,0
DA:232,0
DA:234,0
DA:235,0
DA:239,0
DA:240,0
DA:241,0
DA:245,0
DA:247,0
DA:249,0
DA:250,0
DA:254,0
DA:255,0
DA:256,0
DA:259,0
DA:260,0
DA:261,0
DA:264,0
DA:270,0
DA:271,0
DA:275,0
DA:276,0
DA:277,0
DA:280,0
DA:285,0
DA:286,0
DA:290,0
DA:291,0
DA:295,0
DA:296,0
DA:299,0
DA:300,0
DA:301,0
DA:302,0
DA:304,0
DA:305,0
DA:306,0
DA:307,0
DA:308,0
DA:311,0
DA:312,0
DA:313,0
DA:314,0
DA:315,0
DA:318,0
DA:332,0
DA:338,0
DA:339,0
LF:133
LH:0
BRDA:32,0,0,0
BRDA:32,0,1,0
BRDA:34,1,0,0
BRDA:34,1,1,0
BRDA:65,2,0,0
BRDA:65,2,1,0
BRDA:69,3,0,0
BRDA:69,3,1,0
BRDA:71,4,0,0
BRDA:71,4,1,0
BRDA:72,5,0,0
BRDA:72,5,1,0
BRDA:80,6,0,0
BRDA:80,6,1,0
BRDA:100,7,0,0
BRDA:100,7,1,0
BRDA:108,8,0,0
BRDA:108,8,1,0
BRDA:134,9,0,0
BRDA:134,9,1,0
BRDA:136,10,0,0
BRDA:136,10,1,0
BRDA:169,11,0,0
BRDA:169,11,1,0
BRDA:177,12,0,0
BRDA:177,12,1,0
BRDA:193,13,0,0
BRDA:193,13,1,0
BRDA:195,14,0,0
BRDA:195,14,1,0
BRDA:211,15,0,0
BRDA:211,15,1,0
BRDA:219,16,0,0
BRDA:219,16,1,0
BRDA:234,17,0,0
BRDA:234,17,1,0
BRDA:240,18,0,0
BRDA:240,18,1,0
BRDA:240,19,0,0
BRDA:240,19,1,0
BRDA:260,20,0,0
BRDA:260,20,1,0
BRDA:285,21,0,0
BRDA:285,21,1,0
BRDA:290,22,0,0
BRDA:290,22,1,0
BRDA:295,23,0,0
BRDA:295,23,1,0
BRDA:296,24,0,0
BRDA:296,24,1,0
BRDA:304,25,0,0
BRDA:304,25,1,0
BRDA:307,26,0,0
BRDA:307,26,1,0
BRDA:308,27,0,0
BRDA:308,27,1,0
BRDA:311,28,0,0
BRDA:311,28,1,0
BRDA:314,29,0,0
BRDA:314,29,1,0
BRDA:315,30,0,0
BRDA:315,30,1,0
BRF:62
BRH:0
end_of_record
TN:
SF:controllers/companionController.js
FN:7,(anonymous_0)
FN:33,(anonymous_1)
FN:58,(anonymous_2)
FN:74,(anonymous_3)
FN:90,(anonymous_4)
FN:95,(anonymous_5)
FN:107,(anonymous_6)
FN:112,(anonymous_7)
FN:178,(anonymous_8)
FN:223,(anonymous_9)
FN:258,(anonymous_10)
FN:277,(anonymous_11)
FN:310,(anonymous_12)
FN:341,(anonymous_13)
FN:346,(anonymous_14)
FN:434,(anonymous_15)
FN:475,(anonymous_16)
FNF:17
FNH:0
FNDA:0,(anonymous_0)
FNDA:0,(anonymous_1)
FNDA:0,(anonymous_2)
FNDA:0,(anonymous_3)
FNDA:0,(anonymous_4)
FNDA:0,(anonymous_5)
FNDA:0,(anonymous_6)
FNDA:0,(anonymous_7)
FNDA:0,(anonymous_8)
FNDA:0,(anonymous_9)
FNDA:0,(anonymous_10)
FNDA:0,(anonymous_11)
FNDA:0,(anonymous_12)
FNDA:0,(anonymous_13)
FNDA:0,(anonymous_14)
FNDA:0,(anonymous_15)
FNDA:0,(anonymous_16)
DA:1,0
DA:2,0
DA:3,0
DA:4,0
DA:7,0
DA:8,0
DA:9,0
DA:21,0
DA:26,0
DA:27,0
DA:28,0
DA:33,0
DA:34,0
DA:35,0
DA:47,0
DA:52,0
DA:53,0
DA:58,0
DA:59,0
DA:60,0
DA:72,0
DA:74,0
DA:84,0
DA:85,0
DA:90,0
DA:91,0
DA:95,0
DA:96,0
DA:97,0
DA:101,0
DA:102,0
DA:107,0
DA:108,0
DA:110,0
DA:111,0
DA:112,0
DA:113,0
DA:115,0
DA:116,0
DA:118,0
DA:119,0
DA:122,0
DA:123,0
DA:126,0
DA:133,0
DA:134,0
DA:135,0
DA:136,0
DA:138,0
DA:139,0
DA:143,0
DA:147,0
DA:156,0
DA:160,0
DA:161,0
DA:164,0
DA:165,0
DA:167,0
DA:168,0
DA:169,0
DA:170,0
DA:172,0
DA:173,0
DA:178,0
DA:179,0
DA:180,0
DA:181,0
DA:182,0
DA:184,0
DA:191,0
DA:192,0
DA:193,0
DA:194,0
DA:196,0
DA:197,0
DA:200,0
DA:204,0
DA:205,0
DA:206,0
DA:209,0
DA:210,0
DA:212,0
DA:213,0
DA:214,0
DA:215,0
DA:217,0
DA:218,0
DA:223,0
DA:224,0
DA:225,0
DA:226,0
DA:228,0
DA:229,0
DA:235,0
DA:258,0
DA:269,0
DA:271,0
DA:272,0
DA:277,0
DA:278,0
DA:279,0
DA:293,0
DA:294,0
DA:295,0
DA:298,0
DA:303,0
DA:304,0
DA:305,0
DA:310,0
DA:311,0
DA:312,0
DA:326,0
DA:327,0
DA:330,0
DA:335,0
DA:336,0
DA:341,0
DA:342,0
DA:344,0
DA:345,0
DA:346,0
DA:347,0
DA:349,0
DA:350,0
DA:352,0
DA:353,0
DA:356,0
DA:357,0
DA:358,0
DA:360,0
DA:367,0
DA:368,0
DA:369,0
DA:370,0
DA:372,0
DA:373,0
DA:377,0
DA:378,0
DA:386,0
DA:387,0
DA:388,0
DA:389,0
DA:391,0
DA:392,0
DA:396,0
DA:400,0
DA:408,0
DA:415,0
DA:416,0
DA:417,0
DA:420,0
DA:421,0
DA:423,0
DA:424,0
DA:425,0
DA:426,0
DA:428,0
DA:429,0
DA:434,0
DA:435,0
DA:436,0
DA:438,0
DA:445,0
DA:446,0
DA:447,0
DA:448,0
DA:450,0
DA:451,0
DA:454,0
DA:456,0
DA:457,0
DA:458,0
DA:461,0
DA:462,0
DA:464,0
DA:465,0
DA:466,0
DA:467,0
DA:469,0
DA:470,0
DA:475,0
DA:476,0
DA:477,0
DA:479,0
DA:486,0
DA:487,0
DA:488,0
DA:489,0
DA:491,0
DA:492,0
DA:495,0
DA:497,0
DA:498,0
DA:499,0
DA:502,0
DA:503,0
DA:505,0
DA:506,0
DA:507,0
DA:508,0
DA:510,0
DA:511,0
LF:202
LH:0
BRDA:111,0,0,0
BRDA:111,0,1,0
BRDA:113,1,0,0
BRDA:113,1,1,0
BRDA:115,2,0,0
BRDA:115,2,1,0
BRDA:123,3,0,0
BRDA:123,3,1,0
BRDA:133,4,0,0
BRDA:133,4,1,0
BRDA:135,5,0,0
BRDA:135,5,1,0
BRDA:153,6,0,0
BRDA:153,6,1,0
BRDA:156,7,0,0
BRDA:156,7,1,0
BRDA:160,8,0,0
BRDA:160,8,1,0
BRDA:169,9,0,0
BRDA:169,9,1,0
BRDA:169,10,0,0
BRDA:169,10,1,0
BRDA:182,11,0,0
BRDA:182,11,1,0
BRDA:191,12,0,0
BRDA:191,12,1,0
BRDA:193,13,0,0
BRDA:193,13,1,0
BRDA:205,14,0,0
BRDA:205,14,1,0
BRDA:214,15,0,0
BRDA:214,15,1,0
BRDA:214,16,0,0
BRDA:214,16,1,0
BRDA:228,17,0,0
BRDA:228,17,1,0
BRDA:228,18,0,0
BRDA:228,18,1,0
BRDA:265,19,0,0
BRDA:265,19,1,0
BRDA:293,20,0,0
BRDA:293,20,1,0
BRDA:326,21,0,0
BRDA:326,21,1,0
BRDA:345,22,0,0
BRDA:345,22,1,0
BRDA:347,23,0,0
BRDA:347,23,1,0
BRDA:349,24,0,0
BRDA:349,24,1,0
BRDA:358,25,0,0
BRDA:358,25,1,0
BRDA:367,26,0,0
BRDA:367,26,1,0
BRDA:369,27,0,0
BRDA:369,27,1,0
BRDA:377,28,0,0
BRDA:377,28,1,0
BRDA:386,29,0,0
BRDA:386,29,1,0
BRDA:388,30,0,0
BRDA:388,30,1,0
BRDA:405,31,0,0
BRDA:405,31,1,0
BRDA:416,32,0,0
BRDA:416,32,1,0
BRDA:425,33,0,0
BRDA:425,33,1,0
BRDA:425,34,0,0
BRDA:425,34,1,0
BRDA:436,35,0,0
BRDA:436,35,1,0
BRDA:445,36,0,0
BRDA:445,36,1,0
BRDA:447,37,0,0
BRDA:447,37,1,0
BRDA:457,38,0,0
BRDA:457,38,1,0
BRDA:466,39,0,0
BRDA:466,39,1,0
BRDA:466,40,0,0
BRDA:466,40,1,0
BRDA:477,41,0,0
BRDA:477,41,1,0
BRDA:486,42,0,0
BRDA:486,42,1,0
BRDA:488,43,0,0
BRDA:488,43,1,0
BRDA:498,44,0,0
BRDA:498,44,1,0
BRDA:507,45,0,0
BRDA:507,45,1,0
BRDA:507,46,0,0
BRDA:507,46,1,0
BRF:94
BRH:0
end_of_record
TN:
SF:controllers/companionRelationshipController.js
FN:5,(anonymous_0)
FN:90,(anonymous_1)
FN:140,(anonymous_2)
FN:223,(anonymous_3)
FN:274,(anonymous_4)
FN:331,(anonymous_5)
FN:381,(anonymous_6)
FN:418,(anonymous_7)
FN:432,(anonymous_8)
FN:459,(anonymous_9)
FNF:10
FNH:0
FNDA:0,(anonymous_0)
FNDA:0,(anonymous_1)
FNDA:0,(anonymous_2)
FNDA:0,(anonymous_3)
FNDA:0,(anonymous_4)
FNDA:0,(anonymous_5)
FNDA:0,(anonymous_6)
FNDA:0,(anonymous_7)
FNDA:0,(anonymous_8)
FNDA:0,(anonymous_9)
DA:1,0
DA:2,0
DA:3,0
DA:5,0
DA:6,0
DA:7,0
DA:8,0
DA:11,0
DA:12,0
DA:18,0
DA:19,0
DA:26,0
DA:27,0
DA:34,0
DA:35,0
DA:36,0
DA:43,0
DA:50,0
DA:51,0
DA:58,0
DA:66,0
DA:76,0
DA:82,0
DA:83,0
DA:90,0
DA:91,0
DA:92,0
DA:95,0
DA:111,0
DA:126,0
DA:132,0
DA:133,0
DA:140,0
DA:141,0
DA:142,0
DA:143,0
DA:144,0
DA:147,0
DA:148,0
DA:155,0
DA:156,0
DA:157,0
DA:164,0
DA:165,0
DA:172,0
DA:173,0
DA:174,0
DA:175,0
DA:178,0
DA:185,0
DA:186,0
DA:192,0
DA:193,0
DA:194,0
DA:195,0
DA:199,0
DA:209,0
DA:215,0
DA:216,0
DA:223,0
DA:224,0
DA:225,0
DA:226,0
DA:229,0
DA:230,0
DA:231,0
DA:238,0
DA:239,0
DA:246,0
DA:247,0
DA:248,0
DA:251,0
DA:261,0
DA:266,0
DA:267,0
DA:274,0
DA:275,0
DA:276,0
DA:277,0
DA:278,0
DA:281,0
DA:282,0
DA:289,0
DA:290,0
DA:291,0
DA:298,0
DA:299,0
DA:306,0
DA:307,0
DA:314,0
DA:315,0
DA:317,0
DA:323,0
DA:324,0
DA:331,0
DA:332,0
DA:333,0
DA:334,0
DA:337,0
DA:338,0
DA:339,0
DA:346,0
DA:347,0
DA:354,0
DA:357,0
DA:364,0
DA:365,0
DA:368,0
DA:373,0
DA:374,0
DA:381,0
DA:382,0
DA:383,0
DA:386,0
DA:401,0
DA:416,0
DA:418,0
DA:419,0
DA:420,0
DA:421,0
DA:428,0
DA:432,0
DA:433,0
DA:434,0
DA:435,0
DA:442,0
DA:446,0
DA:451,0
DA:452,0
DA:459,0
DA:460,0
DA:461,0
DA:462,0
DA:465,0
DA:473,0
DA:474,0
DA:481,0
DA:486,0
DA:487,0
LF:139
LH:0
BRDA:11,0,0,0
BRDA:11,0,1,0
BRDA:18,1,0,0
BRDA:18,1,1,0
BRDA:26,2,0,0
BRDA:26,2,1,0
BRDA:35,3,0,0
BRDA:35,3,1,0
BRDA:50,4,0,0
BRDA:50,4,1,0
BRDA:147,5,0,0
BRDA:147,5,1,0
BRDA:156,6,0,0
BRDA:156,6,1,0
BRDA:164,7,0,0
BRDA:164,7,1,0
BRDA:185,8,0,0
BRDA:185,8,1,0
BRDA:192,9,0,0
BRDA:192,9,1,0
BRDA:230,10,0,0
BRDA:230,10,1,0
BRDA:238,11,0,0
BRDA:238,11,1,0
BRDA:281,12,0,0
BRDA:281,12,1,0
BRDA:290,13,0,0
BRDA:290,13,1,0
BRDA:298,14,0,0
BRDA:298,14,1,0
BRDA:298,15,0,0
BRDA:298,15,1,0
BRDA:306,16,0,0
BRDA:306,16,1,0
BRDA:338,17,0,0
BRDA:338,17,1,0
BRDA:346,18,0,0
BRDA:346,18,1,0
BRDA:346,19,0,0
BRDA:346,19,1,0
BRDA:364,20,0,0
BRDA:364,20,1,0
BRDA:420,21,0,0
BRDA:420,21,1,0
BRDA:434,22,0,0
BRDA:434,22,1,0
BRDA:473,23,0,0
BRDA:473,23,1,0
BRF:48
BRH:0
end_of_record
TN:
SF:controllers/eventController.js
FN:16,(anonymous_0)
FN:148,(anonymous_1)
FN:257,(anonymous_2)
FN:299,(anonymous_3)
FN:337,(anonymous_4)
FN:348,(anonymous_5)
FN:357,(anonymous_6)
FN:383,(anonymous_7)
FN:404,(anonymous_8)
FN:452,(anonymous_9)
FN:466,(anonymous_10)
FNF:11
FNH:0
FNDA:0,(anonymous_0)
FNDA:0,(anonymous_1)
FNDA:0,(anonymous_2)
FNDA:0,(anonymous_3)
FNDA:0,(anonymous_4)
FNDA:0,(anonymous_5)
FNDA:0,(anonymous_6)
FNDA:0,(anonymous_7)
FNDA:0,(anonymous_8)
FNDA:0,(anonymous_9)
FNDA:0,(anonymous_10)
DA:1,0
DA:2,0
DA:3,0
DA:11,0
DA:12,0
DA:13,0
DA:14,0
DA:16,0
DA:17,0
DA:18,0
DA:34,0
DA:37,0
DA:38,0
DA:40,0
DA:41,0
DA:45,0
DA:46,0
DA:47,0
DA:48,0
DA:49,0
DA:50,0
DA:52,0
DA:57,0
DA:60,0
DA:61,0
DA:62,0
DA:63,0
DA:65,0
DA:66,0
DA:69,0
DA:72,0
DA:75,0
DA:76,0
DA:77,0
DA:79,0
DA:95,0
DA:96,0
DA:97,0
DA:100,0
DA:101,0
DA:102,0
DA:103,0
DA:105,0
DA:106,0
DA:111,0
DA:112,0
DA:121,0
DA:125,0
DA:130,0
DA:131,0
DA:132,0
DA:135,0
DA:137,0
DA:138,0
DA:139,0
DA:140,0
DA:141,0
DA:142,0
DA:144,0
DA:148,0
DA:149,0
DA:164,0
DA:167,0
DA:168,0
DA:170,0
DA:171,0
DA:175,0
DA:180,0
DA:181,0
DA:182,0
DA:183,0
DA:185,0
DA:189,0
DA:190,0
DA:191,0
DA:192,0
DA:194,0
DA:198,0
DA:205,0
DA:206,0
DA:207,0
DA:208,0
DA:210,0
DA:211,0
DA:214,0
DA:217,0
DA:220,0
DA:221,0
DA:222,0
DA:224,0
DA:238,0
DA:239,0
DA:240,0
DA:243,0
DA:245,0
DA:246,0
DA:247,0
DA:248,0
DA:249,0
DA:250,0
DA:252,0
DA:253,0
DA:257,0
DA:258,0
DA:260,0
DA:265,0
DA:266,0
DA:267,0
DA:268,0
DA:270,0
DA:273,0
DA:274,0
DA:277,0
DA:279,0
DA:282,0
DA:283,0
DA:284,0
DA:287,0
DA:289,0
DA:290,0
DA:291,0
DA:292,0
DA:294,0
DA:295,0
DA:299,0
DA:300,0
DA:301,0
DA:305,0
DA:306,0
DA:311,0
DA:312,0
DA:313,0
DA:314,0
DA:316,0
DA:317,0
DA:318,0
DA:319,0
DA:320,0
DA:323,0
DA:332,0
DA:333,0
DA:337,0
DA:338,0
DA:339,0
DA:343,0
DA:344,0
DA:348,0
DA:349,0
DA:350,0
DA:351,0
DA:352,0
DA:353,0
DA:354,0
DA:357,0
DA:358,0
DA:359,0
DA:360,0
DA:361,0
DA:362,0
DA:365,0
DA:366,0
DA:367,0
DA:368,0
DA:370,0
DA:378,0
DA:379,0
DA:383,0
DA:384,0
DA:385,0
DA:388,0
DA:389,0
DA:390,0
DA:393,0
DA:399,0
DA:400,0
DA:404,0
DA:405,0
DA:406,0
DA:409,0
DA:414,0
DA:415,0
DA:419,0
DA:422,0
DA:423,0
DA:425,0
DA:426,0
DA:428,0
DA:441,0
DA:447,0
DA:448,0
DA:452,0
DA:453,0
DA:455,0
DA:461,0
DA:462,0
DA:466,0
DA:467,0
DA:468,0
DA:471,0
DA:473,0
DA:474,0
DA:478,0
DA:479,0
DA:483,0
DA:485,0
DA:487,0
DA:488,0
LF:207
LH:0
BRDA:37,0,0,0
BRDA:37,0,1,0
BRDA:37,1,0,0
BRDA:37,1,1,0
BRDA:37,1,2,0
BRDA:40,2,0,0
BRDA:40,2,1,0
BRDA:40,3,0,0
BRDA:40,3,1,0
BRDA:40,3,2,0
BRDA:45,4,0,0
BRDA:45,4,1,0
BRDA:47,5,0,0
BRDA:47,5,1,0
BRDA:49,6,0,0
BRDA:49,6,1,0
BRDA:57,7,0,0
BRDA:57,7,1,0
BRDA:61,8,0,0
BRDA:61,8,1,0
BRDA:61,9,0,0
BRDA:61,9,1,0
BRDA:61,9,2,0
BRDA:69,10,0,0
BRDA:69,10,1,0
BRDA:72,11,0,0
BRDA:72,11,1,0
BRDA:75,12,0,0
BRDA:75,12,1,0
BRDA:75,13,0,0
BRDA:75,13,1,0
BRDA:76,14,0,0
BRDA:76,14,1,0
BRDA:76,15,0,0
BRDA:76,15,1,0
BRDA:77,16,0,0
BRDA:77,16,1,0
BRDA:77,17,0,0
BRDA:77,17,1,0
BRDA:81,18,0,0
BRDA:81,18,1,0
BRDA:96,19,0,0
BRDA:96,19,1,0
BRDA:100,20,0,0
BRDA:100,20,1,0
BRDA:102,21,0,0
BRDA:102,21,1,0
BRDA:103,22,0,0
BRDA:103,22,1,0
BRDA:111,23,0,0
BRDA:111,23,1,0
BRDA:131,24,0,0
BRDA:131,24,1,0
BRDA:141,25,0,0
BRDA:141,25,1,0
BRDA:142,26,0,0
BRDA:142,26,1,0
BRDA:167,27,0,0
BRDA:167,27,1,0
BRDA:167,28,0,0
BRDA:167,28,1,0
BRDA:167,28,2,0
BRDA:170,29,0,0
BRDA:170,29,1,0
BRDA:170,30,0,0
BRDA:170,30,1,0
BRDA:170,30,2,0
BRDA:180,31,0,0
BRDA:180,31,1,0
BRDA:181,32,0,0
BRDA:181,32,1,0
BRDA:182,33,0,0
BRDA:182,33,1,0
BRDA:189,34,0,0
BRDA:189,34,1,0
BRDA:190,35,0,0
BRDA:190,35,1,0
BRDA:191,36,0,0
BRDA:191,36,1,0
BRDA:201,37,0,0
BRDA:201,37,1,0
BRDA:206,38,0,0
BRDA:206,38,1,0
BRDA:206,39,0,0
BRDA:206,39,1,0
BRDA:206,39,2,0
BRDA:211,40,0,0
BRDA:211,40,1,0
BRDA:214,41,0,0
BRDA:214,41,1,0
BRDA:214,41,2,0
BRDA:217,42,0,0
BRDA:217,42,1,0
BRDA:220,43,0,0
BRDA:220,43,1,0
BRDA:220,44,0,0
BRDA:220,44,1,0
BRDA:221,45,0,0
BRDA:221,45,1,0
BRDA:221,46,0,0
BRDA:221,46,1,0
BRDA:222,47,0,0
BRDA:222,47,1,0
BRDA:222,48,0,0
BRDA:222,48,1,0
BRDA:238,49,0,0
BRDA:238,49,1,0
BRDA:239,50,0,0
BRDA:239,50,1,0
BRDA:248,51,0,0
BRDA:248,51,1,0
BRDA:249,52,0,0
BRDA:249,52,1,0
BRDA:250,53,0,0
BRDA:250,53,1,0
BRDA:265,54,0,0
BRDA:265,54,1,0
BRDA:267,55,0,0
BRDA:267,55,1,0
BRDA:283,56,0,0
BRDA:283,56,1,0
BRDA:291,57,0,0
BRDA:291,57,1,0
BRDA:305,58,0,0
BRDA:305,58,1,0
BRDA:305,59,0,0
BRDA:305,59,1,0
BRDA:317,60,0,0
BRDA:317,60,1,0
BRDA:317,61,0,0
BRDA:317,61,1,0
BRDA:317,61,2,0
BRDA:319,62,0,0
BRDA:319,62,1,0
BRDA:319,63,0,0
BRDA:319,63,1,0
BRDA:319,63,2,0
BRDA:343,64,0,0
BRDA:343,64,1,0
BRDA:343,65,0,0
BRDA:343,65,1,0
BRDA:349,66,0,0
BRDA:349,66,1,0
BRDA:358,67,0,0
BRDA:358,67,1,0
BRDA:389,68,0,0
BRDA:389,68,1,0
BRDA:414,69,0,0
BRDA:414,69,1,0
BRDA:414,70,0,0
BRDA:414,70,1,0
BRDA:419,71,0,0
BRDA:419,71,1,0
BRDA:473,72,0,0
BRDA:473,72,1,0
BRDA:478,73,0,0
BRDA:478,73,1,0
BRF:157
BRH:0
end_of_record
TN:
SF:controllers/flightController.js
FN:16,(anonymous_0)
FN:26,(anonymous_1)
FN:43,(anonymous_2)
FN:82,(anonymous_3)
FN:238,(anonymous_4)
FN:448,(anonymous_5)
FN:494,(anonymous_6)
FN:521,(anonymous_7)
FN:546,(anonymous_8)
FN:613,(anonymous_9)
FNF:10
FNH:0
FNDA:0,(anonymous_0)
FNDA:0,(anonymous_1)
FNDA:0,(anonymous_2)
FNDA:0,(anonymous_3)
FNDA:0,(anonymous_4)
FNDA:0,(anonymous_5)
FNDA:0,(anonymous_6)
FNDA:0,(anonymous_7)
FNDA:0,(anonymous_8)
FNDA:0,(anonymous_9)
DA:1,0
DA:2,0
DA:3,0
DA:4,0
DA:5,0
DA:13,0
DA:14,0
DA:16,0
DA:17,0
DA:18,0
DA:20,0
DA:21,0
DA:24,0
DA:26,0
DA:36,0
DA:38,0
DA:39,0
DA:43,0
DA:44,0
DA:45,0
DA:47,0
DA:48,0
DA:55,0
DA:57,0
DA:58,0
DA:65,0
DA:68,0
DA:77,0
DA:78,0
DA:82,0
DA:83,0
DA:84,0
DA:94,0
DA:103,0
DA:106,0
DA:107,0
DA:109,0
DA:110,0
DA:114,0
DA:115,0
DA:116,0
DA:117,0
DA:118,0
DA:119,0
DA:121,0
DA:126,0
DA:127,0
DA:128,0
DA:129,0
DA:134,0
DA:139,0
DA:141,0
DA:146,0
DA:150,0
DA:151,0
DA:158,0
DA:159,0
DA:160,0
DA:161,0
DA:163,0
DA:183,0
DA:184,0
DA:185,0
DA:188,0
DA:189,0
DA:190,0
DA:191,0
DA:193,0
DA:194,0
DA:199,0
DA:200,0
DA:209,0
DA:213,0
DA:218,0
DA:219,0
DA:220,0
DA:223,0
DA:225,0
DA:226,0
DA:227,0
DA:228,0
DA:229,0
DA:230,0
DA:234,0
DA:238,0
DA:239,0
DA:249,0
DA:258,0
DA:261,0
DA:262,0
DA:264,0
DA:265,0
DA:269,0
DA:274,0
DA:275,0
DA:276,0
DA:277,0
DA:279,0
DA:283,0
DA:284,0
DA:285,0
DA:286,0
DA:291,0
DA:296,0
DA:298,0
DA:303,0
DA:310,0
DA:311,0
DA:312,0
DA:313,0
DA:316,0
DA:318,0
DA:319,0
DA:321,0
DA:324,0
DA:331,0
DA:332,0
DA:337,0
DA:338,0
DA:341,0
DA:343,0
DA:348,0
DA:350,0
DA:353,0
DA:361,0
DA:373,0
DA:380,0
DA:398,0
DA:399,0
DA:400,0
DA:401,0
DA:403,0
DA:406,0
DA:407,0
DA:416,0
DA:420,0
DA:423,0
DA:424,0
DA:425,0
DA:428,0
DA:430,0
DA:437,0
DA:438,0
DA:439,0
DA:440,0
DA:441,0
DA:443,0
DA:444,0
DA:448,0
DA:449,0
DA:451,0
DA:456,0
DA:457,0
DA:458,0
DA:459,0
DA:461,0
DA:464,0
DA:465,0
DA:466,0
DA:469,0
DA:472,0
DA:474,0
DA:477,0
DA:478,0
DA:479,0
DA:482,0
DA:484,0
DA:485,0
DA:486,0
DA:487,0
DA:489,0
DA:490,0
DA:494,0
DA:495,0
DA:496,0
DA:499,0
DA:501,0
DA:502,0
DA:506,0
DA:507,0
DA:511,0
DA:513,0
DA:515,0
DA:516,0
DA:521,0
DA:522,0
DA:523,0
DA:526,0
DA:527,0
DA:528,0
DA:533,0
DA:540,0
DA:541,0
DA:546,0
DA:547,0
DA:548,0
DA:551,0
DA:552,0
DA:579,0
DA:580,0
DA:584,0
DA:585,0
DA:586,0
DA:587,0
DA:588,0
DA:589,0
DA:590,0
DA:593,0
DA:594,0
DA:600,0
DA:601,0
DA:602,0
DA:604,0
DA:612,0
DA:613,0
DA:618,0
DA:619,0
DA:623,0
DA:624,0
DA:627,0
DA:628,0
DA:630,0
DA:631,0
DA:632,0
DA:633,0
DA:637,0
DA:652,0
DA:653,0
DA:654,0
LF:229
LH:0
BRDA:20,0,0,0
BRDA:20,0,1,0
BRDA:20,1,0,0
BRDA:20,1,1,0
BRDA:47,2,0,0
BRDA:47,2,1,0
BRDA:57,3,0,0
BRDA:57,3,1,0
BRDA:71,4,0,0
BRDA:71,4,1,0
BRDA:106,5,0,0
BRDA:106,5,1,0
BRDA:106,6,0,0
BRDA:106,6,1,0
BRDA:106,6,2,0
BRDA:109,7,0,0
BRDA:109,7,1,0
BRDA:109,8,0,0
BRDA:109,8,1,0
BRDA:109,8,2,0
BRDA:114,9,0,0
BRDA:114,9,1,0
BRDA:116,10,0,0
BRDA:116,10,1,0
BRDA:118,11,0,0
BRDA:118,11,1,0
BRDA:126,12,0,0
BRDA:126,12,1,0
BRDA:126,13,0,0
BRDA:126,13,1,0
BRDA:128,14,0,0
BRDA:128,14,1,0
BRDA:134,15,0,0
BRDA:134,15,1,0
BRDA:135,16,0,0
BRDA:135,16,1,0
BRDA:135,16,2,0
BRDA:135,16,3,0
BRDA:141,17,0,0
BRDA:141,17,1,0
BRDA:142,18,0,0
BRDA:142,18,1,0
BRDA:142,18,2,0
BRDA:142,18,3,0
BRDA:160,19,0,0
BRDA:160,19,1,0
BRDA:161,20,0,0
BRDA:161,20,1,0
BRDA:165,21,0,0
BRDA:165,21,1,0
BRDA:184,22,0,0
BRDA:184,22,1,0
BRDA:188,23,0,0
BRDA:188,23,1,0
BRDA:190,24,0,0
BRDA:190,24,1,0
BRDA:191,25,0,0
BRDA:191,25,1,0
BRDA:199,26,0,0
BRDA:199,26,1,0
BRDA:219,27,0,0
BRDA:219,27,1,0
BRDA:229,28,0,0
BRDA:229,28,1,0
BRDA:232,29,0,0
BRDA:232,29,1,0
BRDA:261,30,0,0
BRDA:261,30,1,0
BRDA:261,31,0,0
BRDA:261,31,1,0
BRDA:261,31,2,0
BRDA:264,32,0,0
BRDA:264,32,1,0
BRDA:264,33,0,0
BRDA:264,33,1,0
BRDA:264,33,2,0
BRDA:274,34,0,0
BRDA:274,34,1,0
BRDA:276,35,0,0
BRDA:276,35,1,0
BRDA:283,36,0,0
BRDA:283,36,1,0
BRDA:283,37,0,0
BRDA:283,37,1,0
BRDA:285,38,0,0
BRDA:285,38,1,0
BRDA:291,39,0,0
BRDA:291,39,1,0
BRDA:292,40,0,0
BRDA:292,40,1,0
BRDA:292,40,2,0
BRDA:292,40,3,0
BRDA:298,41,0,0
BRDA:298,41,1,0
BRDA:299,42,0,0
BRDA:299,42,1,0
BRDA:299,42,2,0
BRDA:299,42,3,0
BRDA:310,43,0,0
BRDA:310,43,1,0
BRDA:313,44,0,0
BRDA:313,44,1,0
BRDA:316,45,0,0
BRDA:316,45,1,0
BRDA:316,46,0,0
BRDA:316,46,1,0
BRDA:321,47,0,0
BRDA:321,47,1,0
BRDA:331,48,0,0
BRDA:331,48,1,0
BRDA:338,49,0,0
BRDA:338,49,1,0
BRDA:341,50,0,0
BRDA:341,50,1,0
BRDA:341,51,0,0
BRDA:341,51,1,0
BRDA:350,52,0,0
BRDA:350,52,1,0
BRDA:398,53,0,0
BRDA:398,53,1,0
BRDA:401,54,0,0
BRDA:401,54,1,0
BRDA:403,55,0,0
BRDA:403,55,1,0
BRDA:406,56,0,0
BRDA:406,56,1,0
BRDA:424,57,0,0
BRDA:424,57,1,0
BRDA:438,58,0,0
BRDA:438,58,1,0
BRDA:439,59,0,0
BRDA:439,59,1,0
BRDA:456,60,0,0
BRDA:456,60,1,0
BRDA:458,61,0,0
BRDA:458,61,1,0
BRDA:478,62,0,0
BRDA:478,62,1,0
BRDA:486,63,0,0
BRDA:486,63,1,0
BRDA:501,64,0,0
BRDA:501,64,1,0
BRDA:506,65,0,0
BRDA:506,65,1,0
BRDA:527,66,0,0
BRDA:527,66,1,0
BRDA:527,67,0,0
BRDA:527,67,1,0
BRDA:579,68,0,0
BRDA:579,68,1,0
BRDA:579,69,0,0
BRDA:579,69,1,0
BRDA:585,70,0,0
BRDA:585,70,1,0
BRDA:585,71,0,0
BRDA:585,71,1,0
BRDA:589,72,0,0
BRDA:589,72,1,0
BRDA:593,73,0,0
BRDA:593,73,1,0
BRDA:601,74,0,0
BRDA:601,74,1,0
BRDA:630,75,0,0
BRDA:630,75,1,0
BRDA:631,76,0,0
BRDA:631,76,1,0
BRDA:632,77,0,0
BRDA:632,77,1,0
BRDA:633,78,0,0
BRDA:633,78,1,0
BRDA:638,79,0,0
BRDA:638,79,1,0
BRDA:639,80,0,0
BRDA:639,80,1,0
BRF:174
BRH:0
end_of_record
TN:
SF:controllers/hotelController.js
FN:15,(anonymous_0)
FN:129,(anonymous_1)
FN:212,(anonymous_2)
FN:254,(anonymous_3)
FN:282,(anonymous_4)
FN:330,(anonymous_5)
FNF:6
FNH:0
FNDA:0,(anonymous_0)
FNDA:0,(anonymous_1)
FNDA:0,(anonymous_2)
FNDA:0,(anonymous_3)
FNDA:0,(anonymous_4)
FNDA:0,(anonymous_5)
DA:1,0
DA:2,0
DA:3,0
DA:4,0
DA:12,0
DA:13,0
DA:15,0
DA:16,0
DA:17,0
DA:30,0
DA:33,0
DA:34,0
DA:35,0
DA:36,0
DA:37,0
DA:39,0
DA:43,0
DA:44,0
DA:47,0
DA:50,0
DA:51,0
DA:52,0
DA:53,0
DA:54,0
DA:56,0
DA:57,0
DA:60,0
DA:62,0
DA:78,0
DA:79,0
DA:80,0
DA:83,0
DA:84,0
DA:85,0
DA:86,0
DA:88,0
DA:89,0
DA:94,0
DA:95,0
DA:104,0
DA:108,0
DA:113,0
DA:114,0
DA:115,0
DA:118,0
DA:120,0
DA:121,0
DA:122,0
DA:123,0
DA:125,0
DA:129,0
DA:130,0
DA:142,0
DA:145,0
DA:150,0
DA:151,0
DA:152,0
DA:153,0
DA:155,0
DA:159,0
DA:160,0
DA:163,0
DA:170,0
DA:171,0
DA:172,0
DA:173,0
DA:175,0
DA:176,0
DA:179,0
DA:181,0
DA:195,0
DA:196,0
DA:197,0
DA:200,0
DA:202,0
DA:203,0
DA:204,0
DA:205,0
DA:207,0
DA:208,0
DA:212,0
DA:213,0
DA:215,0
DA:220,0
DA:221,0
DA:222,0
DA:223,0
DA:225,0
DA:228,0
DA:229,0
DA:232,0
DA:234,0
DA:237,0
DA:238,0
DA:239,0
DA:242,0
DA:244,0
DA:245,0
DA:246,0
DA:247,0
DA:249,0
DA:250,0
DA:254,0
DA:255,0
DA:256,0
DA:259,0
DA:261,0
DA:262,0
DA:266,0
DA:267,0
DA:268,0
DA:272,0
DA:274,0
DA:276,0
DA:277,0
DA:282,0
DA:283,0
DA:284,0
DA:285,0
DA:288,0
DA:289,0
DA:290,0
DA:293,0
DA:296,0
DA:300,0
DA:301,0
DA:302,0
DA:305,0
DA:306,0
DA:308,0
DA:317,0
DA:324,0
DA:325,0
DA:330,0
DA:331,0
DA:332,0
DA:335,0
DA:340,0
DA:341,0
DA:347,0
DA:348,0
DA:351,0
DA:352,0
DA:355,0
DA:368,0
DA:369,0
LF:146
LH:0
BRDA:34,0,0,0
BRDA:34,0,1,0
BRDA:36,1,0,0
BRDA:36,1,1,0
BRDA:51,2,0,0
BRDA:51,2,1,0
BRDA:51,3,0,0
BRDA:51,3,1,0
BRDA:51,3,2,0
BRDA:60,4,0,0
BRDA:60,4,1,0
BRDA:79,5,0,0
BRDA:79,5,1,0
BRDA:83,6,0,0
BRDA:83,6,1,0
BRDA:85,7,0,0
BRDA:85,7,1,0
BRDA:86,8,0,0
BRDA:86,8,1,0
BRDA:94,9,0,0
BRDA:94,9,1,0
BRDA:114,10,0,0
BRDA:114,10,1,0
BRDA:122,11,0,0
BRDA:122,11,1,0
BRDA:150,12,0,0
BRDA:150,12,1,0
BRDA:152,13,0,0
BRDA:152,13,1,0
BRDA:171,14,0,0
BRDA:171,14,1,0
BRDA:171,15,0,0
BRDA:171,15,1,0
BRDA:171,15,2,0
BRDA:176,16,0,0
BRDA:176,16,1,0
BRDA:179,17,0,0
BRDA:179,17,1,0
BRDA:179,17,2,0
BRDA:196,18,0,0
BRDA:196,18,1,0
BRDA:204,19,0,0
BRDA:204,19,1,0
BRDA:220,20,0,0
BRDA:220,20,1,0
BRDA:222,21,0,0
BRDA:222,21,1,0
BRDA:238,22,0,0
BRDA:238,22,1,0
BRDA:246,23,0,0
BRDA:246,23,1,0
BRDA:261,24,0,0
BRDA:261,24,1,0
BRDA:267,25,0,0
BRDA:267,25,1,0
BRDA:267,26,0,0
BRDA:267,26,1,0
BRDA:289,27,0,0
BRDA:289,27,1,0
BRDA:289,28,0,0
BRDA:289,28,1,0
BRDA:296,29,0,0
BRDA:296,29,1,0
BRDA:296,30,0,0
BRDA:296,30,1,0
BRDA:300,31,0,0
BRDA:300,31,1,0
BRDA:340,32,0,0
BRDA:340,32,1,0
BRDA:340,33,0,0
BRDA:340,33,1,0
BRDA:347,34,0,0
BRDA:347,34,1,0
BRDA:348,35,0,0
BRDA:348,35,1,0
BRDA:356,36,0,0
BRDA:356,36,1,0
BRF:77
BRH:0
end_of_record
TN:
SF:controllers/notificationController.js
FN:6,(anonymous_0)
FN:41,(anonymous_1)
FN:65,(anonymous_2)
FN:105,(anonymous_3)
FN:132,(anonymous_4)
FN:171,(anonymous_5)
FN:209,(anonymous_6)
FNF:7
FNH:0
FNDA:0,(anonymous_0)
FNDA:0,(anonymous_1)
FNDA:0,(anonymous_2)
FNDA:0,(anonymous_3)
FNDA:0,(anonymous_4)
FNDA:0,(anonymous_5)
FNDA:0,(anonymous_6)
DA:1,0
DA:2,0
DA:3,0
DA:4,0
DA:6,0
DA:7,0
DA:8,0
DA:9,0
DA:11,0
DA:12,0
DA:13,0
DA:16,0
DA:28,0
DA:33,0
DA:34,0
DA:41,0
DA:42,0
DA:43,0
DA:45,0
DA:52,0
DA:57,0
DA:58,0
DA:65,0
DA:66,0
DA:67,0
DA:68,0
DA:70,0
DA:71,0
DA:72,0
DA:79,0
DA:80,0
DA:86,0
DA:87,0
DA:90,0
DA:92,0
DA:97,0
DA:98,0
DA:105,0
DA:106,0
DA:107,0
DA:109,0
DA:119,0
DA:124,0
DA:125,0
DA:132,0
DA:133,0
DA:134,0
DA:135,0
DA:137,0
DA:138,0
DA:139,0
DA:146,0
DA:147,0
DA:153,0
DA:156,0
DA:158,0
DA:163,0
DA:164,0
DA:171,0
DA:172,0
DA:173,0
DA:175,0
DA:196,0
DA:201,0
DA:202,0
DA:209,0
DA:210,0
DA:211,0
DA:213,0
DA:234,0
DA:239,0
DA:240,0
LF:72
LH:0
BRDA:12,0,0,0
BRDA:12,0,1,0
BRDA:71,1,0,0
BRDA:71,1,1,0
BRDA:79,2,0,0
BRDA:79,2,1,0
BRDA:138,3,0,0
BRDA:138,3,1,0
BRDA:146,4,0,0
BRDA:146,4,1,0
BRF:10
BRH:0
end_of_record
TN:
SF:controllers/transportationController.js
FN:15,(anonymous_0)
FN:121,(anonymous_1)
FN:195,(anonymous_2)
FN:238,(anonymous_3)
FN:265,(anonymous_4)
FN:289,(anonymous_5)
FNF:6
FNH:0
FNDA:0,(anonymous_0)
FNDA:0,(anonymous_1)
FNDA:0,(anonymous_2)
FNDA:0,(anonymous_3)
FNDA:0,(anonymous_4)
FNDA:0,(anonymous_5)
DA:1,0
DA:2,0
DA:3,0
DA:4,0
DA:12,0
DA:13,0
DA:15,0
DA:16,0
DA:17,0
DA:30,0
DA:33,0
DA:34,0
DA:35,0
DA:36,0
DA:37,0
DA:38,0
DA:40,0
DA:45,0
DA:50,0
DA:70,0
DA:71,0
DA:72,0
DA:75,0
DA:76,0
DA:77,0
DA:78,0
DA:80,0
DA:81,0
DA:86,0
DA:87,0
DA:96,0
DA:100,0
DA:105,0
DA:106,0
DA:107,0
DA:110,0
DA:112,0
DA:113,0
DA:114,0
DA:115,0
DA:117,0
DA:121,0
DA:122,0
DA:134,0
DA:137,0
DA:142,0
DA:143,0
DA:144,0
DA:145,0
DA:147,0
DA:151,0
DA:160,0
DA:178,0
DA:179,0
DA:180,0
DA:183,0
DA:185,0
DA:186,0
DA:187,0
DA:188,0
DA:190,0
DA:191,0
DA:195,0
DA:196,0
DA:198,0
DA:203,0
DA:204,0
DA:205,0
DA:206,0
DA:208,0
DA:211,0
DA:212,0
DA:213,0
DA:216,0
DA:218,0
DA:221,0
DA:222,0
DA:223,0
DA:226,0
DA:228,0
DA:229,0
DA:230,0
DA:231,0
DA:233,0
DA:234,0
DA:238,0
DA:239,0
DA:240,0
DA:243,0
DA:245,0
DA:246,0
DA:250,0
DA:251,0
DA:255,0
DA:257,0
DA:259,0
DA:260,0
DA:265,0
DA:266,0
DA:267,0
DA:270,0
DA:271,0
DA:272,0
DA:276,0
DA:283,0
DA:284,0
DA:289,0
DA:290,0
DA:291,0
DA:294,0
DA:299,0
DA:300,0
DA:305,0
DA:306,0
DA:309,0
DA:310,0
DA:313,0
DA:326,0
DA:327,0
LF:119
LH:0
BRDA:33,0,0,0
BRDA:33,0,1,0
BRDA:35,1,0,0
BRDA:35,1,1,0
BRDA:37,2,0,0
BRDA:37,2,1,0
BRDA:52,3,0,0
BRDA:52,3,1,0
BRDA:71,4,0,0
BRDA:71,4,1,0
BRDA:75,5,0,0
BRDA:75,5,1,0
BRDA:77,6,0,0
BRDA:77,6,1,0
BRDA:78,7,0,0
BRDA:78,7,1,0
BRDA:86,8,0,0
BRDA:86,8,1,0
BRDA:106,9,0,0
BRDA:106,9,1,0
BRDA:114,10,0,0
BRDA:114,10,1,0
BRDA:142,11,0,0
BRDA:142,11,1,0
BRDA:144,12,0,0
BRDA:144,12,1,0
BRDA:179,13,0,0
BRDA:179,13,1,0
BRDA:187,14,0,0
BRDA:187,14,1,0
BRDA:203,15,0,0
BRDA:203,15,1,0
BRDA:205,16,0,0
BRDA:205,16,1,0
BRDA:222,17,0,0
BRDA:222,17,1,0
BRDA:230,18,0,0
BRDA:230,18,1,0
BRDA:245,19,0,0
BRDA:245,19,1,0
BRDA:250,20,0,0
BRDA:250,20,1,0
BRDA:271,21,0,0
BRDA:271,21,1,0
BRDA:271,22,0,0
BRDA:271,22,1,0
BRDA:299,23,0,0
BRDA:299,23,1,0
BRDA:299,24,0,0
BRDA:299,24,1,0
BRDA:305,25,0,0
BRDA:305,25,1,0
BRDA:306,26,0,0
BRDA:306,26,1,0
BRDA:314,27,0,0
BRDA:314,27,1,0
BRF:56
BRH:0
end_of_record
TN:
SF:controllers/tripController.js
FN:8,(anonymous_0)
FN:122,(anonymous_1)
FN:123,(anonymous_2)
FN:204,(anonymous_3)
FN:330,(anonymous_4)
FN:363,(anonymous_5)
FN:364,(anonymous_6)
FN:365,(anonymous_7)
FN:366,(anonymous_8)
FN:367,(anonymous_9)
FN:393,(anonymous_10)
FN:434,(anonymous_11)
FN:477,(anonymous_12)
FN:515,(anonymous_13)
FN:555,(anonymous_14)
FN:595,(anonymous_15)
FN:596,(anonymous_16)
FN:597,(anonymous_17)
FN:733,(anonymous_18)
FN:754,(anonymous_19)
FN:780,(anonymous_20)
FN:811,(anonymous_21)
FN:868,(anonymous_22)
FN:887,(anonymous_23)
FN:888,(anonymous_24)
FN:889,(anonymous_25)
FN:890,(anonymous_26)
FN:891,(anonymous_27)
FN:961,(anonymous_28)
FN:988,(anonymous_29)
FNF:30
FNH:0
FNDA:0,(anonymous_0)
FNDA:0,(anonymous_1)
FNDA:0,(anonymous_2)
FNDA:0,(anonymous_3)
FNDA:0,(anonymous_4)
FNDA:0,(anonymous_5)
FNDA:0,(anonymous_6)
FNDA:0,(anonymous_7)
FNDA:0,(anonymous_8)
FNDA:0,(anonymous_9)
FNDA:0,(anonymous_10)
FNDA:0,(anonymous_11)
FNDA:0,(anonymous_12)
FNDA:0,(anonymous_13)
FNDA:0,(anonymous_14)
FNDA:0,(anonymous_15)
FNDA:0,(anonymous_16)
FNDA:0,(anonymous_17)
FNDA:0,(anonymous_18)
FNDA:0,(anonymous_19)
FNDA:0,(anonymous_20)
FNDA:0,(anonymous_21)
FNDA:0,(anonymous_22)
FNDA:0,(anonymous_23)
FNDA:0,(anonymous_24)
FNDA:0,(anonymous_25)
FNDA:0,(anonymous_26)
FNDA:0,(anonymous_27)
FNDA:0,(anonymous_28)
FNDA:0,(anonymous_29)
DA:1,0
DA:2,0
DA:3,0
DA:4,0
DA:5,0
DA:6,0
DA:8,0
DA:9,0
DA:11,0
DA:12,0
DA:13,0
DA:16,0
DA:17,0
DA:18,0
DA:21,0
DA:22,0
DA:24,0
DA:26,0
DA:27,0
DA:28,0
DA:30,0
DA:31,0
DA:36,0
DA:62,0
DA:69,0
DA:70,0
DA:71,0
DA:74,0
DA:77,0
DA:78,0
DA:79,0
DA:85,0
DA:113,0
DA:114,0
DA:115,0
DA:118,0
DA:121,0
DA:122,0
DA:123,0
DA:127,0
DA:128,0
DA:129,0
DA:131,0
DA:132,0
DA:137,0
DA:142,0
DA:149,0
DA:150,0
DA:151,0
DA:168,0
DA:169,0
DA:178,0
DA:195,0
DA:197,0
DA:198,0
DA:199,0
DA:204,0
DA:205,0
DA:206,0
DA:209,0
DA:220,0
DA:224,0
DA:226,0
DA:236,0
DA:246,0
DA:247,0
DA:248,0
DA:249,0
DA:251,0
DA:254,0
DA:255,0
DA:256,0
DA:257,0
DA:260,0
DA:261,0
DA:262,0
DA:264,0
DA:266,0
DA:274,0
DA:275,0
DA:276,0
DA:277,0
DA:281,0
DA:292,0
DA:294,0
DA:296,0
DA:304,0
DA:305,0
DA:306,0
DA:321,0
DA:322,0
DA:324,0
DA:325,0
DA:326,0
DA:330,0
DA:331,0
DA:332,0
DA:361,0
DA:362,0
DA:363,0
DA:364,0
DA:365,0
DA:366,0
DA:367,0
DA:370,0
DA:383,0
DA:386,0
DA:387,0
DA:388,0
DA:392,0
DA:393,0
DA:394,0
DA:397,0
DA:398,0
DA:399,0
DA:403,0
DA:406,0
DA:407,0
DA:409,0
DA:411,0
DA:414,0
DA:415,0
DA:417,0
DA:419,0
DA:422,0
DA:423,0
DA:428,0
DA:429,0
DA:434,0
DA:435,0
DA:436,0
DA:441,0
DA:444,0
DA:446,0
DA:447,0
DA:448,0
DA:449,0
DA:451,0
DA:453,0
DA:454,0
DA:455,0
DA:456,0
DA:459,0
DA:471,0
DA:472,0
DA:473,0
DA:477,0
DA:478,0
DA:479,0
DA:502,0
DA:503,0
DA:504,0
DA:507,0
DA:509,0
DA:510,0
DA:511,0
DA:515,0
DA:516,0
DA:517,0
DA:540,0
DA:541,0
DA:544,0
DA:550,0
DA:551,0
DA:555,0
DA:556,0
DA:557,0
DA:559,0
DA:563,0
DA:564,0
DA:565,0
DA:569,0
DA:578,0
DA:583,0
DA:584,0
DA:585,0
DA:586,0
DA:587,0
DA:588,0
DA:591,0
DA:595,0
DA:596,0
DA:597,0
DA:600,0
DA:601,0
DA:602,0
DA:609,0
DA:610,0
DA:611,0
DA:612,0
DA:614,0
DA:615,0
DA:616,0
DA:619,0
DA:620,0
DA:624,0
DA:625,0
DA:633,0
DA:634,0
DA:635,0
DA:638,0
DA:639,0
DA:640,0
DA:644,0
DA:653,0
DA:654,0
DA:655,0
DA:656,0
DA:658,0
DA:659,0
DA:660,0
DA:662,0
DA:663,0
DA:671,0
DA:672,0
DA:673,0
DA:674,0
DA:678,0
DA:688,0
DA:691,0
DA:692,0
DA:699,0
DA:700,0
DA:707,0
DA:708,0
DA:709,0
DA:724,0
DA:725,0
DA:727,0
DA:728,0
DA:729,0
DA:733,0
DA:734,0
DA:735,0
DA:739,0
DA:740,0
DA:741,0
DA:744,0
DA:745,0
DA:746,0
DA:748,0
DA:749,0
DA:750,0
DA:754,0
DA:755,0
DA:756,0
DA:767,0
DA:768,0
DA:769,0
DA:772,0
DA:774,0
DA:775,0
DA:776,0
DA:780,0
DA:781,0
DA:782,0
DA:783,0
DA:786,0
DA:797,0
DA:798,0
DA:802,0
DA:804,0
DA:806,0
DA:807,0
DA:811,0
DA:812,0
DA:813,0
DA:824,0
DA:825,0
DA:829,0
DA:831,0
DA:833,0
DA:846,0
DA:847,0
DA:851,0
DA:863,0
DA:864,0
DA:868,0
DA:869,0
DA:870,0
DA:881,0
DA:882,0
DA:886,0
DA:887,0
DA:888,0
DA:889,0
DA:890,0
DA:891,0
DA:894,0
DA:907,0
DA:910,0
DA:912,0
DA:914,0
DA:927,0
DA:928,0
DA:933,0
DA:934,0
DA:936,0
DA:938,0
DA:941,0
DA:942,0
DA:946,0
DA:949,0
DA:950,0
DA:955,0
DA:956,0
DA:961,0
DA:962,0
DA:963,0
DA:968,0
DA:970,0
DA:971,0
DA:972,0
DA:973,0
DA:975,0
DA:977,0
DA:978,0
DA:979,0
DA:980,0
DA:984,0
DA:985,0
DA:987,0
DA:988,0
DA:989,0
DA:990,0
DA:991,0
DA:997,0
DA:1007,0
DA:1008,0
LF:329
LH:0
BRDA:8,0,0,0
BRDA:11,1,0,0
BRDA:11,1,1,0
BRDA:11,1,2,0
BRDA:16,2,0,0
BRDA:16,2,1,0
BRDA:24,3,0,0
BRDA:24,3,1,0
BRDA:28,4,0,0
BRDA:28,4,1,0
BRDA:69,5,0,0
BRDA:69,5,1,0
BRDA:78,6,0,0
BRDA:78,6,1,0
BRDA:113,7,0,0
BRDA:113,7,1,0
BRDA:131,8,0,0
BRDA:131,8,1,0
BRDA:131,9,0,0
BRDA:131,9,1,0
BRDA:150,10,0,0
BRDA:150,10,1,0
BRDA:150,11,0,0
BRDA:150,11,1,0
BRDA:168,12,0,0
BRDA:168,12,1,0
BRDA:185,13,0,0
BRDA:185,13,1,0
BRDA:186,14,0,0
BRDA:186,14,1,0
BRDA:187,15,0,0
BRDA:187,15,1,0
BRDA:188,16,0,0
BRDA:188,16,1,0
BRDA:189,17,0,0
BRDA:189,17,1,0
BRDA:190,18,0,0
BRDA:190,18,1,0
BRDA:224,19,0,0
BRDA:224,19,1,0
BRDA:246,20,0,0
BRDA:246,20,1,0
BRDA:249,21,0,0
BRDA:249,21,1,0
BRDA:251,22,0,0
BRDA:251,22,1,0
BRDA:254,23,0,0
BRDA:254,23,1,0
BRDA:257,24,0,0
BRDA:257,24,1,0
BRDA:264,25,0,0
BRDA:264,25,1,0
BRDA:274,26,0,0
BRDA:274,26,1,0
BRDA:274,27,0,0
BRDA:274,27,1,0
BRDA:292,28,0,0
BRDA:292,28,1,0
BRDA:292,29,0,0
BRDA:292,29,1,0
BRDA:294,30,0,0
BRDA:294,30,1,0
BRDA:305,31,0,0
BRDA:305,31,1,0
BRDA:361,32,0,0
BRDA:361,32,1,0
BRDA:386,33,0,0
BRDA:386,33,1,0
BRDA:397,34,0,0
BRDA:397,34,1,0
BRDA:397,35,0,0
BRDA:397,35,1,0
BRDA:403,36,0,0
BRDA:403,36,1,0
BRDA:403,36,2,0
BRDA:409,37,0,0
BRDA:409,37,1,0
BRDA:409,38,0,0
BRDA:409,38,1,0
BRDA:414,39,0,0
BRDA:414,39,1,0
BRDA:417,40,0,0
BRDA:417,40,1,0
BRDA:422,41,0,0
BRDA:422,41,1,0
BRDA:428,42,0,0
BRDA:428,42,1,0
BRDA:453,43,0,0
BRDA:453,43,1,0
BRDA:453,44,0,0
BRDA:453,44,1,0
BRDA:455,45,0,0
BRDA:455,45,1,0
BRDA:502,46,0,0
BRDA:502,46,1,0
BRDA:540,47,0,0
BRDA:540,47,1,0
BRDA:563,48,0,0
BRDA:563,48,1,0
BRDA:586,49,0,0
BRDA:586,49,1,0
BRDA:587,50,0,0
BRDA:587,50,1,0
BRDA:588,51,0,0
BRDA:588,51,1,0
BRDA:591,52,0,0
BRDA:591,52,1,0
BRDA:600,53,0,0
BRDA:600,53,1,0
BRDA:610,54,0,0
BRDA:610,54,1,0
BRDA:612,55,0,0
BRDA:612,55,1,0
BRDA:619,56,0,0
BRDA:619,56,1,0
BRDA:624,57,0,0
BRDA:624,57,1,0
BRDA:624,58,0,0
BRDA:624,58,1,0
BRDA:633,59,0,0
BRDA:633,59,1,0
BRDA:633,60,0,0
BRDA:633,60,1,0
BRDA:653,61,0,0
BRDA:653,61,1,0
BRDA:656,62,0,0
BRDA:656,62,1,0
BRDA:662,63,0,0
BRDA:662,63,1,0
BRDA:671,64,0,0
BRDA:671,64,1,0
BRDA:671,65,0,0
BRDA:671,65,1,0
BRDA:691,66,0,0
BRDA:691,66,1,0
BRDA:691,67,0,0
BRDA:691,67,1,0
BRDA:699,68,0,0
BRDA:699,68,1,0
BRDA:708,69,0,0
BRDA:708,69,1,0
BRDA:739,70,0,0
BRDA:739,70,1,0
BRDA:767,71,0,0
BRDA:767,71,1,0
BRDA:797,72,0,0
BRDA:797,72,1,0
BRDA:824,73,0,0
BRDA:824,73,1,0
BRDA:831,74,0,0
BRDA:831,74,1,0
BRDA:846,75,0,0
BRDA:846,75,1,0
BRDA:881,76,0,0
BRDA:881,76,1,0
BRDA:912,77,0,0
BRDA:912,77,1,0
BRDA:927,78,0,0
BRDA:927,78,1,0
BRDA:936,79,0,0
BRDA:936,79,1,0
BRDA:941,80,0,0
BRDA:941,80,1,0
BRDA:949,81,0,0
BRDA:949,81,1,0
BRDA:955,82,0,0
BRDA:955,82,1,0
BRDA:977,83,0,0
BRDA:977,83,1,0
BRDA:977,84,0,0
BRDA:977,84,1,0
BRDA:979,85,0,0
BRDA:979,85,1,0
BRDA:985,86,0,0
BRDA:985,86,1,0
BRDA:987,87,0,0
BRDA:987,87,1,0
BRDA:990,88,0,0
BRDA:990,88,1,0
BRDA:990,89,0,0
BRDA:990,89,1,0
BRF:181
BRH:0
end_of_record
TN:
SF:controllers/tripInvitationController.js
FN:4,(anonymous_0)
FN:117,(anonymous_1)
FN:166,(anonymous_2)
FN:302,(anonymous_3)
FNF:4
FNH:0
FNDA:0,(anonymous_0)
FNDA:0,(anonymous_1)
FNDA:0,(anonymous_2)
FNDA:0,(anonymous_3)
DA:1,0
DA:2,0
DA:4,0
DA:5,0
DA:6,0
DA:7,0
DA:8,0
DA:11,0
DA:12,0
DA:13,0
DA:20,0
DA:21,0
DA:28,0
DA:29,0
DA:30,0
DA:37,0
DA:38,0
DA:45,0
DA:52,0
DA:53,0
DA:60,0
DA:77,0
DA:78,0
DA:85,0
DA:93,0
DA:103,0
DA:109,0
DA:110,0
DA:117,0
DA:118,0
DA:119,0
DA:121,0
DA:153,0
DA:158,0
DA:159,0
DA:166,0
DA:167,0
DA:168,0
DA:169,0
DA:170,0
DA:173,0
DA:174,0
DA:181,0
DA:190,0
DA:191,0
DA:198,0
DA:199,0
DA:206,0
DA:207,0
DA:213,0
DA:215,0
DA:218,0
DA:232,0
DA:234,0
DA:250,0
DA:251,0
DA:252,0
DA:255,0
DA:265,0
DA:272,0
DA:273,0
DA:274,0
DA:277,0
DA:287,0
DA:294,0
DA:295,0
DA:302,0
DA:303,0
DA:304,0
DA:305,0
DA:308,0
DA:309,0
DA:310,0
DA:317,0
DA:318,0
DA:325,0
DA:332,0
DA:333,0
DA:340,0
DA:348,0
DA:367,0
DA:368,0
DA:377,0
DA:384,0
DA:385,0
DA:388,0
DA:393,0
DA:394,0
LF:88
LH:0
BRDA:12,0,0,0
BRDA:12,0,1,0
BRDA:20,1,0,0
BRDA:20,1,1,0
BRDA:29,2,0,0
BRDA:29,2,1,0
BRDA:37,3,0,0
BRDA:37,3,1,0
BRDA:52,4,0,0
BRDA:52,4,1,0
BRDA:77,5,0,0
BRDA:77,5,1,0
BRDA:173,6,0,0
BRDA:173,6,1,0
BRDA:190,7,0,0
BRDA:190,7,1,0
BRDA:198,8,0,0
BRDA:198,8,1,0
BRDA:206,9,0,0
BRDA:206,9,1,0
BRDA:213,10,0,0
BRDA:213,10,1,0
BRDA:309,11,0,0
BRDA:309,11,1,0
BRDA:317,12,0,0
BRDA:317,12,1,0
BRDA:332,13,0,0
BRDA:332,13,1,0
BRDA:384,14,0,0
BRDA:384,14,1,0
BRF:30
BRH:0
end_of_record
TN:
SF:controllers/voucherAttachmentController.js
FN:6,(anonymous_0)
FN:219,(anonymous_1)
FN:239,(anonymous_2)
FN:240,(anonymous_3)
FN:257,(anonymous_4)
FN:445,(anonymous_5)
FN:467,(anonymous_6)
FN:502,(anonymous_7)
FN:560,(anonymous_8)
FN:638,(anonymous_9)
FNF:10
FNH:0
FNDA:0,(anonymous_0)
FNDA:0,(anonymous_1)
FNDA:0,(anonymous_2)
FNDA:0,(anonymous_3)
FNDA:0,(anonymous_4)
FNDA:0,(anonymous_5)
FNDA:0,(anonymous_6)
FNDA:0,(anonymous_7)
FNDA:0,(anonymous_8)
FNDA:0,(anonymous_9)
DA:1,0
DA:2,0
DA:3,0
DA:6,0
DA:7,0
DA:8,0
DA:9,0
DA:13,0
DA:16,0
DA:17,0
DA:24,0
DA:34,0
DA:35,0
DA:42,0
DA:43,0
DA:50,0
DA:51,0
DA:54,0
DA:55,0
DA:58,0
DA:59,0
DA:60,0
DA:67,0
DA:68,0
DA:75,0
DA:76,0
DA:84,0
DA:85,0
DA:86,0
DA:87,0
DA:92,0
DA:93,0
DA:94,0
DA:95,0
DA:103,0
DA:105,0
DA:106,0
DA:113,0
DA:114,0
DA:121,0
DA:122,0
DA:128,0
DA:129,0
DA:136,0
DA:137,0
DA:138,0
DA:144,0
DA:145,0
DA:146,0
DA:154,0
DA:165,0
DA:166,0
DA:167,0
DA:168,0
DA:169,0
DA:170,0
DA:173,0
DA:175,0
DA:176,0
DA:177,0
DA:181,0
DA:198,0
DA:199,0
DA:200,0
DA:202,0
DA:204,0
DA:207,0
DA:208,0
DA:209,0
DA:213,0
DA:217,0
DA:219,0
DA:234,0
DA:239,0
DA:240,0
DA:247,0
DA:248,0
DA:257,0
DA:258,0
DA:259,0
DA:260,0
DA:267,0
DA:270,0
DA:271,0
DA:278,0
DA:279,0
DA:286,0
DA:296,0
DA:297,0
DA:304,0
DA:305,0
DA:312,0
DA:314,0
DA:315,0
DA:322,0
DA:323,0
DA:330,0
DA:331,0
DA:337,0
DA:338,0
DA:345,0
DA:347,0
DA:349,0
DA:350,0
DA:356,0
DA:357,0
DA:358,0
DA:367,0
DA:368,0
DA:369,0
DA:370,0
DA:375,0
DA:376,0
DA:377,0
DA:378,0
DA:386,0
DA:397,0
DA:400,0
DA:401,0
DA:402,0
DA:404,0
DA:407,0
DA:408,0
DA:411,0
DA:415,0
DA:429,0
DA:435,0
DA:436,0
DA:445,0
DA:446,0
DA:447,0
DA:449,0
DA:466,0
DA:468,0
DA:470,0
DA:471,0
DA:474,0
DA:475,0
DA:476,0
DA:479,0
DA:482,0
DA:486,0
DA:492,0
DA:493,0
DA:502,0
DA:503,0
DA:504,0
DA:505,0
DA:506,0
DA:508,0
DA:509,0
DA:515,0
DA:517,0
DA:518,0
DA:525,0
DA:526,0
DA:533,0
DA:534,0
DA:541,0
DA:542,0
DA:544,0
DA:550,0
DA:551,0
DA:560,0
DA:561,0
DA:562,0
DA:563,0
DA:566,0
DA:568,0
DA:569,0
DA:575,0
DA:576,0
DA:583,0
DA:593,0
DA:594,0
DA:601,0
DA:602,0
DA:605,0
DA:608,0
DA:610,0
DA:613,0
DA:616,0
DA:617,0
DA:621,0
DA:623,0
DA:628,0
DA:629,0
DA:638,0
DA:639,0
DA:640,0
DA:641,0
DA:642,0
DA:644,0
DA:646,0
DA:647,0
DA:653,0
DA:654,0
DA:661,0
DA:671,0
DA:672,0
DA:678,0
DA:679,0
DA:682,0
DA:683,0
DA:690,0
DA:691,0
DA:692,0
DA:694,0
DA:695,0
DA:702,0
DA:703,0
DA:704,0
DA:706,0
DA:709,0
DA:710,0
DA:711,0
DA:712,0
DA:713,0
DA:715,0
DA:718,0
DA:732,0
DA:738,0
DA:739,0
LF:223
LH:0
BRDA:16,0,0,0
BRDA:16,0,1,0
BRDA:16,1,0,0
BRDA:16,1,1,0
BRDA:16,1,2,0
BRDA:34,2,0,0
BRDA:34,2,1,0
BRDA:42,3,0,0
BRDA:42,3,1,0
BRDA:58,4,0,0
BRDA:58,4,1,0
BRDA:58,5,0,0
BRDA:58,5,1,0
BRDA:58,5,2,0
BRDA:67,6,0,0
BRDA:67,6,1,0
BRDA:67,7,0,0
BRDA:67,7,1,0
BRDA:67,7,2,0
BRDA:75,8,0,0
BRDA:75,8,1,0
BRDA:84,9,0,0
BRDA:84,9,1,0
BRDA:86,10,0,0
BRDA:86,10,1,0
BRDA:92,11,0,0
BRDA:92,11,1,0
BRDA:94,12,0,0
BRDA:94,12,1,0
BRDA:105,13,0,0
BRDA:105,13,1,0
BRDA:113,14,0,0
BRDA:113,14,1,0
BRDA:113,15,0,0
BRDA:113,15,1,0
BRDA:121,16,0,0
BRDA:121,16,1,0
BRDA:121,17,0,0
BRDA:121,17,1,0
BRDA:121,17,2,0
BRDA:128,18,0,0
BRDA:128,18,1,0
BRDA:136,19,0,0
BRDA:136,19,1,0
BRDA:137,20,0,0
BRDA:137,20,1,0
BRDA:137,21,0,0
BRDA:137,21,1,0
BRDA:145,22,0,0
BRDA:145,22,1,0
BRDA:159,23,0,0
BRDA:159,23,1,0
BRDA:165,24,0,0
BRDA:165,24,1,0
BRDA:168,25,0,0
BRDA:168,25,1,0
BRDA:169,26,0,0
BRDA:169,26,1,0
BRDA:173,27,0,0
BRDA:173,27,1,0
BRDA:198,28,0,0
BRDA:198,28,1,0
BRDA:199,29,0,0
BRDA:199,29,1,0
BRDA:239,30,0,0
BRDA:239,30,1,0
BRDA:270,31,0,0
BRDA:270,31,1,0
BRDA:270,32,0,0
BRDA:270,32,1,0
BRDA:270,32,2,0
BRDA:278,33,0,0
BRDA:278,33,1,0
BRDA:296,34,0,0
BRDA:296,34,1,0
BRDA:304,35,0,0
BRDA:304,35,1,0
BRDA:314,36,0,0
BRDA:314,36,1,0
BRDA:322,37,0,0
BRDA:322,37,1,0
BRDA:322,38,0,0
BRDA:322,38,1,0
BRDA:330,39,0,0
BRDA:330,39,1,0
BRDA:330,40,0,0
BRDA:330,40,1,0
BRDA:330,40,2,0
BRDA:337,41,0,0
BRDA:337,41,1,0
BRDA:347,42,0,0
BRDA:347,42,1,0
BRDA:349,43,0,0
BRDA:349,43,1,0
BRDA:349,44,0,0
BRDA:349,44,1,0
BRDA:357,45,0,0
BRDA:357,45,1,0
BRDA:367,46,0,0
BRDA:367,46,1,0
BRDA:369,47,0,0
BRDA:369,47,1,0
BRDA:375,48,0,0
BRDA:375,48,1,0
BRDA:377,49,0,0
BRDA:377,49,1,0
BRDA:397,50,0,0
BRDA:397,50,1,0
BRDA:402,51,0,0
BRDA:402,51,1,0
BRDA:404,52,0,0
BRDA:404,52,1,0
BRDA:407,53,0,0
BRDA:407,53,1,0
BRDA:470,54,0,0
BRDA:470,54,1,0
BRDA:475,55,0,0
BRDA:475,55,1,0
BRDA:508,56,0,0
BRDA:508,56,1,0
BRDA:508,57,0,0
BRDA:508,57,1,0
BRDA:517,58,0,0
BRDA:517,58,1,0
BRDA:525,59,0,0
BRDA:525,59,1,0
BRDA:533,60,0,0
BRDA:533,60,1,0
BRDA:533,61,0,0
BRDA:533,61,1,0
BRDA:568,62,0,0
BRDA:568,62,1,0
BRDA:575,63,0,0
BRDA:575,63,1,0
BRDA:593,64,0,0
BRDA:593,64,1,0
BRDA:608,65,0,0
BRDA:608,65,1,0
BRDA:616,66,0,0
BRDA:616,66,1,0
BRDA:616,67,0,0
BRDA:616,67,1,0
BRDA:646,68,0,0
BRDA:646,68,1,0
BRDA:653,69,0,0
BRDA:653,69,1,0
BRDA:671,70,0,0
BRDA:671,70,1,0
BRDA:679,71,0,0
BRDA:679,71,1,0
BRDA:682,72,0,0
BRDA:682,72,1,0
BRDA:694,73,0,0
BRDA:694,73,1,0
BRDA:703,74,0,0
BRDA:703,74,1,0
BRDA:710,75,0,0
BRDA:710,75,1,0
BRDA:712,76,0,0
BRDA:712,76,1,0
BRF:160
BRH:0
end_of_record
TN:
SF:controllers/voucherController.js
FN:7,(anonymous_0)
FN:94,(anonymous_1)
FN:144,(anonymous_2)
FN:168,(anonymous_3)
FN:239,(anonymous_4)
FN:293,(anonymous_5)
FN:332,(anonymous_6)
FN:403,(anonymous_7)
FN:437,(anonymous_8)
FN:438,(anonymous_9)
FN:450,(anonymous_10)
FNF:11
FNH:0
FNDA:0,(anonymous_0)
FNDA:0,(anonymous_1)
FNDA:0,(anonymous_2)
FNDA:0,(anonymous_3)
FNDA:0,(anonymous_4)
FNDA:0,(anonymous_5)
FNDA:0,(anonymous_6)
FNDA:0,(anonymous_7)
FNDA:0,(anonymous_8)
FNDA:0,(anonymous_9)
FNDA:0,(anonymous_10)
DA:1,0
DA:2,0
DA:3,0
DA:4,0
DA:7,0
DA:8,0
DA:20,0
DA:23,0
DA:24,0
DA:31,0
DA:32,0
DA:35,0
DA:36,0
DA:43,0
DA:44,0
DA:45,0
DA:52,0
DA:56,0
DA:57,0
DA:64,0
DA:78,0
DA:84,0
DA:85,0
DA:94,0
DA:95,0
DA:96,0
DA:97,0
DA:99,0
DA:107,0
DA:108,0
DA:112,0
DA:113,0
DA:117,0
DA:118,0
DA:126,0
DA:144,0
DA:145,0
DA:146,0
DA:147,0
DA:148,0
DA:149,0
DA:152,0
DA:158,0
DA:159,0
DA:168,0
DA:169,0
DA:170,0
DA:171,0
DA:173,0
DA:204,0
DA:205,0
DA:212,0
DA:213,0
DA:219,0
DA:220,0
DA:221,0
DA:222,0
DA:224,0
DA:229,0
DA:230,0
DA:239,0
DA:240,0
DA:241,0
DA:242,0
DA:249,0
DA:251,0
DA:253,0
DA:254,0
DA:261,0
DA:262,0
DA:269,0
DA:270,0
DA:271,0
DA:272,0
DA:273,0
DA:275,0
DA:277,0
DA:283,0
DA:284,0
DA:293,0
DA:294,0
DA:295,0
DA:296,0
DA:298,0
DA:300,0
DA:301,0
DA:308,0
DA:309,0
DA:315,0
DA:317,0
DA:322,0
DA:323,0
DA:332,0
DA:333,0
DA:334,0
DA:335,0
DA:337,0
DA:339,0
DA:340,0
DA:347,0
DA:348,0
DA:354,0
DA:356,0
DA:357,0
DA:364,0
DA:381,0
DA:382,0
DA:384,0
DA:393,0
DA:394,0
DA:403,0
DA:404,0
DA:405,0
DA:406,0
DA:409,0
DA:410,0
DA:411,0
DA:418,0
DA:436,0
DA:437,0
DA:442,0
DA:443,0
DA:445,0
DA:448,0
DA:451,0
DA:452,0
DA:453,0
DA:454,0
DA:457,0
DA:463,0
DA:464,0
LF:131
LH:0
BRDA:23,0,0,0
BRDA:23,0,1,0
BRDA:23,1,0,0
BRDA:23,1,1,0
BRDA:23,1,2,0
BRDA:35,2,0,0
BRDA:35,2,1,0
BRDA:35,3,0,0
BRDA:35,3,1,0
BRDA:44,4,0,0
BRDA:44,4,1,0
BRDA:44,5,0,0
BRDA:44,5,1,0
BRDA:56,6,0,0
BRDA:56,6,1,0
BRDA:74,7,0,0
BRDA:74,7,1,0
BRDA:107,8,0,0
BRDA:107,8,1,0
BRDA:112,9,0,0
BRDA:112,9,1,0
BRDA:117,10,0,0
BRDA:117,10,1,0
BRDA:204,11,0,0
BRDA:204,11,1,0
BRDA:212,12,0,0
BRDA:212,12,1,0
BRDA:212,13,0,0
BRDA:212,13,1,0
BRDA:253,14,0,0
BRDA:253,14,1,0
BRDA:261,15,0,0
BRDA:261,15,1,0
BRDA:261,16,0,0
BRDA:261,16,1,0
BRDA:269,17,0,0
BRDA:269,17,1,0
BRDA:270,18,0,0
BRDA:270,18,1,0
BRDA:271,19,0,0
BRDA:271,19,1,0
BRDA:272,20,0,0
BRDA:272,20,1,0
BRDA:273,21,0,0
BRDA:273,21,1,0
BRDA:300,22,0,0
BRDA:300,22,1,0
BRDA:308,23,0,0
BRDA:308,23,1,0
BRDA:308,24,0,0
BRDA:308,24,1,0
BRDA:339,25,0,0
BRDA:339,25,1,0
BRDA:347,26,0,0
BRDA:347,26,1,0
BRDA:347,27,0,0
BRDA:347,27,1,0
BRDA:356,28,0,0
BRDA:356,28,1,0
BRDA:410,29,0,0
BRDA:410,29,1,0
BRDA:443,30,0,0
BRDA:443,30,1,0
BRF:63
BRH:0
end_of_record
TN:
SF:controllers/helpers/deleteManager.js
FN:20,storeDeletedItem
FN:46,(anonymous_1)
FN:52,(anonymous_2)
FN:69,retrieveDeletedItem
FN:103,hasDeletedItem
FNF:5
FNH:0
FNDA:0,storeDeletedItem
FNDA:0,(anonymous_1)
FNDA:0,(anonymous_2)
FNDA:0,retrieveDeletedItem
FNDA:0,hasDeletedItem
DA:1,0
DA:6,0
DA:7,0
DA:10,0
DA:21,0
DA:22,0
DA:25,0
DA:26,0
DA:29,0
DA:38,0
DA:39,0
DA:40,0
DA:41,0
DA:44,0
DA:48,0
DA:50,0
DA:51,0
DA:52,0
DA:53,0
DA:59,0
DA:70,0
DA:71,0
DA:74,0
DA:75,0
DA:77,0
DA:79,0
DA:80,0
DA:81,0
DA:82,0
DA:83,0
DA:87,0
DA:88,0
DA:90,0
DA:93,0
DA:104,0
DA:105,0
DA:108,0
DA:109,0
DA:112,0
LF:39
LH:0
BRDA:21,0,0,0
BRDA:21,0,1,0
BRDA:40,1,0,0
BRDA:40,1,1,0
BRDA:50,2,0,0
BRDA:50,2,1,0
BRDA:50,3,0,0
BRDA:50,3,1,0
BRDA:53,4,0,0
BRDA:53,4,1,0
BRDA:70,5,0,0
BRDA:70,5,1,0
BRDA:77,6,0,0
BRDA:77,6,1,0
BRDA:81,7,0,0
BRDA:81,7,1,0
BRDA:104,8,0,0
BRDA:104,8,1,0
BRF:18
BRH:0
end_of_record
TN:
SF:controllers/helpers/resourceController.js
FN:16,verifyTripOwnership
FN:33,geocodeIfChanged
FN:57,geocodeOriginDestination
FN:79,redirectAfterSuccess
FN:98,redirectAfterError
FN:116,verifyResourceOwnership
FN:132,verifyResourceOwnershipViaTrip
FN:148,convertToUTC
FN:160,geocodeWithAirportFallback
FNF:9
FNH:0
FNDA:0,verifyTripOwnership
FNDA:0,geocodeIfChanged
FNDA:0,geocodeOriginDestination
FNDA:0,redirectAfterSuccess
FNDA:0,redirectAfterError
FNDA:0,verifyResourceOwnership
FNDA:0,verifyResourceOwnershipViaTrip
FNDA:0,convertToUTC
FNDA:0,geocodeWithAirportFallback
DA:7,0
DA:8,0
DA:17,0
DA:19,0
DA:23,0
DA:34,0
DA:37,0
DA:38,0
DA:42,0
DA:65,0
DA:66,0
DA:68,0
DA:80,0
DA:81,0
DA:84,0
DA:85,0
DA:87,0
DA:99,0
DA:100,0
DA:103,0
DA:104,0
DA:106,0
DA:117,0
DA:120,0
DA:121,0
DA:123,0
DA:133,0
DA:136,0
DA:137,0
DA:139,0
DA:149,0
DA:161,0
DA:165,0
DA:166,0
DA:168,0
DA:169,0
DA:170,0
DA:171,0
DA:174,0
DA:175,0
DA:176,0
DA:178,0
DA:179,0
DA:188,0
DA:189,0
DA:196,0
LF:46
LH:0
BRDA:17,0,0,0
BRDA:17,0,1,0
BRDA:33,1,0,0
BRDA:33,2,0,0
BRDA:34,3,0,0
BRDA:34,3,1,0
BRDA:37,4,0,0
BRDA:37,4,1,0
BRDA:37,5,0,0
BRDA:37,5,1,0
BRDA:37,5,2,0
BRDA:59,6,0,0
BRDA:60,7,0,0
BRDA:62,8,0,0
BRDA:63,9,0,0
BRDA:80,10,0,0
BRDA:80,10,1,0
BRDA:84,11,0,0
BRDA:84,11,1,0
BRDA:99,12,0,0
BRDA:99,12,1,0
BRDA:103,13,0,0
BRDA:103,13,1,0
BRDA:117,14,0,0
BRDA:117,14,1,0
BRDA:120,15,0,0
BRDA:120,15,1,0
BRDA:121,16,0,0
BRDA:121,16,1,0
BRDA:133,17,0,0
BRDA:133,17,1,0
BRDA:133,18,0,0
BRDA:133,18,1,0
BRDA:136,19,0,0
BRDA:136,19,1,0
BRDA:137,20,0,0
BRDA:137,20,1,0
BRDA:160,21,0,0
BRDA:161,22,0,0
BRDA:161,22,1,0
BRDA:168,23,0,0
BRDA:168,23,1,0
BRDA:170,24,0,0
BRDA:170,24,1,0
BRDA:170,25,0,0
BRDA:170,25,1,0
BRDA:174,26,0,0
BRDA:174,26,1,0
BRDA:176,27,0,0
BRDA:176,27,1,0
BRDA:178,28,0,0
BRDA:178,28,1,0
BRF:52
BRH:0
end_of_record
TN:
SF:middleware/auth.js
FN:2,(anonymous_0)
FN:11,(anonymous_1)
FNF:2
FNH:0
FNDA:0,(anonymous_0)
FNDA:0,(anonymous_1)
DA:1,1
DA:3,0
DA:4,0
DA:6,0
DA:7,0
DA:8,0
DA:12,0
DA:13,0
DA:15,0
LF:9
LH:1
BRDA:3,0,0,0
BRDA:3,0,1,0
BRDA:12,1,0,0
BRDA:12,1,1,0
BRF:4
BRH:0
end_of_record
TN:
SF:middleware/errorHandler.js
FN:17,(anonymous_0)
FN:32,(anonymous_1)
FN:38,(anonymous_2)
FN:44,(anonymous_3)
FN:50,(anonymous_4)
FN:56,(anonymous_5)
FN:65,(anonymous_6)
FN:112,(anonymous_7)
FN:161,(anonymous_8)
FN:170,(anonymous_9)
FN:170,(anonymous_10)
FNF:11
FNH:0
FNDA:0,(anonymous_0)
FNDA:0,(anonymous_1)
FNDA:0,(anonymous_2)
FNDA:0,(anonymous_3)
FNDA:0,(anonymous_4)
FNDA:0,(anonymous_5)
FNDA:0,(anonymous_6)
FNDA:0,(anonymous_7)
FNDA:0,(anonymous_8)
FNDA:0,(anonymous_9)
FNDA:0,(anonymous_10)
DA:10,0
DA:18,0
DA:19,0
DA:20,0
DA:21,0
DA:24,0
DA:33,0
DA:39,0
DA:45,0
DA:51,0
DA:57,0
DA:65,0
DA:67,0
DA:68,0
DA:71,0
DA:80,0
DA:83,0
DA:84,0
DA:94,0
DA:95,0
DA:97,0
DA:102,0
DA:103,0
DA:107,0
DA:110,0
DA:111,0
DA:112,0
DA:113,0
DA:114,0
DA:115,0
DA:116,0
DA:117,0
DA:118,0
DA:122,0
DA:123,0
DA:125,0
DA:127,0
DA:135,0
DA:137,0
DA:147,0
DA:161,0
DA:162,0
DA:163,0
DA:170,0
DA:171,0
DA:174,0
LF:46
LH:0
BRDA:17,0,0,0
BRDA:17,1,0,0
BRDA:38,2,0,0
BRDA:44,3,0,0
BRDA:50,4,0,0
BRDA:67,5,0,0
BRDA:67,5,1,0
BRDA:68,6,0,0
BRDA:68,6,1,0
BRDA:80,7,0,0
BRDA:80,7,1,0
BRDA:83,8,0,0
BRDA:83,8,1,0
BRDA:94,9,0,0
BRDA:94,9,1,0
BRDA:102,10,0,0
BRDA:102,10,1,0
BRDA:107,11,0,0
BRDA:107,11,1,0
BRDA:110,12,0,0
BRDA:110,12,1,0
BRDA:113,13,0,0
BRDA:113,13,1,0
BRDA:116,14,0,0
BRDA:116,14,1,0
BRDA:122,15,0,0
BRDA:122,15,1,0
BRDA:125,16,0,0
BRDA:125,16,1,0
BRDA:125,17,0,0
BRDA:125,17,1,0
BRDA:129,18,0,0
BRDA:129,18,1,0
BRDA:130,19,0,0
BRDA:130,19,1,0
BRDA:135,20,0,0
BRDA:135,20,1,0
BRDA:135,21,0,0
BRDA:135,21,1,0
BRDA:152,22,0,0
BRDA:152,22,1,0
BRF:41
BRH:0
end_of_record
TN:
SF:middleware/rateLimiter.js
FN:24,(anonymous_0)
FN:52,(anonymous_1)
FN:78,(anonymous_2)
FN:121,createCustomLimiter
FNF:4
FNH:0
FNDA:0,(anonymous_0)
FNDA:0,(anonymous_1)
FNDA:0,(anonymous_2)
FNDA:0,createCustomLimiter
DA:8,0
DA:9,0
DA:15,0
DA:25,0
DA:31,0
DA:42,0
DA:53,0
DA:58,0
DA:69,0
DA:79,0
DA:86,0
DA:88,0
DA:89,0
DA:95,0
DA:96,0
DA:104,0
DA:122,0
DA:129,0
DA:132,0
LF:19
LH:0
BRDA:86,0,0,0
BRDA:86,0,1,0
BRDA:88,1,0,0
BRDA:88,1,1,0
BRDA:121,2,0,0
BRF:5
BRH:0
end_of_record
TN:
SF:middleware/requestLogger.js
FN:14,(anonymous_0)
FN:30,(anonymous_1)
FN:41,(anonymous_2)
FNF:3
FNH:0
FNDA:0,(anonymous_0)
FNDA:0,(anonymous_1)
FNDA:0,(anonymous_2)
DA:8,0
DA:14,0
DA:16,0
DA:29,0
DA:30,0
DA:32,0
DA:35,0
DA:38,0
DA:41,0
DA:42,0
DA:45,0
DA:46,0
DA:48,0
DA:49,0
DA:50,0
DA:51,0
DA:55,0
DA:66,0
DA:67,0
DA:71,0
DA:72,0
DA:74,0
DA:78,0
DA:81,0
DA:84,0
LF:25
LH:0
BRDA:29,0,0,0
BRDA:29,0,1,0
BRDA:30,1,0,0
BRDA:30,1,1,0
BRDA:48,2,0,0
BRDA:48,2,1,0
BRDA:50,3,0,0
BRDA:50,3,1,0
BRDA:61,4,0,0
BRDA:61,4,1,0
BRDA:66,5,0,0
BRDA:66,5,1,0
BRDA:66,6,0,0
BRDA:66,6,1,0
BRDA:71,7,0,0
BRDA:71,7,1,0
BRF:16
BRH:0
end_of_record
TN:
SF:middleware/sidebarContent.js
FN:6,(anonymous_0)
FNF:1
FNH:0
FNDA:0,(anonymous_0)
DA:6,0
DA:7,0
DA:8,0
LF:3
LH:0
BRF:0
BRH:0
end_of_record
TN:
SF:middleware/validation.js
FN:3,(anonymous_0)
FN:6,(anonymous_1)
FN:16,(anonymous_2)
FN:35,(anonymous_3)
FN:47,(anonymous_4)
FN:73,(anonymous_5)
FNF:6
FNH:0
FNDA:0,(anonymous_0)
FNDA:0,(anonymous_1)
FNDA:0,(anonymous_2)
FNDA:0,(anonymous_3)
FNDA:0,(anonymous_4)
FNDA:0,(anonymous_5)
DA:1,0
DA:3,0
DA:4,0
DA:5,0
DA:6,0
DA:7,0
DA:9,0
DA:12,0
DA:17,0
DA:18,0
DA:20,0
DA:37,0
DA:38,0
DA:39,0
DA:41,0
DA:42,0
DA:43,0
DA:45,0
DA:49,0
DA:50,0
DA:51,0
DA:53,0
DA:54,0
DA:55,0
DA:57,0
DA:74,0
DA:75,0
DA:77,0
LF:28
LH:0
BRDA:5,0,0,0
BRDA:5,0,1,0
BRDA:17,1,0,0
BRDA:17,1,1,0
BRDA:38,2,0,0
BRDA:38,2,1,0
BRDA:42,3,0,0
BRDA:42,3,1,0
BRDA:50,4,0,0
BRDA:50,4,1,0
BRDA:54,5,0,0
BRDA:54,5,1,0
BRDA:74,6,0,0
BRDA:74,6,1,0
BRF:14
BRH:0
end_of_record
TN:
SF:models/Airport.js
FN:1,(anonymous_0)
FNF:1
FNH:1
FNDA:7,(anonymous_0)
DA:1,7
DA:2,7
DA:63,7
LF:3
LH:3
BRF:0
BRH:0
end_of_record
TN:
SF:models/CarRental.js
FN:1,(anonymous_0)
FN:69,(anonymous_1)
FNF:2
FNH:2
FNDA:7,(anonymous_0)
FNDA:7,(anonymous_1)
DA:1,7
DA:2,7
DA:69,7
DA:70,7
DA:76,7
LF:5
LH:5
BRF:0
BRH:0
end_of_record
TN:
SF:models/CompanionRelationship.js
FN:3,(anonymous_0)
FN:80,(anonymous_1)
FNF:2
FNH:2
FNDA:7,(anonymous_0)
FNDA:7,(anonymous_1)
DA:1,7
DA:3,7
DA:4,7
DA:80,7
DA:81,7
DA:87,7
DA:94,7
LF:7
LH:7
BRF:0
BRH:0
end_of_record
TN:
SF:models/Event.js
FN:1,(anonymous_0)
FN:76,(anonymous_1)
FNF:2
FNH:2
FNDA:7,(anonymous_0)
FNDA:7,(anonymous_1)
DA:1,7
DA:2,7
DA:76,7
DA:77,7
DA:82,7
DA:89,7
LF:6
LH:6
BRF:0
BRH:0
end_of_record
TN:
SF:models/Flight.js
FN:1,(anonymous_0)
FN:85,(anonymous_1)
FNF:2
FNH:2
FNDA:7,(anonymous_0)
FNDA:7,(anonymous_1)
DA:1,7
DA:2,7
DA:85,7
DA:86,7
DA:91,7
DA:97,7
DA:104,7
LF:7
LH:7
BRF:0
BRH:0
end_of_record
TN:
SF:models/Hotel.js
FN:1,(anonymous_0)
FN:61,(anonymous_1)
FNF:2
FNH:2
FNDA:7,(anonymous_0)
FNDA:7,(anonymous_1)
DA:1,7
DA:2,7
DA:61,7
DA:62,7
DA:68,7
LF:5
LH:5
BRF:0
BRH:0
end_of_record
TN:
SF:models/ItemCompanion.js
FN:3,(anonymous_0)
FN:88,(anonymous_1)
FNF:2
FNH:2
FNDA:7,(anonymous_0)
FNDA:7,(anonymous_1)
DA:1,7
DA:3,7
DA:4,7
DA:88,7
DA:89,7
DA:95,7
DA:102,7
LF:7
LH:7
BRF:0
BRH:0
end_of_record
TN:
SF:models/Notification.js
FN:3,(anonymous_0)
FN:90,(anonymous_1)
FNF:2
FNH:2
FNDA:7,(anonymous_0)
FNDA:7,(anonymous_1)
DA:1,7
DA:3,7
DA:4,7
DA:90,7
DA:91,7
DA:98,7
LF:6
LH:6
BRF:0
BRH:0
end_of_record
TN:
SF:models/Transportation.js
FN:1,(anonymous_0)
FN:85,(anonymous_1)
FNF:2
FNH:2
FNDA:7,(anonymous_0)
FNDA:7,(anonymous_1)
DA:1,7
DA:2,7
DA:85,7
DA:86,7
DA:91,7
DA:98,7
LF:6
LH:6
BRF:0
BRH:0
end_of_record
TN:
SF:models/TravelCompanion.js
FN:1,(anonymous_0)
FN:60,(anonymous_1)
FNF:2
FNH:2
FNDA:7,(anonymous_0)
FNDA:7,(anonymous_1)
DA:1,7
DA:2,7
DA:60,7
DA:62,7
DA:68,7
DA:74,7
DA:82,7
LF:7
LH:7
BRF:0
BRH:0
end_of_record
TN:
SF:models/Trip.js
FN:1,(anonymous_0)
FN:43,(anonymous_1)
FNF:2
FNH:2
FNDA:7,(anonymous_0)
FNDA:7,(anonymous_1)
DA:1,7
DA:2,7
DA:43,7
DA:44,7
DA:49,7
DA:55,7
DA:61,7
DA:67,7
DA:73,7
DA:80,7
DA:88,7
DA:95,7
LF:12
LH:12
BRF:0
BRH:0
end_of_record
TN:
SF:models/TripCompanion.js
FN:1,(anonymous_0)
FN:64,(anonymous_1)
FNF:2
FNH:2
FNDA:7,(anonymous_0)
FNDA:7,(anonymous_1)
DA:1,7
DA:2,7
DA:64,7
DA:65,7
DA:70,7
DA:75,7
DA:81,7
LF:7
LH:7
BRF:0
BRH:0
end_of_record
TN:
SF:models/TripInvitation.js
FN:3,(anonymous_0)
FN:82,(anonymous_1)
FNF:2
FNH:2
FNDA:7,(anonymous_0)
FNDA:7,(anonymous_1)
DA:1,7
DA:3,7
DA:4,7
DA:82,7
DA:83,7
DA:89,7
DA:95,7
DA:102,7
LF:8
LH:8
BRF:0
BRH:0
end_of_record
TN:
SF:models/User.js
FN:1,(anonymous_0)
FN:39,(anonymous_1)
FNF:2
FNH:2
FNDA:7,(anonymous_0)
FNDA:7,(anonymous_1)
DA:1,7
DA:2,7
DA:39,7
DA:40,7
DA:47,7
DA:54,7
DA:60,7
DA:67,7
LF:8
LH:8
BRF:0
BRH:0
end_of_record
TN:
SF:models/Voucher.js
FN:1,(anonymous_0)
FN:109,(anonymous_1)
FN:138,(anonymous_2)
FN:148,(anonymous_3)
FN:158,(anonymous_4)
FNF:5
FNH:2
FNDA:7,(anonymous_0)
FNDA:7,(anonymous_1)
FNDA:0,(anonymous_2)
FNDA:0,(anonymous_3)
FNDA:0,(anonymous_4)
DA:1,7
DA:2,7
DA:109,7
DA:111,7
DA:118,7
DA:125,7
DA:131,7
DA:138,7
DA:140,0
DA:143,0
DA:144,0
DA:148,7
DA:149,0
DA:150,0
DA:151,0
DA:152,0
DA:153,0
DA:154,0
DA:158,7
DA:159,0
DA:160,0
DA:163,7
LF:22
LH:11
BRDA:140,0,0,0
BRDA:140,0,1,0
BRDA:143,1,0,0
BRDA:143,1,1,0
BRDA:149,2,0,0
BRDA:149,2,1,0
BRDA:159,3,0,0
BRDA:159,3,1,0
BRF:8
BRH:0
end_of_record
TN:
SF:models/VoucherAttachment.js
FN:1,(anonymous_0)
FN:60,(anonymous_1)
FNF:2
FNH:2
FNDA:7,(anonymous_0)
FNDA:7,(anonymous_1)
DA:1,7
DA:2,7
DA:60,7
DA:62,7
DA:68,7
DA:77,7
LF:6
LH:6
BRF:0
BRH:0
end_of_record
TN:
SF:models/index.js
FN:38,(anonymous_0)
FNF:1
FNH:1
FNDA:126,(anonymous_0)
DA:1,7
DA:2,7
DA:4,7
DA:5,7
DA:7,7
DA:14,7
DA:16,7
DA:17,7
DA:20,7
DA:21,7
DA:22,7
DA:23,7
DA:24,7
DA:25,7
DA:26,7
DA:27,7
DA:28,7
DA:29,7
DA:30,7
DA:31,7
DA:32,7
DA:33,7
DA:34,7
DA:35,7
DA:38,7
DA:39,126
DA:40,105
DA:44,7
LF:28
LH:28
BRDA:4,0,0,7
BRDA:4,0,1,0
BRDA:39,1,0,105
BRDA:39,1,1,21
BRF:4
BRH:3
end_of_record
TN:
SF:services/BaseService.js
FN:10,(anonymous_0)
FN:21,(anonymous_1)
FN:36,(anonymous_2)
FN:51,(anonymous_3)
FN:66,(anonymous_4)
FN:83,(anonymous_5)
FN:99,(anonymous_6)
FN:114,(anonymous_7)
FN:128,(anonymous_8)
FN:144,(anonymous_9)
FN:156,(anonymous_10)
FNF:11
FNH:8
FNDA:5,(anonymous_0)
FNDA:21,(anonymous_1)
FNDA:0,(anonymous_2)
FNDA:0,(anonymous_3)
FNDA:8,(anonymous_4)
FNDA:6,(anonymous_5)
FNDA:4,(anonymous_6)
FNDA:14,(anonymous_7)
FNDA:0,(anonymous_8)
FNDA:15,(anonymous_9)
FNDA:21,(anonymous_10)
DA:7,5
DA:11,5
DA:12,5
DA:22,21
DA:23,21
DA:25,0
DA:26,0
DA:37,0
DA:38,0
DA:40,0
DA:41,0
DA:52,0
DA:53,0
DA:55,0
DA:56,0
DA:67,8
DA:68,8
DA:69,8
DA:70,8
DA:72,0
DA:73,0
DA:84,6
DA:85,6
DA:86,6
DA:87,6
DA:89,0
DA:90,0
DA:100,4
DA:101,4
DA:102,4
DA:104,0
DA:105,0
DA:115,14
DA:116,14
DA:118,0
DA:119,0
DA:129,0
DA:130,0
DA:131,0
DA:133,0
DA:134,0
DA:145,15
DA:146,15
DA:157,21
DA:159,21
DA:160,6
DA:161,6
DA:164,15
DA:165,2
DA:166,2
DA:169,13
DA:173,5
LF:52
LH:29
BRDA:21,0,0,0
BRDA:36,1,0,0
BRDA:51,2,0,0
BRDA:51,3,0,0
BRDA:66,4,0,8
BRDA:114,5,0,0
BRDA:145,6,0,0
BRDA:145,6,1,15
BRDA:156,7,0,15
BRDA:159,8,0,6
BRDA:159,8,1,15
BRDA:164,9,0,2
BRDA:164,9,1,13
BRF:13
BRH:7
end_of_record
TN:
SF:services/airportService.js
FN:12,(anonymous_0)
FN:48,(anonymous_1)
FN:82,(anonymous_2)
FN:107,(anonymous_3)
FN:111,(anonymous_4)
FN:119,(anonymous_5)
FN:157,(anonymous_6)
FN:170,(anonymous_7)
FN:205,(anonymous_8)
FN:218,(anonymous_9)
FN:242,(anonymous_10)
FNF:11
FNH:0
FNDA:0,(anonymous_0)
FNDA:0,(anonymous_1)
FNDA:0,(anonymous_2)
FNDA:0,(anonymous_3)
FNDA:0,(anonymous_4)
FNDA:0,(anonymous_5)
FNDA:0,(anonymous_6)
FNDA:0,(anonymous_7)
FNDA:0,(anonymous_8)
FNDA:0,(anonymous_9)
FNDA:0,(anonymous_10)
DA:1,2
DA:2,2
DA:3,2
DA:4,2
DA:13,0
DA:14,0
DA:16,0
DA:17,0
DA:19,0
DA:22,0
DA:37,0
DA:38,0
DA:49,0
DA:50,0
DA:52,0
DA:55,0
DA:82,0
DA:97,0
DA:98,0
DA:108,0
DA:110,0
DA:111,0
DA:120,0
DA:122,0
DA:125,0
DA:126,0
DA:127,0
DA:129,0
DA:130,0
DA:134,0
DA:135,0
DA:136,0
DA:137,0
DA:138,0
DA:142,0
DA:143,0
DA:144,0
DA:145,0
DA:146,0
DA:149,0
DA:158,0
DA:159,0
DA:161,0
DA:162,0
DA:171,0
DA:172,0
DA:175,0
DA:178,0
DA:179,0
DA:180,0
DA:184,0
DA:185,0
DA:186,0
DA:190,0
DA:191,0
DA:192,0
DA:195,0
DA:206,0
DA:207,0
DA:211,0
DA:212,0
DA:215,0
DA:218,0
DA:233,0
DA:234,0
DA:243,0
DA:247,2
LF:67
LH:5
BRDA:14,0,0,0
BRDA:14,0,1,0
BRDA:14,1,0,0
BRDA:14,1,1,0
BRDA:19,2,0,0
BRDA:19,2,1,0
BRDA:48,3,0,0
BRDA:50,4,0,0
BRDA:50,4,1,0
BRDA:50,5,0,0
BRDA:50,5,1,0
BRDA:108,6,0,0
BRDA:108,6,1,0
BRDA:108,7,0,0
BRDA:108,7,1,0
BRDA:111,8,0,0
BRDA:111,8,1,0
BRDA:120,9,0,0
BRDA:120,9,1,0
BRDA:120,10,0,0
BRDA:120,10,1,0
BRDA:126,11,0,0
BRDA:126,11,1,0
BRDA:130,12,0,0
BRDA:130,12,1,0
BRDA:135,13,0,0
BRDA:135,13,1,0
BRDA:138,14,0,0
BRDA:138,14,1,0
BRDA:143,15,0,0
BRDA:143,15,1,0
BRDA:146,16,0,0
BRDA:146,16,1,0
BRDA:159,17,0,0
BRDA:159,17,1,0
BRDA:162,18,0,0
BRDA:162,18,1,0
BRDA:171,19,0,0
BRDA:171,19,1,0
BRDA:171,20,0,0
BRDA:171,20,1,0
BRDA:179,21,0,0
BRDA:179,21,1,0
BRDA:179,22,0,0
BRDA:179,22,1,0
BRDA:185,23,0,0
BRDA:185,23,1,0
BRDA:185,24,0,0
BRDA:185,24,1,0
BRDA:191,25,0,0
BRDA:191,25,1,0
BRDA:191,26,0,0
BRDA:191,26,1,0
BRDA:205,27,0,0
BRDA:211,28,0,0
BRDA:211,28,1,0
BRF:56
BRH:0
end_of_record
TN:
SF:services/aviationStackService.js
FN:7,(anonymous_0)
FNF:1
FNH:0
FNDA:0,(anonymous_0)
DA:1,0
DA:3,0
DA:4,0
DA:8,0
DA:9,0
DA:10,0
DA:13,0
DA:18,0
DA:19,0
DA:22,0
DA:24,0
DA:25,0
DA:27,0
DA:42,0
DA:48,0
DA:49,0
DA:58,0
LF:17
LH:0
BRDA:7,0,0,0
BRDA:9,1,0,0
BRDA:9,1,1,0
BRDA:18,2,0,0
BRDA:18,2,1,0
BRDA:24,3,0,0
BRDA:24,3,1,0
BRDA:24,4,0,0
BRDA:24,4,1,0
BRDA:24,4,2,0
BRDA:30,5,0,0
BRDA:30,5,1,0
BRDA:31,6,0,0
BRDA:31,6,1,0
BRDA:32,7,0,0
BRDA:32,7,1,0
BRDA:32,7,2,0
BRDA:33,8,0,0
BRDA:33,8,1,0
BRDA:33,8,2,0
BRDA:34,9,0,0
BRDA:34,9,1,0
BRDA:35,10,0,0
BRDA:35,10,1,0
BRDA:36,11,0,0
BRDA:36,11,1,0
BRDA:37,12,0,0
BRDA:37,12,1,0
BRDA:51,13,0,0
BRDA:51,13,1,0
BRF:30
BRH:0
end_of_record
TN:
SF:services/companionService.js
FN:13,(anonymous_0)
FN:23,(anonymous_1)
FN:48,(anonymous_2)
FN:96,(anonymous_3)
FN:132,(anonymous_4)
FN:168,(anonymous_5)
FN:223,(anonymous_6)
FN:255,(anonymous_7)
FN:310,(anonymous_8)
FN:343,(anonymous_9)
FNF:10
FNH:9
FNDA:1,(anonymous_0)
FNDA:2,(anonymous_1)
FNDA:3,(anonymous_2)
FNDA:3,(anonymous_3)
FNDA:3,(anonymous_4)
FNDA:4,(anonymous_5)
FNDA:2,(anonymous_6)
FNDA:0,(anonymous_7)
FNDA:2,(anonymous_8)
FNDA:3,(anonymous_9)
DA:7,1
DA:8,1
DA:9,1
DA:10,1
DA:14,1
DA:24,2
DA:26,2
DA:39,2
DA:49,3
DA:54,3
DA:61,3
DA:62,1
DA:66,1
DA:70,2
DA:74,2
DA:80,2
DA:86,2
DA:97,3
DA:107,3
DA:108,1
DA:112,2
DA:113,1
DA:117,1
DA:120,2
DA:121,2
DA:123,2
DA:133,3
DA:135,3
DA:136,1
DA:140,2
DA:144,2
DA:145,1
DA:149,1
DA:154,1
DA:155,1
DA:157,1
DA:169,4
DA:176,4
DA:177,4
DA:178,2
DA:182,2
DA:183,2
DA:184,0
DA:188,2
DA:192,2
DA:193,1
DA:194,1
DA:198,1
DA:207,1
DA:213,1
DA:224,2
DA:231,2
DA:232,2
DA:233,0
DA:236,2
DA:240,2
DA:241,1
DA:242,1
DA:245,1
DA:246,1
DA:256,0
DA:259,0
DA:260,0
DA:261,0
DA:265,0
DA:266,0
DA:277,0
DA:278,0
DA:282,0
DA:300,0
DA:311,2
DA:313,2
DA:315,2
DA:334,2
DA:344,3
DA:349,3
DA:350,3
DA:351,1
DA:354,2
DA:355,2
DA:356,1
DA:360,1
DA:362,1
DA:367,1
DA:371,1
LF:85
LH:73
BRDA:23,0,0,2
BRDA:61,1,0,1
BRDA:61,1,1,2
BRDA:77,2,0,2
BRDA:77,2,1,1
BRDA:107,3,0,1
BRDA:107,3,1,2
BRDA:112,4,0,1
BRDA:112,4,1,1
BRDA:112,5,0,2
BRDA:112,5,1,1
BRDA:117,6,0,1
BRDA:117,6,1,0
BRDA:135,7,0,1
BRDA:135,7,1,2
BRDA:144,8,0,1
BRDA:144,8,1,1
BRDA:168,9,0,4
BRDA:177,10,0,2
BRDA:177,10,1,2
BRDA:177,11,0,4
BRDA:177,11,1,3
BRDA:183,12,0,0
BRDA:183,12,1,2
BRDA:192,13,0,1
BRDA:192,13,1,1
BRDA:202,14,0,0
BRDA:202,14,1,1
BRDA:232,15,0,0
BRDA:232,15,1,2
BRDA:232,16,0,2
BRDA:232,16,1,2
BRDA:240,17,0,1
BRDA:240,17,1,1
BRDA:260,18,0,0
BRDA:260,18,1,0
BRDA:277,19,0,0
BRDA:277,19,1,0
BRDA:277,20,0,0
BRDA:277,20,1,0
BRDA:310,21,0,2
BRDA:350,22,0,1
BRDA:350,22,1,2
BRDA:355,23,0,1
BRDA:355,23,1,1
BRF:45
BRH:35
end_of_record
TN:
SF:services/geocodingService.js
FN:15,geocodeLocation
FN:36,(anonymous_1)
FN:85,clearCache
FN:93,getCacheSize
FN:103,reverseGeocode
FN:118,(anonymous_5)
FN:164,inferTimezone
FN:185,getTimezoneForCountry
FNF:8
FNH:0
FNDA:0,geocodeLocation
FNDA:0,(anonymous_1)
FNDA:0,clearCache
FNDA:0,getCacheSize
FNDA:0,reverseGeocode
FNDA:0,(anonymous_5)
FNDA:0,inferTimezone
FNDA:0,getTimezoneForCountry
DA:1,0
DA:4,0
DA:7,0
DA:8,0
DA:16,0
DA:17,0
DA:20,0
DA:21,0
DA:22,0
DA:26,0
DA:27,0
DA:28,0
DA:31,0
DA:33,0
DA:34,0
DA:35,0
DA:36,0
DA:37,0
DA:40,0
DA:42,0
DA:45,0
DA:57,0
DA:58,0
DA:59,0
DA:65,0
DA:67,0
DA:68,0
DA:70,0
DA:72,0
DA:73,0
DA:76,0
DA:78,0
DA:86,0
DA:87,0
DA:94,0
DA:104,0
DA:105,0
DA:108,0
DA:109,0
DA:110,0
DA:113,0
DA:115,0
DA:116,0
DA:117,0
DA:118,0
DA:119,0
DA:122,0
DA:124,0
DA:127,0
DA:139,0
DA:140,0
DA:141,0
DA:146,0
DA:147,0
DA:150,0
DA:152,0
DA:153,0
DA:165,0
DA:166,0
DA:169,0
DA:170,0
DA:171,0
DA:173,0
DA:174,0
DA:187,0
DA:247,0
DA:248,0
DA:252,0
DA:253,0
DA:254,0
DA:255,0
DA:256,0
DA:257,0
DA:261,0
DA:264,0
LF:75
LH:0
BRDA:16,0,0,0
BRDA:16,0,1,0
BRDA:16,1,0,0
BRDA:16,1,1,0
BRDA:21,2,0,0
BRDA:21,2,1,0
BRDA:26,3,0,0
BRDA:26,3,1,0
BRDA:35,4,0,0
BRDA:35,4,1,0
BRDA:57,5,0,0
BRDA:57,5,1,0
BRDA:57,6,0,0
BRDA:57,6,1,0
BRDA:104,7,0,0
BRDA:104,7,1,0
BRDA:104,8,0,0
BRDA:104,8,1,0
BRDA:109,9,0,0
BRDA:109,9,1,0
BRDA:117,10,0,0
BRDA:117,10,1,0
BRDA:139,11,0,0
BRDA:139,11,1,0
BRDA:139,12,0,0
BRDA:139,12,1,0
BRDA:165,13,0,0
BRDA:165,13,1,0
BRDA:165,14,0,0
BRDA:165,14,1,0
BRDA:171,15,0,0
BRDA:171,15,1,0
BRDA:247,16,0,0
BRDA:247,16,1,0
BRDA:247,17,0,0
BRDA:247,17,1,0
BRDA:252,18,0,0
BRDA:252,18,1,0
BRDA:254,19,0,0
BRDA:254,19,1,0
BRDA:254,20,0,0
BRDA:254,20,1,0
BRDA:256,21,0,0
BRDA:256,21,1,0
BRF:44
BRH:0
end_of_record
TN:
SF:services/notificationService.js
FN:16,createNotification
FN:50,createNotifications
FN:55,(anonymous_2)
FNF:3
FNH:0
FNDA:0,createNotification
FNDA:0,createNotifications
FNDA:0,(anonymous_2)
DA:7,0
DA:8,0
DA:9,0
DA:17,0
DA:18,0
DA:21,0
DA:32,0
DA:38,0
DA:40,0
DA:41,0
DA:51,0
DA:52,0
DA:55,0
DA:56,0
DA:57,0
DA:69,0
DA:73,0
DA:75,0
DA:76,0
DA:80,0
LF:20
LH:0
BRF:0
BRH:0
end_of_record
TN:
SF:services/socketService.js
FN:19,initialize
FN:22,(anonymous_1)
FN:44,(anonymous_2)
FN:49,(anonymous_3)
FN:53,(anonymous_4)
FN:58,(anonymous_5)
FN:74,(anonymous_6)
FN:89,(anonymous_7)
FN:102,(anonymous_8)
FN:111,(anonymous_9)
FN:127,emitNotification
FN:148,emitNotificationUpdate
FN:167,emitNotificationDeleted
FN:183,emitTripUpdate
FN:194,getIO
FN:203,getUserSocket
FN:212,isUserConnected
FNF:17
FNH:0
FNDA:0,initialize
FNDA:0,(anonymous_1)
FNDA:0,(anonymous_2)
FNDA:0,(anonymous_3)
FNDA:0,(anonymous_4)
FNDA:0,(anonymous_5)
FNDA:0,(anonymous_6)
FNDA:0,(anonymous_7)
FNDA:0,(anonymous_8)
FNDA:0,(anonymous_9)
FNDA:0,emitNotification
FNDA:0,emitNotificationUpdate
FNDA:0,emitNotificationDeleted
FNDA:0,emitTripUpdate
FNDA:0,getIO
FNDA:0,getUserSocket
FNDA:0,isUserConnected
DA:7,0
DA:8,0
DA:10,0
DA:11,0
DA:20,0
DA:24,0
DA:27,0
DA:28,0
DA:44,0
DA:45,0
DA:49,0
DA:50,0
DA:53,0
DA:54,0
DA:58,0
DA:59,0
DA:62,0
DA:63,0
DA:64,0
DA:65,0
DA:68,0
DA:69,0
DA:74,0
DA:75,0
DA:81,0
DA:82,0
DA:85,0
DA:89,0
DA:90,0
DA:96,0
DA:97,0
DA:102,0
DA:103,0
DA:111,0
DA:112,0
DA:113,0
DA:118,0
DA:119,0
DA:128,0
DA:129,0
DA:130,0
DA:133,0
DA:135,0
DA:149,0
DA:150,0
DA:151,0
DA:154,0
DA:159,0
DA:168,0
DA:169,0
DA:170,0
DA:173,0
DA:175,0
DA:184,0
DA:186,0
DA:187,0
DA:195,0
DA:204,0
DA:213,0
DA:216,0
LF:60
LH:0
BRDA:24,0,0,0
BRDA:24,0,1,0
BRDA:27,1,0,0
BRDA:27,1,1,0
BRDA:62,2,0,0
BRDA:62,2,1,0
BRDA:81,3,0,0
BRDA:81,3,1,0
BRDA:96,4,0,0
BRDA:96,4,1,0
BRDA:112,5,0,0
BRDA:112,5,1,0
BRDA:128,6,0,0
BRDA:128,6,1,0
BRDA:149,7,0,0
BRDA:149,7,1,0
BRDA:168,8,0,0
BRDA:168,8,1,0
BRDA:184,9,0,0
BRDA:184,9,1,0
BRDA:204,10,0,0
BRDA:204,10,1,0
BRF:22
BRH:0
end_of_record
TN:
SF:services/tripService.js
FN:24,(anonymous_0)
FN:32,(anonymous_1)
FN:71,(anonymous_2)
FN:170,(anonymous_3)
FN:200,(anonymous_4)
FN:212,(anonymous_5)
FN:228,(anonymous_6)
FN:247,(anonymous_7)
FN:266,(anonymous_8)
FN:294,(anonymous_9)
FN:324,(anonymous_10)
FNF:11
FNH:11
FNDA:3,(anonymous_0)
FNDA:7,(anonymous_1)
FNDA:3,(anonymous_2)
FNDA:4,(anonymous_3)
FNDA:4,(anonymous_4)
FNDA:1,(anonymous_5)
FNDA:1,(anonymous_6)
FNDA:3,(anonymous_7)
FNDA:3,(anonymous_8)
FNDA:1,(anonymous_9)
FNDA:2,(anonymous_10)
DA:7,3
DA:8,3
DA:20,3
DA:21,3
DA:25,3
DA:34,7
DA:36,7
DA:72,3
DA:74,3
DA:75,3
DA:78,3
DA:79,3
DA:81,3
DA:82,2
DA:83,2
DA:84,1
DA:85,1
DA:86,1
DA:89,3
DA:92,3
DA:98,3
DA:99,1
DA:100,1
DA:103,3
DA:106,3
DA:107,3
DA:108,1
DA:114,3
DA:142,3
DA:143,3
DA:144,3
DA:148,3
DA:156,3
DA:171,4
DA:173,4
DA:182,4
DA:191,4
DA:201,4
DA:205,4
DA:206,1
DA:207,1
DA:211,3
DA:212,3
DA:214,3
DA:215,1
DA:216,1
DA:219,2
DA:229,1
DA:234,1
DA:235,1
DA:237,1
DA:248,3
DA:250,3
DA:251,2
DA:254,1
DA:255,1
DA:257,1
DA:267,3
DA:269,3
DA:270,2
DA:274,1
DA:279,1
DA:283,1
DA:284,1
DA:286,1
DA:295,1
DA:296,1
DA:298,1
DA:309,1
DA:325,2
DA:327,2
DA:329,2
DA:341,2
DA:345,3
LF:74
LH:74
BRDA:71,0,0,1
BRDA:72,1,0,1
BRDA:72,2,0,2
BRDA:72,3,0,2
BRDA:81,4,0,2
BRDA:81,4,1,1
BRDA:84,5,0,1
BRDA:84,5,1,0
BRDA:98,6,0,1
BRDA:98,6,1,2
BRDA:107,7,0,1
BRDA:107,7,1,2
BRDA:143,8,0,3
BRDA:143,8,1,0
BRDA:150,9,0,1
BRDA:150,9,1,2
BRDA:152,10,0,3
BRDA:152,10,1,1
BRDA:153,11,0,3
BRDA:153,11,1,1
BRDA:170,12,0,1
BRDA:177,13,0,4
BRDA:177,13,1,2
BRDA:186,14,0,4
BRDA:186,14,1,2
BRDA:205,15,0,1
BRDA:205,15,1,3
BRDA:214,16,0,1
BRDA:214,16,1,2
BRDA:214,17,0,3
BRDA:214,17,1,2
BRDA:250,18,0,2
BRDA:250,18,1,1
BRDA:269,19,0,2
BRDA:269,19,1,1
BRDA:324,20,0,1
BRF:36
BRH:34
end_of_record
TN:
SF:services/voucherService.js
FN:13,(anonymous_0)
FN:23,(anonymous_1)
FN:69,(anonymous_2)
FN:124,(anonymous_3)
FN:164,(anonymous_4)
FN:199,(anonymous_5)
FN:247,(anonymous_6)
FN:287,(anonymous_7)
FN:340,(anonymous_8)
FN:367,(anonymous_9)
FN:398,(anonymous_10)
FNF:11
FNH:11
FNDA:1,(anonymous_0)
FNDA:3,(anonymous_1)
FNDA:5,(anonymous_2)
FNDA:3,(anonymous_3)
FNDA:3,(anonymous_4)
FNDA:3,(anonymous_5)
FNDA:3,(anonymous_6)
FNDA:3,(anonymous_7)
FNDA:2,(anonymous_8)
FNDA:2,(anonymous_9)
FNDA:2,(anonymous_10)
DA:7,1
DA:8,1
DA:9,1
DA:10,1
DA:14,1
DA:24,3
DA:26,3
DA:29,3
DA:30,1
DA:33,3
DA:34,0
DA:37,3
DA:38,0
DA:42,3
DA:43,1
DA:46,3
DA:60,3
DA:70,5
DA:76,5
DA:80,5
DA:81,1
DA:84,1
DA:88,4
DA:89,4
DA:90,2
DA:91,1
DA:92,1
DA:93,1
DA:98,4
DA:99,1
DA:102,4
DA:109,4
DA:114,4
DA:125,3
DA:134,3
DA:135,1
DA:139,2
DA:140,2
DA:141,2
DA:143,2
DA:144,1
DA:145,1
DA:146,1
DA:148,0
DA:152,2
DA:153,2
DA:155,2
DA:165,3
DA:167,3
DA:168,1
DA:172,2
DA:176,2
DA:177,1
DA:184,2
DA:185,2
DA:187,2
DA:200,3
DA:208,3
DA:209,3
DA:210,1
DA:214,2
DA:215,2
DA:216,1
DA:220,1
DA:229,1
DA:230,1
DA:232,1
DA:238,1
DA:248,3
DA:249,3
DA:250,1
DA:253,2
DA:256,2
DA:257,2
DA:258,2
DA:260,2
DA:261,0
DA:262,2
DA:263,2
DA:265,0
DA:269,2
DA:271,2
DA:277,2
DA:288,3
DA:290,3
DA:292,3
DA:293,0
DA:296,3
DA:298,3
DA:299,1
DA:302,2
DA:303,1
DA:307,1
DA:323,1
DA:325,1
DA:331,1
DA:341,2
DA:342,2
DA:344,2
DA:346,2
DA:357,2
DA:368,2
DA:370,2
DA:372,2
DA:390,2
DA:399,2
DA:413,2
DA:424,1
LF:108
LH:102
BRDA:23,0,0,1
BRDA:29,1,0,1
BRDA:29,1,1,2
BRDA:33,2,0,0
BRDA:33,2,1,3
BRDA:37,3,0,0
BRDA:37,3,1,3
BRDA:42,4,0,1
BRDA:42,4,1,2
BRDA:80,5,0,1
BRDA:80,5,1,4
BRDA:89,6,0,2
BRDA:89,6,1,2
BRDA:89,7,0,4
BRDA:89,7,1,2
BRDA:90,8,0,1
BRDA:90,8,1,1
BRDA:92,9,0,1
BRDA:92,9,1,0
BRDA:98,10,0,1
BRDA:98,10,1,3
BRDA:98,11,0,4
BRDA:98,11,1,4
BRDA:106,12,0,4
BRDA:106,12,1,2
BRDA:134,13,0,1
BRDA:134,13,1,2
BRDA:139,14,0,2
BRDA:139,14,1,0
BRDA:139,15,0,2
BRDA:139,15,1,2
BRDA:143,16,0,1
BRDA:143,16,1,1
BRDA:145,17,0,1
BRDA:145,17,1,0
BRDA:167,18,0,1
BRDA:167,18,1,2
BRDA:176,19,0,1
BRDA:176,19,1,1
BRDA:209,20,0,1
BRDA:209,20,1,2
BRDA:215,21,0,1
BRDA:215,21,1,1
BRDA:215,22,0,2
BRDA:215,22,1,2
BRDA:229,23,0,1
BRDA:229,23,1,1
BRDA:249,24,0,1
BRDA:249,24,1,2
BRDA:256,25,0,2
BRDA:256,25,1,0
BRDA:260,26,0,0
BRDA:260,26,1,2
BRDA:262,27,0,2
BRDA:262,27,1,0
BRDA:292,28,0,0
BRDA:292,28,1,3
BRDA:298,29,0,1
BRDA:298,29,1,2
BRDA:298,30,0,3
BRDA:298,30,1,2
BRDA:302,31,0,1
BRDA:302,31,1,1
BRDA:302,32,0,2
BRDA:302,32,1,1
BRDA:340,33,0,0
BRDA:367,34,0,2
BRDA:419,35,0,2
BRDA:419,35,1,1
BRF:69
BRH:59
end_of_record
TN:
SF:utils/apiResponse.js
FN:16,success
FN:33,error
FN:52,paginated
FN:76,created
FN:84,noContent
FN:94,badRequest
FN:103,unauthorized
FN:112,forbidden
FN:121,notFound
FN:131,internalError
FNF:10
FNH:7
FNDA:8,success
FNDA:6,error
FNDA:1,paginated
FNDA:1,created
FNDA:1,noContent
FNDA:3,badRequest
FNDA:0,unauthorized
FNDA:0,forbidden
FNDA:3,notFound
FNDA:0,internalError
DA:7,2
DA:17,8
DA:23,8
DA:34,6
DA:40,6
DA:42,6
DA:53,1
DA:67,1
DA:77,1
DA:85,1
DA:95,3
DA:104,0
DA:113,0
DA:122,3
DA:132,0
DA:133,0
DA:139,0
DA:142,2
LF:18
LH:13
BRDA:16,0,0,0
BRDA:16,1,0,0
BRDA:16,2,0,7
BRDA:33,3,0,0
BRDA:33,4,0,0
BRDA:33,5,0,3
BRDA:37,6,0,6
BRDA:37,6,1,0
BRDA:52,7,0,0
BRDA:59,8,0,1
BRDA:59,8,1,1
BRDA:76,9,0,0
BRDA:94,10,0,0
BRDA:94,11,0,3
BRDA:103,12,0,0
BRDA:112,13,0,0
BRDA:121,14,0,0
BRDA:131,15,0,0
BRDA:131,16,0,0
BRDA:132,17,0,0
BRDA:132,17,1,0
BRF:21
BRH:6
end_of_record
TN:
SF:utils/dateFormatter.js
FN:15,formatDate
FN:32,formatTime
FN:48,formatDateTime
FN:58,getAirportCode
FN:68,getFlightNum
FN:78,getCityName
FN:95,calculateLayoverDuration
FN:118,formatLayoverDisplay
FN:129,calculateLayover
FN:147,getLayoverText
FNF:10
FNH:0
FNDA:0,formatDate
FNDA:0,formatTime
FNDA:0,formatDateTime
FNDA:0,getAirportCode
FNDA:0,getFlightNum
FNDA:0,getCityName
FNDA:0,calculateLayoverDuration
FNDA:0,formatLayoverDisplay
FNDA:0,calculateLayover
FNDA:0,getLayoverText
DA:8,0
DA:16,0
DA:17,0
DA:18,0
DA:20,0
DA:21,0
DA:22,0
DA:24,0
DA:33,0
DA:34,0
DA:35,0
DA:37,0
DA:38,0
DA:40,0
DA:49,0
DA:50,0
DA:59,0
DA:60,0
DA:69,0
DA:70,0
DA:79,0
DA:80,0
DA:81,0
DA:82,0
DA:84,0
DA:86,0
DA:96,0
DA:98,0
DA:99,0
DA:100,0
DA:101,0
DA:104,0
DA:106,0
DA:107,0
DA:109,0
DA:119,0
DA:120,0
DA:121,0
DA:122,0
DA:130,0
DA:132,0
DA:133,0
DA:135,0
DA:136,0
DA:138,0
DA:148,0
DA:149,0
DA:150,0
DA:151,0
DA:154,0
LF:50
LH:0
BRDA:16,0,0,0
BRDA:16,0,1,0
BRDA:18,1,0,0
BRDA:18,1,1,0
BRDA:33,2,0,0
BRDA:33,2,1,0
BRDA:35,3,0,0
BRDA:35,3,1,0
BRDA:49,4,0,0
BRDA:49,4,1,0
BRDA:59,5,0,0
BRDA:59,5,1,0
BRDA:60,6,0,0
BRDA:60,6,1,0
BRDA:70,7,0,0
BRDA:70,7,1,0
BRDA:79,8,0,0
BRDA:79,8,1,0
BRDA:81,9,0,0
BRDA:81,9,1,0
BRDA:81,10,0,0
BRDA:81,10,1,0
BRDA:86,11,0,0
BRDA:86,11,1,0
BRDA:96,12,0,0
BRDA:96,12,1,0
BRDA:96,13,0,0
BRDA:96,13,1,0
BRDA:104,14,0,0
BRDA:104,14,1,0
BRDA:104,15,0,0
BRDA:104,15,1,0
BRDA:119,16,0,0
BRDA:119,16,1,0
BRDA:121,17,0,0
BRDA:121,17,1,0
BRDA:130,18,0,0
BRDA:130,18,1,0
BRDA:130,19,0,0
BRDA:130,19,1,0
BRDA:133,20,0,0
BRDA:133,20,1,0
BRDA:136,21,0,0
BRDA:136,21,1,0
BRDA:148,22,0,0
BRDA:148,22,1,0
BRDA:150,23,0,0
BRDA:150,23,1,0
BRF:48
BRH:0
end_of_record
TN:
SF:utils/itemCompanionHelper.js
FN:6,(anonymous_0)
FN:17,(anonymous_1)
FN:29,(anonymous_2)
FN:40,(anonymous_3)
FN:53,(anonymous_4)
FN:61,(anonymous_5)
FN:66,(anonymous_6)
FN:86,(anonymous_7)
FN:93,(anonymous_8)
FN:95,(anonymous_9)
FN:124,(anonymous_10)
FN:130,(anonymous_11)
FN:139,(anonymous_12)
FN:176,(anonymous_13)
FN:185,(anonymous_14)
FN:187,(anonymous_15)
FN:194,(anonymous_16)
FN:209,(anonymous_17)
FN:220,(anonymous_18)
FN:231,(anonymous_19)
FN:242,(anonymous_20)
FN:253,(anonymous_21)
FNF:22
FNH:0
FNDA:0,(anonymous_0)
FNDA:0,(anonymous_1)
FNDA:0,(anonymous_2)
FNDA:0,(anonymous_3)
FNDA:0,(anonymous_4)
FNDA:0,(anonymous_5)
FNDA:0,(anonymous_6)
FNDA:0,(anonymous_7)
FNDA:0,(anonymous_8)
FNDA:0,(anonymous_9)
FNDA:0,(anonymous_10)
FNDA:0,(anonymous_11)
FNDA:0,(anonymous_12)
FNDA:0,(anonymous_13)
FNDA:0,(anonymous_14)
FNDA:0,(anonymous_15)
FNDA:0,(anonymous_16)
FNDA:0,(anonymous_17)
FNDA:0,(anonymous_18)
FNDA:0,(anonymous_19)
FNDA:0,(anonymous_20)
FNDA:0,(anonymous_21)
DA:1,0
DA:6,0
DA:7,0
DA:17,0
DA:29,0
DA:30,0
DA:40,0
DA:53,0
DA:54,0
DA:55,0
DA:58,0
DA:61,0
DA:62,0
DA:66,0
DA:67,0
DA:69,0
DA:70,0
DA:76,0
DA:80,0
DA:86,0
DA:87,0
DA:89,0
DA:93,0
DA:95,0
DA:104,0
DA:106,0
DA:107,0
DA:110,0
DA:112,0
DA:124,0
DA:126,0
DA:130,0
DA:133,0
DA:139,0
DA:142,0
DA:145,0
DA:146,0
DA:147,0
DA:154,0
DA:155,0
DA:159,0
DA:160,0
DA:161,0
DA:176,0
DA:177,0
DA:185,0
DA:186,0
DA:187,0
DA:194,0
DA:195,0
DA:198,0
DA:207,0
DA:209,0
DA:210,0
DA:220,0
DA:221,0
DA:231,0
DA:232,0
DA:242,0
DA:243,0
DA:253,0
DA:254,0
DA:264,0
DA:265,0
LF:64
LH:0
BRDA:54,0,0,0
BRDA:54,0,1,0
BRDA:67,1,0,0
BRDA:67,1,1,0
BRDA:106,2,0,0
BRDA:106,2,1,0
BRDA:133,3,0,0
BRDA:133,3,1,0
BRDA:146,4,0,0
BRDA:146,4,1,0
BRDA:159,5,0,0
BRDA:159,5,1,0
BRDA:187,6,0,0
BRDA:187,6,1,0
BRDA:264,7,0,0
BRDA:264,7,1,0
BRF:16
BRH:0
end_of_record
TN:
SF:utils/logger.js
FN:24,(anonymous_0)
FN:68,(anonymous_1)
FNF:2
FNH:0
FNDA:0,(anonymous_0)
FNDA:0,(anonymous_1)
DA:1,0
DA:2,0
DA:3,0
DA:4,0
DA:7,0
DA:8,0
DA:9,0
DA:13,0
DA:21,0
DA:25,0
DA:26,0
DA:27,0
DA:29,0
DA:34,0
DA:58,0
DA:59,0
DA:67,0
DA:69,0
DA:73,0
LF:19
LH:0
BRDA:8,0,0,0
BRDA:8,0,1,0
BRDA:26,1,0,0
BRDA:26,1,1,0
BRDA:35,2,0,0
BRDA:35,2,1,0
BRDA:58,3,0,0
BRDA:58,3,1,0
BRF:8
BRH:0
end_of_record
TN:
SF:utils/timezoneHelper.js
FN:21,localToUTC
FN:60,utcToLocal
FN:93,formatInTimezone
FNF:3
FNH:0
FNDA:0,localToUTC
FNDA:0,utcToLocal
FNDA:0,formatInTimezone
DA:7,0
DA:22,0
DA:24,0
DA:26,0
DA:28,0
DA:33,0
DA:35,0
DA:36,0
DA:37,0
DA:40,0
DA:43,0
DA:45,0
DA:61,0
DA:63,0
DA:64,0
DA:66,0
DA:67,0
DA:68,0
DA:72,0
DA:73,0
DA:77,0
DA:80,0
DA:81,0
DA:94,0
DA:96,0
DA:97,0
DA:99,0
DA:100,0
DA:103,0
DA:104,0
DA:107,0
DA:110,0
DA:111,0
DA:115,0
LF:34
LH:0
BRDA:22,0,0,0
BRDA:22,0,1,0
BRDA:26,1,0,0
BRDA:26,1,1,0
BRDA:35,2,0,0
BRDA:35,2,1,0
BRDA:61,3,0,0
BRDA:61,3,1,0
BRDA:66,4,0,0
BRDA:66,4,1,0
BRDA:72,5,0,0
BRDA:72,5,1,0
BRDA:93,6,0,0
BRDA:94,7,0,0
BRDA:94,7,1,0
BRDA:99,8,0,0
BRDA:99,8,1,0
BRDA:103,9,0,0
BRDA:103,9,1,0
BRF:19
BRH:0
end_of_record
